-- The C compiler identification is GNU 13.3.0
-- The CXX compiler identification is GNU 13.3.0
-- Detecting C compiler ABI info
-- Detecting C compiler ABI info - done
-- Check for working C compiler: /usr/bin/cc - skipped
-- Detecting C compile features
-- Detecting C compile features - done
-- Detecting CXX compiler ABI info
-- Detecting CXX compiler ABI info - done
-- Check for working CXX compiler: /usr/bin/c++ - skipped
-- Detecting CXX compile features
-- Detecting CXX compile features - done
-- Found ament_cmake: 2.5.4 (/opt/ros/jazzy/share/ament_cmake/cmake)
-- Found Python3: /usr/bin/python3 (found version "3.12.3") found components: Interpreter 
-- Override CMake install command with custom implementation using symlinks instead of copying resources
-- Found geometry_msgs: 5.3.6 (/opt/ros/jazzy/share/geometry_msgs/cmake)
-- Found rosidl_generator_c: 4.6.5 (/opt/ros/jazzy/share/rosidl_generator_c/cmake)
-- Found rosidl_generator_cpp: 4.6.5 (/opt/ros/jazzy/share/rosidl_generator_cpp/cmake)
-- Using all available rosidl_typesupport_c: rosidl_typesupport_fastrtps_c;rosidl_typesupport_introspection_c
-- Using all available rosidl_typesupport_cpp: rosidl_typesupport_fastrtps_cpp;rosidl_typesupport_introspection_cpp
-- Found rosidl_default_generators: 1.6.0 (/opt/ros/jazzy/share/rosidl_default_generators/cmake)
-- Found rosidl_adapter: 4.6.5 (/opt/ros/jazzy/share/rosidl_adapter/cmake)
-- Found ament_cmake_ros: 0.12.0 (/opt/ros/jazzy/share/ament_cmake_ros/cmake)
-- Using all available rosidl_typesupport_c: rosidl_typesupport_fastrtps_c;rosidl_typesupport_introspection_c
-- Using all available rosidl_typesupport_cpp: rosidl_typesupport_fastrtps_cpp;rosidl_typesupport_introspection_cpp
-- Found python_cmake_module: 0.11.1 (/opt/ros/jazzy/share/python_cmake_module/cmake)
-- Found PythonExtra: /usr/bin/python3  
-- Found Python3: /usr/bin/python3 (found version "3.12.3") found components: Interpreter Development NumPy Development.Module Development.Embed 
-- Found ament_lint_auto: 0.17.2 (/opt/ros/jazzy/share/ament_lint_auto/cmake)
-- Added test 'lint_cmake' to check CMake code style
-- Added test 'xmllint' to check XML markup files
-- Configuring done (3.8s)
-- Generating done (0.1s)
-- Build files have been written to: /home/bilhr2025/BILHR_SS25_DC/Tut2/template/ainex_bilhr_ws/build/servo_service
[  1%] [34m[1mGenerating type hashes for ROS interfaces[0m
[  1%] Built target ament_cmake_python_symlink_servo_service
running egg_info
creating servo_service.egg-info
writing servo_service.egg-info/PKG-INFO
writing dependency_links to servo_service.egg-info/dependency_links.txt
writing top-level names to servo_service.egg-info/top_level.txt
writing manifest file 'servo_service.egg-info/SOURCES.txt'
[  1%] Built target servo_service__rosidl_generator_type_description
[  2%] [34m[1mGenerating C code for ROS interfaces[0m
[  2%] [34m[1mGenerating C++ code for ROS interfaces[0m
reading manifest file 'servo_service.egg-info/SOURCES.txt'
writing manifest file 'servo_service.egg-info/SOURCES.txt'
[  2%] Built target ament_cmake_python_build_servo_service_egg
[  2%] Built target servo_service__cpp
[  3%] [32mBuilding C object CMakeFiles/servo_service__rosidl_generator_c.dir/rosidl_generator_c/servo_service/msg/detail/change_servo_positions__description.c.o[0m
[  5%] [32mBuilding C object CMakeFiles/servo_service__rosidl_generator_c.dir/rosidl_generator_c/servo_service/msg/detail/set_servo_positions__description.c.o[0m
[  5%] [32mBuilding C object CMakeFiles/servo_service__rosidl_generator_c.dir/rosidl_generator_c/servo_service/msg/detail/change_servo_positions__type_support.c.o[0m
[  6%] [32mBuilding C object CMakeFiles/servo_service__rosidl_generator_c.dir/rosidl_generator_c/servo_service/msg/detail/set_servo_positions__type_support.c.o[0m
[  5%] [32mBuilding C object CMakeFiles/servo_service__rosidl_generator_c.dir/rosidl_generator_c/servo_service/msg/detail/change_servo_positions__functions.c.o[0m
[  7%] [32mBuilding C object CMakeFiles/servo_service__rosidl_generator_c.dir/rosidl_generator_c/servo_service/msg/detail/set_joint_lock__description.c.o[0m
[  7%] [32mBuilding C object CMakeFiles/servo_service__rosidl_generator_c.dir/rosidl_generator_c/servo_service/msg/detail/set_servo_positions__functions.c.o[0m
[  8%] [32mBuilding C object CMakeFiles/servo_service__rosidl_generator_c.dir/rosidl_generator_c/servo_service/msg/detail/set_joint_lock__functions.c.o[0m
[  8%] [32mBuilding C object CMakeFiles/servo_service__rosidl_generator_c.dir/rosidl_generator_c/servo_service/msg/detail/set_joint_lock__type_support.c.o[0m
[  9%] [32mBuilding C object CMakeFiles/servo_service__rosidl_generator_c.dir/rosidl_generator_c/servo_service/msg/detail/get_servo_positions__description.c.o[0m
[ 10%] [32mBuilding C object CMakeFiles/servo_service__rosidl_generator_c.dir/rosidl_generator_c/servo_service/msg/detail/get_servo_positions__functions.c.o[0m
[ 11%] [32mBuilding C object CMakeFiles/servo_service__rosidl_generator_c.dir/rosidl_generator_c/servo_service/msg/detail/get_servo_positions__type_support.c.o[0m
[ 11%] [32mBuilding C object CMakeFiles/servo_service__rosidl_generator_c.dir/rosidl_generator_c/servo_service/msg/detail/set_posture__description.c.o[0m
[ 12%] [32mBuilding C object CMakeFiles/servo_service__rosidl_generator_c.dir/rosidl_generator_c/servo_service/msg/detail/set_posture__functions.c.o[0m
[ 13%] [32mBuilding C object CMakeFiles/servo_service__rosidl_generator_c.dir/rosidl_generator_c/servo_service/msg/detail/set_posture__type_support.c.o[0m
[ 14%] [32mBuilding C object CMakeFiles/servo_service__rosidl_generator_c.dir/rosidl_generator_c/servo_service/srv/detail/joint_lock__description.c.o[0m
[ 14%] [32mBuilding C object CMakeFiles/servo_service__rosidl_generator_c.dir/rosidl_generator_c/servo_service/srv/detail/joint_lock__functions.c.o[0m
[ 15%] [32mBuilding C object CMakeFiles/servo_service__rosidl_generator_c.dir/rosidl_generator_c/servo_service/srv/detail/joint_lock__type_support.c.o[0m
[ 16%] [32mBuilding C object CMakeFiles/servo_service__rosidl_generator_c.dir/rosidl_generator_c/servo_service/srv/detail/servo_temp__description.c.o[0m
[ 17%] [32mBuilding C object CMakeFiles/servo_service__rosidl_generator_c.dir/rosidl_generator_c/servo_service/srv/detail/servo_temp__functions.c.o[0m
[ 17%] [32mBuilding C object CMakeFiles/servo_service__rosidl_generator_c.dir/rosidl_generator_c/servo_service/srv/detail/servo_temp__type_support.c.o[0m
[ 18%] [32mBuilding C object CMakeFiles/servo_service__rosidl_generator_c.dir/rosidl_generator_c/servo_service/srv/detail/servo_deviation__description.c.o[0m
[ 19%] [32mBuilding C object CMakeFiles/servo_service__rosidl_generator_c.dir/rosidl_generator_c/servo_service/srv/detail/servo_deviation__functions.c.o[0m
[ 20%] [32mBuilding C object CMakeFiles/servo_service__rosidl_generator_c.dir/rosidl_generator_c/servo_service/srv/detail/servo_deviation__type_support.c.o[0m
[ 20%] [32mBuilding C object CMakeFiles/servo_service__rosidl_generator_c.dir/rosidl_generator_c/servo_service/srv/detail/servo_voltage__description.c.o[0m
[ 21%] [32mBuilding C object CMakeFiles/servo_service__rosidl_generator_c.dir/rosidl_generator_c/servo_service/srv/detail/servo_voltage__functions.c.o[0m
[ 22%] [32mBuilding C object CMakeFiles/servo_service__rosidl_generator_c.dir/rosidl_generator_c/servo_service/srv/detail/servo_voltage__type_support.c.o[0m
[ 23%] [32mBuilding C object CMakeFiles/servo_service__rosidl_generator_c.dir/rosidl_generator_c/servo_service/srv/detail/joint_position__description.c.o[0m
[ 23%] [32mBuilding C object CMakeFiles/servo_service__rosidl_generator_c.dir/rosidl_generator_c/servo_service/srv/detail/joint_position__functions.c.o[0m
[ 24%] [32mBuilding C object CMakeFiles/servo_service__rosidl_generator_c.dir/rosidl_generator_c/servo_service/srv/detail/joint_position__type_support.c.o[0m
[ 25%] [32mBuilding C object CMakeFiles/servo_service__rosidl_generator_c.dir/rosidl_generator_c/servo_service/srv/detail/joint_range__description.c.o[0m
[ 26%] [32mBuilding C object CMakeFiles/servo_service__rosidl_generator_c.dir/rosidl_generator_c/servo_service/srv/detail/joint_range__functions.c.o[0m
[ 26%] [32mBuilding C object CMakeFiles/servo_service__rosidl_generator_c.dir/rosidl_generator_c/servo_service/srv/detail/joint_range__type_support.c.o[0m
[ 27%] [32m[1mLinking C shared library libservo_service__rosidl_generator_c.so[0m
[ 27%] Built target servo_service__rosidl_generator_c
[ 29%] [34m[1mGenerating C type support for eProsima Fast-RTPS[0m
[ 29%] [34m[1mGenerating C++ type support for eProsima Fast-RTPS[0m
[ 29%] [34m[1mGenerating C++ type support dispatch for ROS interfaces[0m
[ 30%] [34m[1mGenerating C introspection for ROS interfaces[0m
[ 30%] [34m[1mGenerating C type support dispatch for ROS interfaces[0m
[ 31%] [34m[1mGenerating C++ introspection for ROS interfaces[0m
[ 32%] [32mBuilding C object CMakeFiles/servo_service__rosidl_typesupport_introspection_c.dir/rosidl_typesupport_introspection_c/servo_service/msg/detail/change_servo_positions__type_support.c.o[0m
[ 33%] [32mBuilding C object CMakeFiles/servo_service__rosidl_typesupport_introspection_c.dir/rosidl_typesupport_introspection_c/servo_service/msg/detail/set_servo_positions__type_support.c.o[0m
[ 34%] [32mBuilding C object CMakeFiles/servo_service__rosidl_typesupport_introspection_c.dir/rosidl_typesupport_introspection_c/servo_service/msg/detail/set_joint_lock__type_support.c.o[0m
[ 34%] [32mBuilding CXX object CMakeFiles/servo_service__rosidl_typesupport_c.dir/rosidl_typesupport_c/servo_service/msg/change_servo_positions__type_support.cpp.o[0m
[ 35%] [32mBuilding CXX object CMakeFiles/servo_service__rosidl_typesupport_cpp.dir/rosidl_typesupport_cpp/servo_service/msg/change_servo_positions__type_support.cpp.o[0m
[ 35%] [32mBuilding C object CMakeFiles/servo_service__rosidl_typesupport_introspection_c.dir/rosidl_typesupport_introspection_c/servo_service/msg/detail/get_servo_positions__type_support.c.o[0m
[ 36%] [32mBuilding C object CMakeFiles/servo_service__rosidl_typesupport_introspection_c.dir/rosidl_typesupport_introspection_c/servo_service/msg/detail/set_posture__type_support.c.o[0m
[ 37%] [32mBuilding C object CMakeFiles/servo_service__rosidl_typesupport_introspection_c.dir/rosidl_typesupport_introspection_c/servo_service/srv/detail/joint_lock__type_support.c.o[0m
[ 38%] [32mBuilding CXX object CMakeFiles/servo_service__rosidl_typesupport_c.dir/rosidl_typesupport_c/servo_service/msg/set_servo_positions__type_support.cpp.o[0m
[ 39%] [32mBuilding CXX object CMakeFiles/servo_service__rosidl_typesupport_cpp.dir/rosidl_typesupport_cpp/servo_service/msg/set_servo_positions__type_support.cpp.o[0m
[ 40%] [32mBuilding C object CMakeFiles/servo_service__rosidl_typesupport_introspection_c.dir/rosidl_typesupport_introspection_c/servo_service/srv/detail/servo_temp__type_support.c.o[0m
[ 40%] [32mBuilding C object CMakeFiles/servo_service__rosidl_typesupport_introspection_c.dir/rosidl_typesupport_introspection_c/servo_service/srv/detail/servo_deviation__type_support.c.o[0m
[ 41%] [32mBuilding CXX object CMakeFiles/servo_service__rosidl_typesupport_c.dir/rosidl_typesupport_c/servo_service/msg/set_joint_lock__type_support.cpp.o[0m
[ 42%] [32mBuilding C object CMakeFiles/servo_service__rosidl_typesupport_introspection_c.dir/rosidl_typesupport_introspection_c/servo_service/srv/detail/servo_voltage__type_support.c.o[0m
[ 43%] [32mBuilding CXX object CMakeFiles/servo_service__rosidl_typesupport_c.dir/rosidl_typesupport_c/servo_service/msg/get_servo_positions__type_support.cpp.o[0m
[ 43%] [32mBuilding CXX object CMakeFiles/servo_service__rosidl_typesupport_c.dir/rosidl_typesupport_c/servo_service/msg/set_posture__type_support.cpp.o[0m
[ 44%] [32mBuilding CXX object CMakeFiles/servo_service__rosidl_typesupport_cpp.dir/rosidl_typesupport_cpp/servo_service/msg/set_joint_lock__type_support.cpp.o[0m
[ 45%] [32mBuilding C object CMakeFiles/servo_service__rosidl_typesupport_introspection_c.dir/rosidl_typesupport_introspection_c/servo_service/srv/detail/joint_position__type_support.c.o[0m
[ 46%] [32mBuilding CXX object CMakeFiles/servo_service__rosidl_typesupport_c.dir/rosidl_typesupport_c/servo_service/srv/joint_lock__type_support.cpp.o[0m
[ 48%] [32mBuilding CXX object CMakeFiles/servo_service__rosidl_typesupport_c.dir/rosidl_typesupport_c/servo_service/srv/servo_temp__type_support.cpp.o[0m
[ 48%] [32mBuilding C object CMakeFiles/servo_service__rosidl_typesupport_introspection_c.dir/rosidl_typesupport_introspection_c/servo_service/srv/detail/joint_range__type_support.c.o[0m
[ 49%] [32mBuilding CXX object CMakeFiles/servo_service__rosidl_typesupport_introspection_cpp.dir/rosidl_typesupport_introspection_cpp/servo_service/msg/detail/change_servo_positions__type_support.cpp.o[0m
[ 50%] [32mBuilding CXX object CMakeFiles/servo_service__rosidl_typesupport_c.dir/rosidl_typesupport_c/servo_service/srv/servo_deviation__type_support.cpp.o[0m
[ 50%] [32m[1mLinking C shared library libservo_service__rosidl_typesupport_introspection_c.so[0m
[ 50%] [32mBuilding CXX object CMakeFiles/servo_service__rosidl_typesupport_c.dir/rosidl_typesupport_c/servo_service/srv/servo_voltage__type_support.cpp.o[0m
[ 50%] Built target servo_service__rosidl_typesupport_introspection_c
[ 52%] [32mBuilding CXX object CMakeFiles/servo_service__rosidl_typesupport_introspection_cpp.dir/rosidl_typesupport_introspection_cpp/servo_service/msg/detail/set_servo_positions__type_support.cpp.o[0m
[ 52%] [32mBuilding CXX object CMakeFiles/servo_service__rosidl_typesupport_c.dir/rosidl_typesupport_c/servo_service/srv/joint_position__type_support.cpp.o[0m
[ 52%] [32mBuilding CXX object CMakeFiles/servo_service__rosidl_typesupport_introspection_cpp.dir/rosidl_typesupport_introspection_cpp/servo_service/msg/detail/set_joint_lock__type_support.cpp.o[0m
[ 53%] [32mBuilding CXX object CMakeFiles/servo_service__rosidl_typesupport_introspection_cpp.dir/rosidl_typesupport_introspection_cpp/servo_service/msg/detail/get_servo_positions__type_support.cpp.o[0m
[ 54%] [32mBuilding CXX object CMakeFiles/servo_service__rosidl_typesupport_c.dir/rosidl_typesupport_c/servo_service/srv/joint_range__type_support.cpp.o[0m
[ 54%] [32mBuilding CXX object CMakeFiles/servo_service__rosidl_typesupport_fastrtps_cpp.dir/rosidl_typesupport_fastrtps_cpp/servo_service/msg/detail/dds_fastrtps/change_servo_positions__type_support.cpp.o[0m
[ 55%] [32m[1mLinking CXX shared library libservo_service__rosidl_typesupport_c.so[0m
[ 55%] Built target servo_service__rosidl_typesupport_c
[ 55%] [32mBuilding CXX object CMakeFiles/servo_service__rosidl_typesupport_cpp.dir/rosidl_typesupport_cpp/servo_service/msg/get_servo_positions__type_support.cpp.o[0m
[ 56%] [32mBuilding CXX object CMakeFiles/servo_service__rosidl_typesupport_introspection_cpp.dir/rosidl_typesupport_introspection_cpp/servo_service/msg/detail/set_posture__type_support.cpp.o[0m
[ 57%] [32mBuilding CXX object CMakeFiles/servo_service__rosidl_typesupport_cpp.dir/rosidl_typesupport_cpp/servo_service/msg/set_posture__type_support.cpp.o[0m
[ 58%] [32mBuilding CXX object CMakeFiles/servo_service__rosidl_typesupport_fastrtps_cpp.dir/rosidl_typesupport_fastrtps_cpp/servo_service/msg/detail/dds_fastrtps/set_servo_positions__type_support.cpp.o[0m
[ 59%] [32mBuilding CXX object CMakeFiles/servo_service__rosidl_typesupport_fastrtps_c.dir/rosidl_typesupport_fastrtps_c/servo_service/msg/detail/change_servo_positions__type_support_c.cpp.o[0m
[ 59%] [32mBuilding CXX object CMakeFiles/servo_service__rosidl_typesupport_fastrtps_c.dir/rosidl_typesupport_fastrtps_c/servo_service/msg/detail/set_servo_positions__type_support_c.cpp.o[0m
[ 60%] [32mBuilding CXX object CMakeFiles/servo_service__rosidl_typesupport_fastrtps_cpp.dir/rosidl_typesupport_fastrtps_cpp/servo_service/msg/detail/dds_fastrtps/set_joint_lock__type_support.cpp.o[0m
[ 62%] [32mBuilding CXX object CMakeFiles/servo_service__rosidl_typesupport_introspection_cpp.dir/rosidl_typesupport_introspection_cpp/servo_service/srv/detail/joint_lock__type_support.cpp.o[0m
[ 62%] [32mBuilding CXX object CMakeFiles/servo_service__rosidl_typesupport_fastrtps_c.dir/rosidl_typesupport_fastrtps_c/servo_service/msg/detail/set_joint_lock__type_support_c.cpp.o[0m
[ 63%] [32mBuilding CXX object CMakeFiles/servo_service__rosidl_typesupport_fastrtps_c.dir/rosidl_typesupport_fastrtps_c/servo_service/msg/detail/get_servo_positions__type_support_c.cpp.o[0m
[ 64%] [32mBuilding CXX object CMakeFiles/servo_service__rosidl_typesupport_cpp.dir/rosidl_typesupport_cpp/servo_service/srv/joint_lock__type_support.cpp.o[0m
[ 64%] [32mBuilding CXX object CMakeFiles/servo_service__rosidl_typesupport_cpp.dir/rosidl_typesupport_cpp/servo_service/srv/servo_temp__type_support.cpp.o[0m
[ 65%] [32mBuilding CXX object CMakeFiles/servo_service__rosidl_typesupport_fastrtps_c.dir/rosidl_typesupport_fastrtps_c/servo_service/msg/detail/set_posture__type_support_c.cpp.o[0m
[ 66%] [32mBuilding CXX object CMakeFiles/servo_service__rosidl_typesupport_fastrtps_cpp.dir/rosidl_typesupport_fastrtps_cpp/servo_service/msg/detail/dds_fastrtps/get_servo_positions__type_support.cpp.o[0m
[ 67%] [32mBuilding CXX object CMakeFiles/servo_service__rosidl_typesupport_cpp.dir/rosidl_typesupport_cpp/servo_service/srv/servo_deviation__type_support.cpp.o[0m
[ 67%] [32mBuilding CXX object CMakeFiles/servo_service__rosidl_typesupport_introspection_cpp.dir/rosidl_typesupport_introspection_cpp/servo_service/srv/detail/servo_temp__type_support.cpp.o[0m
[ 68%] [32mBuilding CXX object CMakeFiles/servo_service__rosidl_typesupport_introspection_cpp.dir/rosidl_typesupport_introspection_cpp/servo_service/srv/detail/servo_deviation__type_support.cpp.o[0m
[ 68%] [32mBuilding CXX object CMakeFiles/servo_service__rosidl_typesupport_fastrtps_cpp.dir/rosidl_typesupport_fastrtps_cpp/servo_service/msg/detail/dds_fastrtps/set_posture__type_support.cpp.o[0m
[ 68%] [32mBuilding CXX object CMakeFiles/servo_service__rosidl_typesupport_fastrtps_c.dir/rosidl_typesupport_fastrtps_c/servo_service/srv/detail/joint_lock__type_support_c.cpp.o[0m
[ 69%] [32mBuilding CXX object CMakeFiles/servo_service__rosidl_typesupport_introspection_cpp.dir/rosidl_typesupport_introspection_cpp/servo_service/srv/detail/servo_voltage__type_support.cpp.o[0m
[ 70%] [32mBuilding CXX object CMakeFiles/servo_service__rosidl_typesupport_introspection_cpp.dir/rosidl_typesupport_introspection_cpp/servo_service/srv/detail/joint_position__type_support.cpp.o[0m
[ 71%] [32mBuilding CXX object CMakeFiles/servo_service__rosidl_typesupport_cpp.dir/rosidl_typesupport_cpp/servo_service/srv/servo_voltage__type_support.cpp.o[0m
[ 72%] [32mBuilding CXX object CMakeFiles/servo_service__rosidl_typesupport_fastrtps_c.dir/rosidl_typesupport_fastrtps_c/servo_service/srv/detail/servo_temp__type_support_c.cpp.o[0m
[ 72%] [32mBuilding CXX object CMakeFiles/servo_service__rosidl_typesupport_introspection_cpp.dir/rosidl_typesupport_introspection_cpp/servo_service/srv/detail/joint_range__type_support.cpp.o[0m
[ 73%] [32mBuilding CXX object CMakeFiles/servo_service__rosidl_typesupport_cpp.dir/rosidl_typesupport_cpp/servo_service/srv/joint_position__type_support.cpp.o[0m
[ 74%] [32mBuilding CXX object CMakeFiles/servo_service__rosidl_typesupport_fastrtps_cpp.dir/rosidl_typesupport_fastrtps_cpp/servo_service/srv/detail/dds_fastrtps/joint_lock__type_support.cpp.o[0m
[ 75%] [32mBuilding CXX object CMakeFiles/servo_service__rosidl_typesupport_fastrtps_cpp.dir/rosidl_typesupport_fastrtps_cpp/servo_service/srv/detail/dds_fastrtps/servo_temp__type_support.cpp.o[0m
[ 76%] [32mBuilding CXX object CMakeFiles/servo_service__rosidl_typesupport_fastrtps_cpp.dir/rosidl_typesupport_fastrtps_cpp/servo_service/srv/detail/dds_fastrtps/servo_deviation__type_support.cpp.o[0m
[ 76%] [32mBuilding CXX object CMakeFiles/servo_service__rosidl_typesupport_fastrtps_cpp.dir/rosidl_typesupport_fastrtps_cpp/servo_service/srv/detail/dds_fastrtps/servo_voltage__type_support.cpp.o[0m
[ 76%] [32mBuilding CXX object CMakeFiles/servo_service__rosidl_typesupport_cpp.dir/rosidl_typesupport_cpp/servo_service/srv/joint_range__type_support.cpp.o[0m
[ 77%] [32mBuilding CXX object CMakeFiles/servo_service__rosidl_typesupport_fastrtps_c.dir/rosidl_typesupport_fastrtps_c/servo_service/srv/detail/servo_deviation__type_support_c.cpp.o[0m
[ 78%] [32mBuilding CXX object CMakeFiles/servo_service__rosidl_typesupport_fastrtps_cpp.dir/rosidl_typesupport_fastrtps_cpp/servo_service/srv/detail/dds_fastrtps/joint_position__type_support.cpp.o[0m
[ 79%] [32m[1mLinking CXX shared library libservo_service__rosidl_typesupport_introspection_cpp.so[0m
[ 79%] Built target servo_service__rosidl_typesupport_introspection_cpp
[ 80%] [32mBuilding CXX object CMakeFiles/servo_service__rosidl_typesupport_fastrtps_c.dir/rosidl_typesupport_fastrtps_c/servo_service/srv/detail/servo_voltage__type_support_c.cpp.o[0m
[ 80%] [32mBuilding CXX object CMakeFiles/servo_service__rosidl_typesupport_fastrtps_c.dir/rosidl_typesupport_fastrtps_c/servo_service/srv/detail/joint_position__type_support_c.cpp.o[0m
[ 81%] [32m[1mLinking CXX shared library libservo_service__rosidl_typesupport_cpp.so[0m
[ 82%] [32mBuilding CXX object CMakeFiles/servo_service__rosidl_typesupport_fastrtps_cpp.dir/rosidl_typesupport_fastrtps_cpp/servo_service/srv/detail/dds_fastrtps/joint_range__type_support.cpp.o[0m
[ 82%] Built target servo_service__rosidl_typesupport_cpp
[ 83%] [32mBuilding CXX object CMakeFiles/servo_service__rosidl_typesupport_fastrtps_c.dir/rosidl_typesupport_fastrtps_c/servo_service/srv/detail/joint_range__type_support_c.cpp.o[0m
[ 84%] [32m[1mLinking CXX shared library libservo_service__rosidl_typesupport_fastrtps_c.so[0m
[ 84%] Built target servo_service__rosidl_typesupport_fastrtps_c
[ 85%] [32m[1mLinking CXX shared library libservo_service__rosidl_typesupport_fastrtps_cpp.so[0m
[ 85%] Built target servo_service__rosidl_typesupport_fastrtps_cpp
[ 85%] Built target servo_service
[ 86%] [34m[1mGenerating Python code for ROS interfaces[0m
[ 86%] Built target servo_service__py
[ 87%] [32mBuilding C object CMakeFiles/servo_service__rosidl_generator_py.dir/rosidl_generator_py/servo_service/msg/_set_servo_positions_s.c.o[0m
[ 87%] [32mBuilding C object CMakeFiles/servo_service__rosidl_generator_py.dir/rosidl_generator_py/servo_service/msg/_set_joint_lock_s.c.o[0m
[ 88%] [32mBuilding C object CMakeFiles/servo_service__rosidl_generator_py.dir/rosidl_generator_py/servo_service/msg/_get_servo_positions_s.c.o[0m
[ 90%] [32mBuilding C object CMakeFiles/servo_service__rosidl_generator_py.dir/rosidl_generator_py/servo_service/srv/_joint_lock_s.c.o[0m
[ 90%] [32mBuilding C object CMakeFiles/servo_service__rosidl_generator_py.dir/rosidl_generator_py/servo_service/srv/_servo_temp_s.c.o[0m
[ 91%] [32mBuilding C object CMakeFiles/servo_service__rosidl_generator_py.dir/rosidl_generator_py/servo_service/msg/_change_servo_positions_s.c.o[0m
[ 91%] [32mBuilding C object CMakeFiles/servo_service__rosidl_generator_py.dir/rosidl_generator_py/servo_service/msg/_set_posture_s.c.o[0m
[ 92%] [32mBuilding C object CMakeFiles/servo_service__rosidl_generator_py.dir/rosidl_generator_py/servo_service/srv/_servo_deviation_s.c.o[0m
[ 93%] [32mBuilding C object CMakeFiles/servo_service__rosidl_generator_py.dir/rosidl_generator_py/servo_service/srv/_servo_voltage_s.c.o[0m
[ 94%] [32mBuilding C object CMakeFiles/servo_service__rosidl_generator_py.dir/rosidl_generator_py/servo_service/srv/_joint_position_s.c.o[0m
[ 94%] [32mBuilding C object CMakeFiles/servo_service__rosidl_generator_py.dir/rosidl_generator_py/servo_service/srv/_joint_range_s.c.o[0m
[ 95%] [32m[1mLinking C shared library libservo_service__rosidl_generator_py.so[0m
[ 95%] Built target servo_service__rosidl_generator_py
[ 96%] [32mBuilding C object CMakeFiles/servo_service_s__rosidl_typesupport_introspection_c.dir/rosidl_generator_py/servo_service/_servo_service_s.ep.rosidl_typesupport_introspection_c.c.o[0m
[ 97%] [32mBuilding C object CMakeFiles/servo_service_s__rosidl_typesupport_fastrtps_c.dir/rosidl_generator_py/servo_service/_servo_service_s.ep.rosidl_typesupport_fastrtps_c.c.o[0m
[ 97%] [32mBuilding C object CMakeFiles/servo_service_s__rosidl_typesupport_c.dir/rosidl_generator_py/servo_service/_servo_service_s.ep.rosidl_typesupport_c.c.o[0m
[ 98%] [32m[1mLinking C shared module rosidl_generator_py/servo_service/servo_service_s__rosidl_typesupport_c.so[0m
[ 99%] [32m[1mLinking C shared module rosidl_generator_py/servo_service/servo_service_s__rosidl_typesupport_fastrtps_c.so[0m
[100%] [32m[1mLinking C shared module rosidl_generator_py/servo_service/servo_service_s__rosidl_typesupport_introspection_c.so[0m
[100%] Built target servo_service_s__rosidl_typesupport_c
[100%] Built target servo_service_s__rosidl_typesupport_fastrtps_c
[100%] Built target servo_service_s__rosidl_typesupport_introspection_c
-- Install configuration: ""
-- Execute custom install script
-- Symlinking: /home/bilhr2025/BILHR_SS25_DC/Tut2/template/ainex_bilhr_ws/install/servo_service/share/ament_index/resource_index/rosidl_interfaces/servo_service
-- Symlinking: /home/bilhr2025/BILHR_SS25_DC/Tut2/template/ainex_bilhr_ws/install/servo_service/share/servo_service/msg/ChangeServoPositions.json
-- Symlinking: /home/bilhr2025/BILHR_SS25_DC/Tut2/template/ainex_bilhr_ws/install/servo_service/share/servo_service/msg/SetServoPositions.json
-- Symlinking: /home/bilhr2025/BILHR_SS25_DC/Tut2/template/ainex_bilhr_ws/install/servo_service/share/servo_service/msg/SetJointLock.json
-- Symlinking: /home/bilhr2025/BILHR_SS25_DC/Tut2/template/ainex_bilhr_ws/install/servo_service/share/servo_service/msg/GetServoPositions.json
-- Symlinking: /home/bilhr2025/BILHR_SS25_DC/Tut2/template/ainex_bilhr_ws/install/servo_service/share/servo_service/msg/SetPosture.json
-- Symlinking: /home/bilhr2025/BILHR_SS25_DC/Tut2/template/ainex_bilhr_ws/install/servo_service/share/servo_service/srv/JointLock.json
-- Symlinking: /home/bilhr2025/BILHR_SS25_DC/Tut2/template/ainex_bilhr_ws/install/servo_service/share/servo_service/srv/ServoTemp.json
-- Symlinking: /home/bilhr2025/BILHR_SS25_DC/Tut2/template/ainex_bilhr_ws/install/servo_service/share/servo_service/srv/ServoDeviation.json
-- Symlinking: /home/bilhr2025/BILHR_SS25_DC/Tut2/template/ainex_bilhr_ws/install/servo_service/share/servo_service/srv/ServoVoltage.json
-- Symlinking: /home/bilhr2025/BILHR_SS25_DC/Tut2/template/ainex_bilhr_ws/install/servo_service/share/servo_service/srv/JointPosition.json
-- Symlinking: /home/bilhr2025/BILHR_SS25_DC/Tut2/template/ainex_bilhr_ws/install/servo_service/share/servo_service/srv/JointRange.json
-- Symlinking: /home/bilhr2025/BILHR_SS25_DC/Tut2/template/ainex_bilhr_ws/install/servo_service/include/servo_service/servo_service/msg/change_servo_positions.h
-- Symlinking: /home/bilhr2025/BILHR_SS25_DC/Tut2/template/ainex_bilhr_ws/install/servo_service/include/servo_service/servo_service/msg/detail/change_servo_positions__functions.h
-- Symlinking: /home/bilhr2025/BILHR_SS25_DC/Tut2/template/ainex_bilhr_ws/install/servo_service/include/servo_service/servo_service/msg/detail/change_servo_positions__struct.h
-- Symlinking: /home/bilhr2025/BILHR_SS25_DC/Tut2/template/ainex_bilhr_ws/install/servo_service/include/servo_service/servo_service/msg/detail/change_servo_positions__type_support.h
-- Symlinking: /home/bilhr2025/BILHR_SS25_DC/Tut2/template/ainex_bilhr_ws/install/servo_service/include/servo_service/servo_service/msg/detail/get_servo_positions__functions.h
-- Symlinking: /home/bilhr2025/BILHR_SS25_DC/Tut2/template/ainex_bilhr_ws/install/servo_service/include/servo_service/servo_service/msg/detail/get_servo_positions__struct.h
-- Symlinking: /home/bilhr2025/BILHR_SS25_DC/Tut2/template/ainex_bilhr_ws/install/servo_service/include/servo_service/servo_service/msg/detail/get_servo_positions__type_support.h
-- Symlinking: /home/bilhr2025/BILHR_SS25_DC/Tut2/template/ainex_bilhr_ws/install/servo_service/include/servo_service/servo_service/msg/detail/set_joint_lock__functions.h
-- Symlinking: /home/bilhr2025/BILHR_SS25_DC/Tut2/template/ainex_bilhr_ws/install/servo_service/include/servo_service/servo_service/msg/detail/set_joint_lock__struct.h
-- Symlinking: /home/bilhr2025/BILHR_SS25_DC/Tut2/template/ainex_bilhr_ws/install/servo_service/include/servo_service/servo_service/msg/detail/set_joint_lock__type_support.h
-- Symlinking: /home/bilhr2025/BILHR_SS25_DC/Tut2/template/ainex_bilhr_ws/install/servo_service/include/servo_service/servo_service/msg/detail/set_posture__functions.h
-- Symlinking: /home/bilhr2025/BILHR_SS25_DC/Tut2/template/ainex_bilhr_ws/install/servo_service/include/servo_service/servo_service/msg/detail/set_posture__struct.h
-- Symlinking: /home/bilhr2025/BILHR_SS25_DC/Tut2/template/ainex_bilhr_ws/install/servo_service/include/servo_service/servo_service/msg/detail/set_posture__type_support.h
-- Symlinking: /home/bilhr2025/BILHR_SS25_DC/Tut2/template/ainex_bilhr_ws/install/servo_service/include/servo_service/servo_service/msg/detail/set_servo_positions__functions.h
-- Symlinking: /home/bilhr2025/BILHR_SS25_DC/Tut2/template/ainex_bilhr_ws/install/servo_service/include/servo_service/servo_service/msg/detail/set_servo_positions__struct.h
-- Symlinking: /home/bilhr2025/BILHR_SS25_DC/Tut2/template/ainex_bilhr_ws/install/servo_service/include/servo_service/servo_service/msg/detail/set_servo_positions__type_support.h
-- Symlinking: /home/bilhr2025/BILHR_SS25_DC/Tut2/template/ainex_bilhr_ws/install/servo_service/include/servo_service/servo_service/msg/get_servo_positions.h
-- Symlinking: /home/bilhr2025/BILHR_SS25_DC/Tut2/template/ainex_bilhr_ws/install/servo_service/include/servo_service/servo_service/msg/rosidl_generator_c__visibility_control.h
-- Symlinking: /home/bilhr2025/BILHR_SS25_DC/Tut2/template/ainex_bilhr_ws/install/servo_service/include/servo_service/servo_service/msg/set_joint_lock.h
-- Symlinking: /home/bilhr2025/BILHR_SS25_DC/Tut2/template/ainex_bilhr_ws/install/servo_service/include/servo_service/servo_service/msg/set_posture.h
-- Symlinking: /home/bilhr2025/BILHR_SS25_DC/Tut2/template/ainex_bilhr_ws/install/servo_service/include/servo_service/servo_service/msg/set_servo_positions.h
-- Symlinking: /home/bilhr2025/BILHR_SS25_DC/Tut2/template/ainex_bilhr_ws/install/servo_service/include/servo_service/servo_service/srv/detail/joint_lock__functions.h
-- Symlinking: /home/bilhr2025/BILHR_SS25_DC/Tut2/template/ainex_bilhr_ws/install/servo_service/include/servo_service/servo_service/srv/detail/joint_lock__struct.h
-- Symlinking: /home/bilhr2025/BILHR_SS25_DC/Tut2/template/ainex_bilhr_ws/install/servo_service/include/servo_service/servo_service/srv/detail/joint_lock__type_support.h
-- Symlinking: /home/bilhr2025/BILHR_SS25_DC/Tut2/template/ainex_bilhr_ws/install/servo_service/include/servo_service/servo_service/srv/detail/joint_position__functions.h
-- Symlinking: /home/bilhr2025/BILHR_SS25_DC/Tut2/template/ainex_bilhr_ws/install/servo_service/include/servo_service/servo_service/srv/detail/joint_position__struct.h
-- Symlinking: /home/bilhr2025/BILHR_SS25_DC/Tut2/template/ainex_bilhr_ws/install/servo_service/include/servo_service/servo_service/srv/detail/joint_position__type_support.h
-- Symlinking: /home/bilhr2025/BILHR_SS25_DC/Tut2/template/ainex_bilhr_ws/install/servo_service/include/servo_service/servo_service/srv/detail/joint_range__functions.h
-- Symlinking: /home/bilhr2025/BILHR_SS25_DC/Tut2/template/ainex_bilhr_ws/install/servo_service/include/servo_service/servo_service/srv/detail/joint_range__struct.h
-- Symlinking: /home/bilhr2025/BILHR_SS25_DC/Tut2/template/ainex_bilhr_ws/install/servo_service/include/servo_service/servo_service/srv/detail/joint_range__type_support.h
-- Symlinking: /home/bilhr2025/BILHR_SS25_DC/Tut2/template/ainex_bilhr_ws/install/servo_service/include/servo_service/servo_service/srv/detail/servo_deviation__functions.h
-- Symlinking: /home/bilhr2025/BILHR_SS25_DC/Tut2/template/ainex_bilhr_ws/install/servo_service/include/servo_service/servo_service/srv/detail/servo_deviation__struct.h
-- Symlinking: /home/bilhr2025/BILHR_SS25_DC/Tut2/template/ainex_bilhr_ws/install/servo_service/include/servo_service/servo_service/srv/detail/servo_deviation__type_support.h
-- Symlinking: /home/bilhr2025/BILHR_SS25_DC/Tut2/template/ainex_bilhr_ws/install/servo_service/include/servo_service/servo_service/srv/detail/servo_temp__functions.h
-- Symlinking: /home/bilhr2025/BILHR_SS25_DC/Tut2/template/ainex_bilhr_ws/install/servo_service/include/servo_service/servo_service/srv/detail/servo_temp__struct.h
-- Symlinking: /home/bilhr2025/BILHR_SS25_DC/Tut2/template/ainex_bilhr_ws/install/servo_service/include/servo_service/servo_service/srv/detail/servo_temp__type_support.h
-- Symlinking: /home/bilhr2025/BILHR_SS25_DC/Tut2/template/ainex_bilhr_ws/install/servo_service/include/servo_service/servo_service/srv/detail/servo_voltage__functions.h
-- Symlinking: /home/bilhr2025/BILHR_SS25_DC/Tut2/template/ainex_bilhr_ws/install/servo_service/include/servo_service/servo_service/srv/detail/servo_voltage__struct.h
-- Symlinking: /home/bilhr2025/BILHR_SS25_DC/Tut2/template/ainex_bilhr_ws/install/servo_service/include/servo_service/servo_service/srv/detail/servo_voltage__type_support.h
-- Symlinking: /home/bilhr2025/BILHR_SS25_DC/Tut2/template/ainex_bilhr_ws/install/servo_service/include/servo_service/servo_service/srv/joint_lock.h
-- Symlinking: /home/bilhr2025/BILHR_SS25_DC/Tut2/template/ainex_bilhr_ws/install/servo_service/include/servo_service/servo_service/srv/joint_position.h
-- Symlinking: /home/bilhr2025/BILHR_SS25_DC/Tut2/template/ainex_bilhr_ws/install/servo_service/include/servo_service/servo_service/srv/joint_range.h
-- Symlinking: /home/bilhr2025/BILHR_SS25_DC/Tut2/template/ainex_bilhr_ws/install/servo_service/include/servo_service/servo_service/srv/servo_deviation.h
-- Symlinking: /home/bilhr2025/BILHR_SS25_DC/Tut2/template/ainex_bilhr_ws/install/servo_service/include/servo_service/servo_service/srv/servo_temp.h
-- Symlinking: /home/bilhr2025/BILHR_SS25_DC/Tut2/template/ainex_bilhr_ws/install/servo_service/include/servo_service/servo_service/srv/servo_voltage.h
-- Symlinking: /home/bilhr2025/BILHR_SS25_DC/Tut2/template/ainex_bilhr_ws/install/servo_service/share/servo_service/environment/library_path.sh
-- Symlinking: /home/bilhr2025/BILHR_SS25_DC/Tut2/template/ainex_bilhr_ws/install/servo_service/share/servo_service/environment/library_path.dsv
-- Symlinking: /home/bilhr2025/BILHR_SS25_DC/Tut2/template/ainex_bilhr_ws/install/servo_service/include/servo_service/servo_service/msg/detail/change_servo_positions__rosidl_typesupport_fastrtps_c.h
-- Symlinking: /home/bilhr2025/BILHR_SS25_DC/Tut2/template/ainex_bilhr_ws/install/servo_service/include/servo_service/servo_service/msg/detail/get_servo_positions__rosidl_typesupport_fastrtps_c.h
-- Symlinking: /home/bilhr2025/BILHR_SS25_DC/Tut2/template/ainex_bilhr_ws/install/servo_service/include/servo_service/servo_service/msg/detail/set_joint_lock__rosidl_typesupport_fastrtps_c.h
-- Symlinking: /home/bilhr2025/BILHR_SS25_DC/Tut2/template/ainex_bilhr_ws/install/servo_service/include/servo_service/servo_service/msg/detail/set_posture__rosidl_typesupport_fastrtps_c.h
-- Symlinking: /home/bilhr2025/BILHR_SS25_DC/Tut2/template/ainex_bilhr_ws/install/servo_service/include/servo_service/servo_service/msg/detail/set_servo_positions__rosidl_typesupport_fastrtps_c.h
-- Symlinking: /home/bilhr2025/BILHR_SS25_DC/Tut2/template/ainex_bilhr_ws/install/servo_service/include/servo_service/servo_service/msg/rosidl_typesupport_fastrtps_c__visibility_control.h
-- Symlinking: /home/bilhr2025/BILHR_SS25_DC/Tut2/template/ainex_bilhr_ws/install/servo_service/include/servo_service/servo_service/srv/detail/joint_lock__rosidl_typesupport_fastrtps_c.h
-- Symlinking: /home/bilhr2025/BILHR_SS25_DC/Tut2/template/ainex_bilhr_ws/install/servo_service/include/servo_service/servo_service/srv/detail/joint_position__rosidl_typesupport_fastrtps_c.h
-- Symlinking: /home/bilhr2025/BILHR_SS25_DC/Tut2/template/ainex_bilhr_ws/install/servo_service/include/servo_service/servo_service/srv/detail/joint_range__rosidl_typesupport_fastrtps_c.h
-- Symlinking: /home/bilhr2025/BILHR_SS25_DC/Tut2/template/ainex_bilhr_ws/install/servo_service/include/servo_service/servo_service/srv/detail/servo_deviation__rosidl_typesupport_fastrtps_c.h
-- Symlinking: /home/bilhr2025/BILHR_SS25_DC/Tut2/template/ainex_bilhr_ws/install/servo_service/include/servo_service/servo_service/srv/detail/servo_temp__rosidl_typesupport_fastrtps_c.h
-- Symlinking: /home/bilhr2025/BILHR_SS25_DC/Tut2/template/ainex_bilhr_ws/install/servo_service/include/servo_service/servo_service/srv/detail/servo_voltage__rosidl_typesupport_fastrtps_c.h
-- Symlinking: /home/bilhr2025/BILHR_SS25_DC/Tut2/template/ainex_bilhr_ws/install/servo_service/include/servo_service/servo_service/msg/change_servo_positions.hpp
-- Symlinking: /home/bilhr2025/BILHR_SS25_DC/Tut2/template/ainex_bilhr_ws/install/servo_service/include/servo_service/servo_service/msg/detail/change_servo_positions__builder.hpp
-- Symlinking: /home/bilhr2025/BILHR_SS25_DC/Tut2/template/ainex_bilhr_ws/install/servo_service/include/servo_service/servo_service/msg/detail/change_servo_positions__struct.hpp
-- Symlinking: /home/bilhr2025/BILHR_SS25_DC/Tut2/template/ainex_bilhr_ws/install/servo_service/include/servo_service/servo_service/msg/detail/change_servo_positions__traits.hpp
-- Symlinking: /home/bilhr2025/BILHR_SS25_DC/Tut2/template/ainex_bilhr_ws/install/servo_service/include/servo_service/servo_service/msg/detail/change_servo_positions__type_support.hpp
-- Symlinking: /home/bilhr2025/BILHR_SS25_DC/Tut2/template/ainex_bilhr_ws/install/servo_service/include/servo_service/servo_service/msg/detail/get_servo_positions__builder.hpp
-- Symlinking: /home/bilhr2025/BILHR_SS25_DC/Tut2/template/ainex_bilhr_ws/install/servo_service/include/servo_service/servo_service/msg/detail/get_servo_positions__struct.hpp
-- Symlinking: /home/bilhr2025/BILHR_SS25_DC/Tut2/template/ainex_bilhr_ws/install/servo_service/include/servo_service/servo_service/msg/detail/get_servo_positions__traits.hpp
-- Symlinking: /home/bilhr2025/BILHR_SS25_DC/Tut2/template/ainex_bilhr_ws/install/servo_service/include/servo_service/servo_service/msg/detail/get_servo_positions__type_support.hpp
-- Symlinking: /home/bilhr2025/BILHR_SS25_DC/Tut2/template/ainex_bilhr_ws/install/servo_service/include/servo_service/servo_service/msg/detail/set_joint_lock__builder.hpp
-- Symlinking: /home/bilhr2025/BILHR_SS25_DC/Tut2/template/ainex_bilhr_ws/install/servo_service/include/servo_service/servo_service/msg/detail/set_joint_lock__struct.hpp
-- Symlinking: /home/bilhr2025/BILHR_SS25_DC/Tut2/template/ainex_bilhr_ws/install/servo_service/include/servo_service/servo_service/msg/detail/set_joint_lock__traits.hpp
-- Symlinking: /home/bilhr2025/BILHR_SS25_DC/Tut2/template/ainex_bilhr_ws/install/servo_service/include/servo_service/servo_service/msg/detail/set_joint_lock__type_support.hpp
-- Symlinking: /home/bilhr2025/BILHR_SS25_DC/Tut2/template/ainex_bilhr_ws/install/servo_service/include/servo_service/servo_service/msg/detail/set_posture__builder.hpp
-- Symlinking: /home/bilhr2025/BILHR_SS25_DC/Tut2/template/ainex_bilhr_ws/install/servo_service/include/servo_service/servo_service/msg/detail/set_posture__struct.hpp
-- Symlinking: /home/bilhr2025/BILHR_SS25_DC/Tut2/template/ainex_bilhr_ws/install/servo_service/include/servo_service/servo_service/msg/detail/set_posture__traits.hpp
-- Symlinking: /home/bilhr2025/BILHR_SS25_DC/Tut2/template/ainex_bilhr_ws/install/servo_service/include/servo_service/servo_service/msg/detail/set_posture__type_support.hpp
-- Symlinking: /home/bilhr2025/BILHR_SS25_DC/Tut2/template/ainex_bilhr_ws/install/servo_service/include/servo_service/servo_service/msg/detail/set_servo_positions__builder.hpp
-- Symlinking: /home/bilhr2025/BILHR_SS25_DC/Tut2/template/ainex_bilhr_ws/install/servo_service/include/servo_service/servo_service/msg/detail/set_servo_positions__struct.hpp
-- Symlinking: /home/bilhr2025/BILHR_SS25_DC/Tut2/template/ainex_bilhr_ws/install/servo_service/include/servo_service/servo_service/msg/detail/set_servo_positions__traits.hpp
-- Symlinking: /home/bilhr2025/BILHR_SS25_DC/Tut2/template/ainex_bilhr_ws/install/servo_service/include/servo_service/servo_service/msg/detail/set_servo_positions__type_support.hpp
-- Symlinking: /home/bilhr2025/BILHR_SS25_DC/Tut2/template/ainex_bilhr_ws/install/servo_service/include/servo_service/servo_service/msg/get_servo_positions.hpp
-- Symlinking: /home/bilhr2025/BILHR_SS25_DC/Tut2/template/ainex_bilhr_ws/install/servo_service/include/servo_service/servo_service/msg/rosidl_generator_cpp__visibility_control.hpp
-- Symlinking: /home/bilhr2025/BILHR_SS25_DC/Tut2/template/ainex_bilhr_ws/install/servo_service/include/servo_service/servo_service/msg/set_joint_lock.hpp
-- Symlinking: /home/bilhr2025/BILHR_SS25_DC/Tut2/template/ainex_bilhr_ws/install/servo_service/include/servo_service/servo_service/msg/set_posture.hpp
-- Symlinking: /home/bilhr2025/BILHR_SS25_DC/Tut2/template/ainex_bilhr_ws/install/servo_service/include/servo_service/servo_service/msg/set_servo_positions.hpp
-- Symlinking: /home/bilhr2025/BILHR_SS25_DC/Tut2/template/ainex_bilhr_ws/install/servo_service/include/servo_service/servo_service/srv/detail/joint_lock__builder.hpp
-- Symlinking: /home/bilhr2025/BILHR_SS25_DC/Tut2/template/ainex_bilhr_ws/install/servo_service/include/servo_service/servo_service/srv/detail/joint_lock__struct.hpp
-- Symlinking: /home/bilhr2025/BILHR_SS25_DC/Tut2/template/ainex_bilhr_ws/install/servo_service/include/servo_service/servo_service/srv/detail/joint_lock__traits.hpp
-- Symlinking: /home/bilhr2025/BILHR_SS25_DC/Tut2/template/ainex_bilhr_ws/install/servo_service/include/servo_service/servo_service/srv/detail/joint_lock__type_support.hpp
-- Symlinking: /home/bilhr2025/BILHR_SS25_DC/Tut2/template/ainex_bilhr_ws/install/servo_service/include/servo_service/servo_service/srv/detail/joint_position__builder.hpp
-- Symlinking: /home/bilhr2025/BILHR_SS25_DC/Tut2/template/ainex_bilhr_ws/install/servo_service/include/servo_service/servo_service/srv/detail/joint_position__struct.hpp
-- Symlinking: /home/bilhr2025/BILHR_SS25_DC/Tut2/template/ainex_bilhr_ws/install/servo_service/include/servo_service/servo_service/srv/detail/joint_position__traits.hpp
-- Symlinking: /home/bilhr2025/BILHR_SS25_DC/Tut2/template/ainex_bilhr_ws/install/servo_service/include/servo_service/servo_service/srv/detail/joint_position__type_support.hpp
-- Symlinking: /home/bilhr2025/BILHR_SS25_DC/Tut2/template/ainex_bilhr_ws/install/servo_service/include/servo_service/servo_service/srv/detail/joint_range__builder.hpp
-- Symlinking: /home/bilhr2025/BILHR_SS25_DC/Tut2/template/ainex_bilhr_ws/install/servo_service/include/servo_service/servo_service/srv/detail/joint_range__struct.hpp
-- Symlinking: /home/bilhr2025/BILHR_SS25_DC/Tut2/template/ainex_bilhr_ws/install/servo_service/include/servo_service/servo_service/srv/detail/joint_range__traits.hpp
-- Symlinking: /home/bilhr2025/BILHR_SS25_DC/Tut2/template/ainex_bilhr_ws/install/servo_service/include/servo_service/servo_service/srv/detail/joint_range__type_support.hpp
-- Symlinking: /home/bilhr2025/BILHR_SS25_DC/Tut2/template/ainex_bilhr_ws/install/servo_service/include/servo_service/servo_service/srv/detail/servo_deviation__builder.hpp
-- Symlinking: /home/bilhr2025/BILHR_SS25_DC/Tut2/template/ainex_bilhr_ws/install/servo_service/include/servo_service/servo_service/srv/detail/servo_deviation__struct.hpp
-- Symlinking: /home/bilhr2025/BILHR_SS25_DC/Tut2/template/ainex_bilhr_ws/install/servo_service/include/servo_service/servo_service/srv/detail/servo_deviation__traits.hpp
-- Symlinking: /home/bilhr2025/BILHR_SS25_DC/Tut2/template/ainex_bilhr_ws/install/servo_service/include/servo_service/servo_service/srv/detail/servo_deviation__type_support.hpp
-- Symlinking: /home/bilhr2025/BILHR_SS25_DC/Tut2/template/ainex_bilhr_ws/install/servo_service/include/servo_service/servo_service/srv/detail/servo_temp__builder.hpp
-- Symlinking: /home/bilhr2025/BILHR_SS25_DC/Tut2/template/ainex_bilhr_ws/install/servo_service/include/servo_service/servo_service/srv/detail/servo_temp__struct.hpp
-- Symlinking: /home/bilhr2025/BILHR_SS25_DC/Tut2/template/ainex_bilhr_ws/install/servo_service/include/servo_service/servo_service/srv/detail/servo_temp__traits.hpp
-- Symlinking: /home/bilhr2025/BILHR_SS25_DC/Tut2/template/ainex_bilhr_ws/install/servo_service/include/servo_service/servo_service/srv/detail/servo_temp__type_support.hpp
-- Symlinking: /home/bilhr2025/BILHR_SS25_DC/Tut2/template/ainex_bilhr_ws/install/servo_service/include/servo_service/servo_service/srv/detail/servo_voltage__builder.hpp
-- Symlinking: /home/bilhr2025/BILHR_SS25_DC/Tut2/template/ainex_bilhr_ws/install/servo_service/include/servo_service/servo_service/srv/detail/servo_voltage__struct.hpp
-- Symlinking: /home/bilhr2025/BILHR_SS25_DC/Tut2/template/ainex_bilhr_ws/install/servo_service/include/servo_service/servo_service/srv/detail/servo_voltage__traits.hpp
-- Symlinking: /home/bilhr2025/BILHR_SS25_DC/Tut2/template/ainex_bilhr_ws/install/servo_service/include/servo_service/servo_service/srv/detail/servo_voltage__type_support.hpp
-- Symlinking: /home/bilhr2025/BILHR_SS25_DC/Tut2/template/ainex_bilhr_ws/install/servo_service/include/servo_service/servo_service/srv/joint_lock.hpp
-- Symlinking: /home/bilhr2025/BILHR_SS25_DC/Tut2/template/ainex_bilhr_ws/install/servo_service/include/servo_service/servo_service/srv/joint_position.hpp
-- Symlinking: /home/bilhr2025/BILHR_SS25_DC/Tut2/template/ainex_bilhr_ws/install/servo_service/include/servo_service/servo_service/srv/joint_range.hpp
-- Symlinking: /home/bilhr2025/BILHR_SS25_DC/Tut2/template/ainex_bilhr_ws/install/servo_service/include/servo_service/servo_service/srv/servo_deviation.hpp
-- Symlinking: /home/bilhr2025/BILHR_SS25_DC/Tut2/template/ainex_bilhr_ws/install/servo_service/include/servo_service/servo_service/srv/servo_temp.hpp
-- Symlinking: /home/bilhr2025/BILHR_SS25_DC/Tut2/template/ainex_bilhr_ws/install/servo_service/include/servo_service/servo_service/srv/servo_voltage.hpp
-- Symlinking: /home/bilhr2025/BILHR_SS25_DC/Tut2/template/ainex_bilhr_ws/install/servo_service/include/servo_service/servo_service/msg/detail/change_servo_positions__rosidl_typesupport_fastrtps_cpp.hpp
-- Symlinking: /home/bilhr2025/BILHR_SS25_DC/Tut2/template/ainex_bilhr_ws/install/servo_service/include/servo_service/servo_service/msg/detail/get_servo_positions__rosidl_typesupport_fastrtps_cpp.hpp
-- Symlinking: /home/bilhr2025/BILHR_SS25_DC/Tut2/template/ainex_bilhr_ws/install/servo_service/include/servo_service/servo_service/msg/detail/set_joint_lock__rosidl_typesupport_fastrtps_cpp.hpp
-- Symlinking: /home/bilhr2025/BILHR_SS25_DC/Tut2/template/ainex_bilhr_ws/install/servo_service/include/servo_service/servo_service/msg/detail/set_posture__rosidl_typesupport_fastrtps_cpp.hpp
-- Symlinking: /home/bilhr2025/BILHR_SS25_DC/Tut2/template/ainex_bilhr_ws/install/servo_service/include/servo_service/servo_service/msg/detail/set_servo_positions__rosidl_typesupport_fastrtps_cpp.hpp
-- Symlinking: /home/bilhr2025/BILHR_SS25_DC/Tut2/template/ainex_bilhr_ws/install/servo_service/include/servo_service/servo_service/msg/rosidl_typesupport_fastrtps_cpp__visibility_control.h
-- Symlinking: /home/bilhr2025/BILHR_SS25_DC/Tut2/template/ainex_bilhr_ws/install/servo_service/include/servo_service/servo_service/srv/detail/joint_lock__rosidl_typesupport_fastrtps_cpp.hpp
-- Symlinking: /home/bilhr2025/BILHR_SS25_DC/Tut2/template/ainex_bilhr_ws/install/servo_service/include/servo_service/servo_service/srv/detail/joint_position__rosidl_typesupport_fastrtps_cpp.hpp
-- Symlinking: /home/bilhr2025/BILHR_SS25_DC/Tut2/template/ainex_bilhr_ws/install/servo_service/include/servo_service/servo_service/srv/detail/joint_range__rosidl_typesupport_fastrtps_cpp.hpp
-- Symlinking: /home/bilhr2025/BILHR_SS25_DC/Tut2/template/ainex_bilhr_ws/install/servo_service/include/servo_service/servo_service/srv/detail/servo_deviation__rosidl_typesupport_fastrtps_cpp.hpp
-- Symlinking: /home/bilhr2025/BILHR_SS25_DC/Tut2/template/ainex_bilhr_ws/install/servo_service/include/servo_service/servo_service/srv/detail/servo_temp__rosidl_typesupport_fastrtps_cpp.hpp
-- Symlinking: /home/bilhr2025/BILHR_SS25_DC/Tut2/template/ainex_bilhr_ws/install/servo_service/include/servo_service/servo_service/srv/detail/servo_voltage__rosidl_typesupport_fastrtps_cpp.hpp
-- Symlinking: /home/bilhr2025/BILHR_SS25_DC/Tut2/template/ainex_bilhr_ws/install/servo_service/include/servo_service/servo_service/msg/detail/change_servo_positions__rosidl_typesupport_introspection_c.h
-- Symlinking: /home/bilhr2025/BILHR_SS25_DC/Tut2/template/ainex_bilhr_ws/install/servo_service/include/servo_service/servo_service/msg/detail/get_servo_positions__rosidl_typesupport_introspection_c.h
-- Symlinking: /home/bilhr2025/BILHR_SS25_DC/Tut2/template/ainex_bilhr_ws/install/servo_service/include/servo_service/servo_service/msg/detail/set_joint_lock__rosidl_typesupport_introspection_c.h
-- Symlinking: /home/bilhr2025/BILHR_SS25_DC/Tut2/template/ainex_bilhr_ws/install/servo_service/include/servo_service/servo_service/msg/detail/set_posture__rosidl_typesupport_introspection_c.h
-- Symlinking: /home/bilhr2025/BILHR_SS25_DC/Tut2/template/ainex_bilhr_ws/install/servo_service/include/servo_service/servo_service/msg/detail/set_servo_positions__rosidl_typesupport_introspection_c.h
-- Symlinking: /home/bilhr2025/BILHR_SS25_DC/Tut2/template/ainex_bilhr_ws/install/servo_service/include/servo_service/servo_service/msg/rosidl_typesupport_introspection_c__visibility_control.h
-- Symlinking: /home/bilhr2025/BILHR_SS25_DC/Tut2/template/ainex_bilhr_ws/install/servo_service/include/servo_service/servo_service/srv/detail/joint_lock__rosidl_typesupport_introspection_c.h
-- Symlinking: /home/bilhr2025/BILHR_SS25_DC/Tut2/template/ainex_bilhr_ws/install/servo_service/include/servo_service/servo_service/srv/detail/joint_position__rosidl_typesupport_introspection_c.h
-- Symlinking: /home/bilhr2025/BILHR_SS25_DC/Tut2/template/ainex_bilhr_ws/install/servo_service/include/servo_service/servo_service/srv/detail/joint_range__rosidl_typesupport_introspection_c.h
-- Symlinking: /home/bilhr2025/BILHR_SS25_DC/Tut2/template/ainex_bilhr_ws/install/servo_service/include/servo_service/servo_service/srv/detail/servo_deviation__rosidl_typesupport_introspection_c.h
-- Symlinking: /home/bilhr2025/BILHR_SS25_DC/Tut2/template/ainex_bilhr_ws/install/servo_service/include/servo_service/servo_service/srv/detail/servo_temp__rosidl_typesupport_introspection_c.h
-- Symlinking: /home/bilhr2025/BILHR_SS25_DC/Tut2/template/ainex_bilhr_ws/install/servo_service/include/servo_service/servo_service/srv/detail/servo_voltage__rosidl_typesupport_introspection_c.h
-- Symlinking: /home/bilhr2025/BILHR_SS25_DC/Tut2/template/ainex_bilhr_ws/install/servo_service/include/servo_service/servo_service/msg/detail/change_servo_positions__rosidl_typesupport_introspection_cpp.hpp
-- Symlinking: /home/bilhr2025/BILHR_SS25_DC/Tut2/template/ainex_bilhr_ws/install/servo_service/include/servo_service/servo_service/msg/detail/get_servo_positions__rosidl_typesupport_introspection_cpp.hpp
-- Symlinking: /home/bilhr2025/BILHR_SS25_DC/Tut2/template/ainex_bilhr_ws/install/servo_service/include/servo_service/servo_service/msg/detail/set_joint_lock__rosidl_typesupport_introspection_cpp.hpp
-- Symlinking: /home/bilhr2025/BILHR_SS25_DC/Tut2/template/ainex_bilhr_ws/install/servo_service/include/servo_service/servo_service/msg/detail/set_posture__rosidl_typesupport_introspection_cpp.hpp
-- Symlinking: /home/bilhr2025/BILHR_SS25_DC/Tut2/template/ainex_bilhr_ws/install/servo_service/include/servo_service/servo_service/msg/detail/set_servo_positions__rosidl_typesupport_introspection_cpp.hpp
-- Symlinking: /home/bilhr2025/BILHR_SS25_DC/Tut2/template/ainex_bilhr_ws/install/servo_service/include/servo_service/servo_service/srv/detail/joint_lock__rosidl_typesupport_introspection_cpp.hpp
-- Symlinking: /home/bilhr2025/BILHR_SS25_DC/Tut2/template/ainex_bilhr_ws/install/servo_service/include/servo_service/servo_service/srv/detail/joint_position__rosidl_typesupport_introspection_cpp.hpp
-- Symlinking: /home/bilhr2025/BILHR_SS25_DC/Tut2/template/ainex_bilhr_ws/install/servo_service/include/servo_service/servo_service/srv/detail/joint_range__rosidl_typesupport_introspection_cpp.hpp
-- Symlinking: /home/bilhr2025/BILHR_SS25_DC/Tut2/template/ainex_bilhr_ws/install/servo_service/include/servo_service/servo_service/srv/detail/servo_deviation__rosidl_typesupport_introspection_cpp.hpp
-- Symlinking: /home/bilhr2025/BILHR_SS25_DC/Tut2/template/ainex_bilhr_ws/install/servo_service/include/servo_service/servo_service/srv/detail/servo_temp__rosidl_typesupport_introspection_cpp.hpp
-- Symlinking: /home/bilhr2025/BILHR_SS25_DC/Tut2/template/ainex_bilhr_ws/install/servo_service/include/servo_service/servo_service/srv/detail/servo_voltage__rosidl_typesupport_introspection_cpp.hpp
-- Symlinking: /home/bilhr2025/BILHR_SS25_DC/Tut2/template/ainex_bilhr_ws/install/servo_service/share/servo_service/environment/pythonpath.sh
-- Symlinking: /home/bilhr2025/BILHR_SS25_DC/Tut2/template/ainex_bilhr_ws/install/servo_service/share/servo_service/environment/pythonpath.dsv
-- Symlinking: /home/bilhr2025/BILHR_SS25_DC/Tut2/template/ainex_bilhr_ws/install/servo_service/lib/python3.12/site-packages/servo_service-0.0.0-py3.12.egg-info/PKG-INFO
-- Symlinking: /home/bilhr2025/BILHR_SS25_DC/Tut2/template/ainex_bilhr_ws/install/servo_service/lib/python3.12/site-packages/servo_service-0.0.0-py3.12.egg-info/SOURCES.txt
-- Symlinking: /home/bilhr2025/BILHR_SS25_DC/Tut2/template/ainex_bilhr_ws/install/servo_service/lib/python3.12/site-packages/servo_service-0.0.0-py3.12.egg-info/dependency_links.txt
-- Symlinking: /home/bilhr2025/BILHR_SS25_DC/Tut2/template/ainex_bilhr_ws/install/servo_service/lib/python3.12/site-packages/servo_service-0.0.0-py3.12.egg-info/top_level.txt
-- Symlinking: /home/bilhr2025/BILHR_SS25_DC/Tut2/template/ainex_bilhr_ws/install/servo_service/lib/python3.12/site-packages/servo_service/__init__.py
-- Symlinking: /home/bilhr2025/BILHR_SS25_DC/Tut2/template/ainex_bilhr_ws/install/servo_service/lib/python3.12/site-packages/servo_service/_servo_service_s.ep.rosidl_typesupport_c.c
-- Symlinking: /home/bilhr2025/BILHR_SS25_DC/Tut2/template/ainex_bilhr_ws/install/servo_service/lib/python3.12/site-packages/servo_service/_servo_service_s.ep.rosidl_typesupport_fastrtps_c.c
-- Symlinking: /home/bilhr2025/BILHR_SS25_DC/Tut2/template/ainex_bilhr_ws/install/servo_service/lib/python3.12/site-packages/servo_service/_servo_service_s.ep.rosidl_typesupport_introspection_c.c
-- Symlinking: /home/bilhr2025/BILHR_SS25_DC/Tut2/template/ainex_bilhr_ws/install/servo_service/lib/python3.12/site-packages/servo_service/msg/__init__.py
-- Symlinking: /home/bilhr2025/BILHR_SS25_DC/Tut2/template/ainex_bilhr_ws/install/servo_service/lib/python3.12/site-packages/servo_service/msg/_change_servo_positions.py
-- Symlinking: /home/bilhr2025/BILHR_SS25_DC/Tut2/template/ainex_bilhr_ws/install/servo_service/lib/python3.12/site-packages/servo_service/msg/_change_servo_positions_s.c
-- Symlinking: /home/bilhr2025/BILHR_SS25_DC/Tut2/template/ainex_bilhr_ws/install/servo_service/lib/python3.12/site-packages/servo_service/msg/_get_servo_positions.py
-- Symlinking: /home/bilhr2025/BILHR_SS25_DC/Tut2/template/ainex_bilhr_ws/install/servo_service/lib/python3.12/site-packages/servo_service/msg/_get_servo_positions_s.c
-- Symlinking: /home/bilhr2025/BILHR_SS25_DC/Tut2/template/ainex_bilhr_ws/install/servo_service/lib/python3.12/site-packages/servo_service/msg/_set_joint_lock.py
-- Symlinking: /home/bilhr2025/BILHR_SS25_DC/Tut2/template/ainex_bilhr_ws/install/servo_service/lib/python3.12/site-packages/servo_service/msg/_set_joint_lock_s.c
-- Symlinking: /home/bilhr2025/BILHR_SS25_DC/Tut2/template/ainex_bilhr_ws/install/servo_service/lib/python3.12/site-packages/servo_service/msg/_set_posture.py
-- Symlinking: /home/bilhr2025/BILHR_SS25_DC/Tut2/template/ainex_bilhr_ws/install/servo_service/lib/python3.12/site-packages/servo_service/msg/_set_posture_s.c
-- Symlinking: /home/bilhr2025/BILHR_SS25_DC/Tut2/template/ainex_bilhr_ws/install/servo_service/lib/python3.12/site-packages/servo_service/msg/_set_servo_positions.py
-- Symlinking: /home/bilhr2025/BILHR_SS25_DC/Tut2/template/ainex_bilhr_ws/install/servo_service/lib/python3.12/site-packages/servo_service/msg/_set_servo_positions_s.c
-- Symlinking: /home/bilhr2025/BILHR_SS25_DC/Tut2/template/ainex_bilhr_ws/install/servo_service/lib/python3.12/site-packages/servo_service/servo_service_s__rosidl_typesupport_c.so
-- Symlinking: /home/bilhr2025/BILHR_SS25_DC/Tut2/template/ainex_bilhr_ws/install/servo_service/lib/python3.12/site-packages/servo_service/servo_service_s__rosidl_typesupport_fastrtps_c.so
-- Symlinking: /home/bilhr2025/BILHR_SS25_DC/Tut2/template/ainex_bilhr_ws/install/servo_service/lib/python3.12/site-packages/servo_service/servo_service_s__rosidl_typesupport_introspection_c.so
-- Symlinking: /home/bilhr2025/BILHR_SS25_DC/Tut2/template/ainex_bilhr_ws/install/servo_service/lib/python3.12/site-packages/servo_service/srv/__init__.py
-- Symlinking: /home/bilhr2025/BILHR_SS25_DC/Tut2/template/ainex_bilhr_ws/install/servo_service/lib/python3.12/site-packages/servo_service/srv/_joint_lock.py
-- Symlinking: /home/bilhr2025/BILHR_SS25_DC/Tut2/template/ainex_bilhr_ws/install/servo_service/lib/python3.12/site-packages/servo_service/srv/_joint_lock_s.c
-- Symlinking: /home/bilhr2025/BILHR_SS25_DC/Tut2/template/ainex_bilhr_ws/install/servo_service/lib/python3.12/site-packages/servo_service/srv/_joint_position.py
-- Symlinking: /home/bilhr2025/BILHR_SS25_DC/Tut2/template/ainex_bilhr_ws/install/servo_service/lib/python3.12/site-packages/servo_service/srv/_joint_position_s.c
-- Symlinking: /home/bilhr2025/BILHR_SS25_DC/Tut2/template/ainex_bilhr_ws/install/servo_service/lib/python3.12/site-packages/servo_service/srv/_joint_range.py
-- Symlinking: /home/bilhr2025/BILHR_SS25_DC/Tut2/template/ainex_bilhr_ws/install/servo_service/lib/python3.12/site-packages/servo_service/srv/_joint_range_s.c
-- Symlinking: /home/bilhr2025/BILHR_SS25_DC/Tut2/template/ainex_bilhr_ws/install/servo_service/lib/python3.12/site-packages/servo_service/srv/_servo_deviation.py
-- Symlinking: /home/bilhr2025/BILHR_SS25_DC/Tut2/template/ainex_bilhr_ws/install/servo_service/lib/python3.12/site-packages/servo_service/srv/_servo_deviation_s.c
-- Symlinking: /home/bilhr2025/BILHR_SS25_DC/Tut2/template/ainex_bilhr_ws/install/servo_service/lib/python3.12/site-packages/servo_service/srv/_servo_temp.py
-- Symlinking: /home/bilhr2025/BILHR_SS25_DC/Tut2/template/ainex_bilhr_ws/install/servo_service/lib/python3.12/site-packages/servo_service/srv/_servo_temp_s.c
-- Symlinking: /home/bilhr2025/BILHR_SS25_DC/Tut2/template/ainex_bilhr_ws/install/servo_service/lib/python3.12/site-packages/servo_service/srv/_servo_voltage.py
-- Symlinking: /home/bilhr2025/BILHR_SS25_DC/Tut2/template/ainex_bilhr_ws/install/servo_service/lib/python3.12/site-packages/servo_service/srv/_servo_voltage_s.c
-- Up-to-date symlink: /home/bilhr2025/BILHR_SS25_DC/Tut2/template/ainex_bilhr_ws/install/servo_service/lib/python3.12/site-packages/servo_service/servo_service_s__rosidl_typesupport_fastrtps_c.so
-- Up-to-date symlink: /home/bilhr2025/BILHR_SS25_DC/Tut2/template/ainex_bilhr_ws/install/servo_service/lib/python3.12/site-packages/servo_service/servo_service_s__rosidl_typesupport_introspection_c.so
-- Up-to-date symlink: /home/bilhr2025/BILHR_SS25_DC/Tut2/template/ainex_bilhr_ws/install/servo_service/lib/python3.12/site-packages/servo_service/servo_service_s__rosidl_typesupport_c.so
-- Symlinking: /home/bilhr2025/BILHR_SS25_DC/Tut2/template/ainex_bilhr_ws/install/servo_service/share/servo_service/msg/ChangeServoPositions.idl
-- Symlinking: /home/bilhr2025/BILHR_SS25_DC/Tut2/template/ainex_bilhr_ws/install/servo_service/share/servo_service/msg/SetServoPositions.idl
-- Symlinking: /home/bilhr2025/BILHR_SS25_DC/Tut2/template/ainex_bilhr_ws/install/servo_service/share/servo_service/msg/SetJointLock.idl
-- Symlinking: /home/bilhr2025/BILHR_SS25_DC/Tut2/template/ainex_bilhr_ws/install/servo_service/share/servo_service/msg/GetServoPositions.idl
-- Symlinking: /home/bilhr2025/BILHR_SS25_DC/Tut2/template/ainex_bilhr_ws/install/servo_service/share/servo_service/msg/SetPosture.idl
-- Symlinking: /home/bilhr2025/BILHR_SS25_DC/Tut2/template/ainex_bilhr_ws/install/servo_service/share/servo_service/srv/JointLock.idl
-- Symlinking: /home/bilhr2025/BILHR_SS25_DC/Tut2/template/ainex_bilhr_ws/install/servo_service/share/servo_service/srv/ServoTemp.idl
-- Symlinking: /home/bilhr2025/BILHR_SS25_DC/Tut2/template/ainex_bilhr_ws/install/servo_service/share/servo_service/srv/ServoDeviation.idl
-- Symlinking: /home/bilhr2025/BILHR_SS25_DC/Tut2/template/ainex_bilhr_ws/install/servo_service/share/servo_service/srv/ServoVoltage.idl
-- Symlinking: /home/bilhr2025/BILHR_SS25_DC/Tut2/template/ainex_bilhr_ws/install/servo_service/share/servo_service/srv/JointPosition.idl
-- Symlinking: /home/bilhr2025/BILHR_SS25_DC/Tut2/template/ainex_bilhr_ws/install/servo_service/share/servo_service/srv/JointRange.idl
-- Symlinking: /home/bilhr2025/BILHR_SS25_DC/Tut2/template/ainex_bilhr_ws/install/servo_service/share/servo_service/msg/ChangeServoPositions.msg
-- Symlinking: /home/bilhr2025/BILHR_SS25_DC/Tut2/template/ainex_bilhr_ws/install/servo_service/share/servo_service/msg/SetServoPositions.msg
-- Symlinking: /home/bilhr2025/BILHR_SS25_DC/Tut2/template/ainex_bilhr_ws/install/servo_service/share/servo_service/msg/SetJointLock.msg
-- Symlinking: /home/bilhr2025/BILHR_SS25_DC/Tut2/template/ainex_bilhr_ws/install/servo_service/share/servo_service/msg/GetServoPositions.msg
-- Symlinking: /home/bilhr2025/BILHR_SS25_DC/Tut2/template/ainex_bilhr_ws/install/servo_service/share/servo_service/msg/SetPosture.msg
-- Symlinking: /home/bilhr2025/BILHR_SS25_DC/Tut2/template/ainex_bilhr_ws/install/servo_service/share/servo_service/srv/JointLock.srv
-- Symlinking: /home/bilhr2025/BILHR_SS25_DC/Tut2/template/ainex_bilhr_ws/install/servo_service/share/servo_service/srv/ServoTemp.srv
-- Symlinking: /home/bilhr2025/BILHR_SS25_DC/Tut2/template/ainex_bilhr_ws/install/servo_service/share/servo_service/srv/ServoDeviation.srv
-- Symlinking: /home/bilhr2025/BILHR_SS25_DC/Tut2/template/ainex_bilhr_ws/install/servo_service/share/servo_service/srv/ServoVoltage.srv
-- Symlinking: /home/bilhr2025/BILHR_SS25_DC/Tut2/template/ainex_bilhr_ws/install/servo_service/share/servo_service/srv/JointPosition.srv
-- Symlinking: /home/bilhr2025/BILHR_SS25_DC/Tut2/template/ainex_bilhr_ws/install/servo_service/share/servo_service/srv/JointRange.srv
-- Symlinking: /home/bilhr2025/BILHR_SS25_DC/Tut2/template/ainex_bilhr_ws/install/servo_service/share/ament_index/resource_index/package_run_dependencies/servo_service
-- Symlinking: /home/bilhr2025/BILHR_SS25_DC/Tut2/template/ainex_bilhr_ws/install/servo_service/share/ament_index/resource_index/parent_prefix_path/servo_service
-- Symlinking: /home/bilhr2025/BILHR_SS25_DC/Tut2/template/ainex_bilhr_ws/install/servo_service/share/servo_service/environment/ament_prefix_path.sh
-- Symlinking: /home/bilhr2025/BILHR_SS25_DC/Tut2/template/ainex_bilhr_ws/install/servo_service/share/servo_service/environment/ament_prefix_path.dsv
-- Symlinking: /home/bilhr2025/BILHR_SS25_DC/Tut2/template/ainex_bilhr_ws/install/servo_service/share/servo_service/environment/path.sh
-- Symlinking: /home/bilhr2025/BILHR_SS25_DC/Tut2/template/ainex_bilhr_ws/install/servo_service/share/servo_service/environment/path.dsv
-- Symlinking: /home/bilhr2025/BILHR_SS25_DC/Tut2/template/ainex_bilhr_ws/install/servo_service/share/servo_service/local_setup.bash
-- Symlinking: /home/bilhr2025/BILHR_SS25_DC/Tut2/template/ainex_bilhr_ws/install/servo_service/share/servo_service/local_setup.sh
-- Symlinking: /home/bilhr2025/BILHR_SS25_DC/Tut2/template/ainex_bilhr_ws/install/servo_service/share/servo_service/local_setup.zsh
-- Symlinking: /home/bilhr2025/BILHR_SS25_DC/Tut2/template/ainex_bilhr_ws/install/servo_service/share/servo_service/local_setup.dsv
-- Symlinking: /home/bilhr2025/BILHR_SS25_DC/Tut2/template/ainex_bilhr_ws/install/servo_service/share/servo_service/package.dsv
-- Symlinking: /home/bilhr2025/BILHR_SS25_DC/Tut2/template/ainex_bilhr_ws/install/servo_service/share/ament_index/resource_index/packages/servo_service
-- Symlinking: /home/bilhr2025/BILHR_SS25_DC/Tut2/template/ainex_bilhr_ws/install/servo_service/share/servo_service/cmake/rosidl_cmake-extras.cmake
-- Symlinking: /home/bilhr2025/BILHR_SS25_DC/Tut2/template/ainex_bilhr_ws/install/servo_service/share/servo_service/cmake/ament_cmake_export_dependencies-extras.cmake
-- Symlinking: /home/bilhr2025/BILHR_SS25_DC/Tut2/template/ainex_bilhr_ws/install/servo_service/share/servo_service/cmake/ament_cmake_export_include_directories-extras.cmake
-- Symlinking: /home/bilhr2025/BILHR_SS25_DC/Tut2/template/ainex_bilhr_ws/install/servo_service/share/servo_service/cmake/ament_cmake_export_libraries-extras.cmake
-- Symlinking: /home/bilhr2025/BILHR_SS25_DC/Tut2/template/ainex_bilhr_ws/install/servo_service/share/servo_service/cmake/ament_cmake_export_targets-extras.cmake
-- Symlinking: /home/bilhr2025/BILHR_SS25_DC/Tut2/template/ainex_bilhr_ws/install/servo_service/share/servo_service/cmake/rosidl_cmake_export_typesupport_targets-extras.cmake
-- Symlinking: /home/bilhr2025/BILHR_SS25_DC/Tut2/template/ainex_bilhr_ws/install/servo_service/share/servo_service/cmake/rosidl_cmake_export_typesupport_libraries-extras.cmake
-- Symlinking: /home/bilhr2025/BILHR_SS25_DC/Tut2/template/ainex_bilhr_ws/install/servo_service/share/servo_service/cmake/servo_serviceConfig.cmake
-- Symlinking: /home/bilhr2025/BILHR_SS25_DC/Tut2/template/ainex_bilhr_ws/install/servo_service/share/servo_service/cmake/servo_serviceConfig-version.cmake
-- Symlinking: /home/bilhr2025/BILHR_SS25_DC/Tut2/template/ainex_bilhr_ws/install/servo_service/share/servo_service/package.xml
-- Installing: /home/bilhr2025/BILHR_SS25_DC/Tut2/template/ainex_bilhr_ws/install/servo_service/lib/libservo_service__rosidl_generator_c.so
-- Set non-toolchain portion of runtime path of "/home/bilhr2025/BILHR_SS25_DC/Tut2/template/ainex_bilhr_ws/install/servo_service/lib/libservo_service__rosidl_generator_c.so" to ""
-- Installing: /home/bilhr2025/BILHR_SS25_DC/Tut2/template/ainex_bilhr_ws/install/servo_service/lib/libservo_service__rosidl_typesupport_fastrtps_c.so
-- Set non-toolchain portion of runtime path of "/home/bilhr2025/BILHR_SS25_DC/Tut2/template/ainex_bilhr_ws/install/servo_service/lib/libservo_service__rosidl_typesupport_fastrtps_c.so" to ""
-- Installing: /home/bilhr2025/BILHR_SS25_DC/Tut2/template/ainex_bilhr_ws/install/servo_service/lib/libservo_service__rosidl_typesupport_fastrtps_cpp.so
-- Set non-toolchain portion of runtime path of "/home/bilhr2025/BILHR_SS25_DC/Tut2/template/ainex_bilhr_ws/install/servo_service/lib/libservo_service__rosidl_typesupport_fastrtps_cpp.so" to ""
-- Installing: /home/bilhr2025/BILHR_SS25_DC/Tut2/template/ainex_bilhr_ws/install/servo_service/lib/libservo_service__rosidl_typesupport_introspection_c.so
-- Set non-toolchain portion of runtime path of "/home/bilhr2025/BILHR_SS25_DC/Tut2/template/ainex_bilhr_ws/install/servo_service/lib/libservo_service__rosidl_typesupport_introspection_c.so" to ""
-- Installing: /home/bilhr2025/BILHR_SS25_DC/Tut2/template/ainex_bilhr_ws/install/servo_service/lib/libservo_service__rosidl_typesupport_c.so
-- Set non-toolchain portion of runtime path of "/home/bilhr2025/BILHR_SS25_DC/Tut2/template/ainex_bilhr_ws/install/servo_service/lib/libservo_service__rosidl_typesupport_c.so" to ""
-- Installing: /home/bilhr2025/BILHR_SS25_DC/Tut2/template/ainex_bilhr_ws/install/servo_service/lib/libservo_service__rosidl_typesupport_introspection_cpp.so
-- Set non-toolchain portion of runtime path of "/home/bilhr2025/BILHR_SS25_DC/Tut2/template/ainex_bilhr_ws/install/servo_service/lib/libservo_service__rosidl_typesupport_introspection_cpp.so" to ""
-- Installing: /home/bilhr2025/BILHR_SS25_DC/Tut2/template/ainex_bilhr_ws/install/servo_service/lib/libservo_service__rosidl_typesupport_cpp.so
-- Set non-toolchain portion of runtime path of "/home/bilhr2025/BILHR_SS25_DC/Tut2/template/ainex_bilhr_ws/install/servo_service/lib/libservo_service__rosidl_typesupport_cpp.so" to ""
Listing '/home/bilhr2025/BILHR_SS25_DC/Tut2/template/ainex_bilhr_ws/install/servo_service/lib/python3.12/site-packages/servo_service'...
Compiling '/home/bilhr2025/BILHR_SS25_DC/Tut2/template/ainex_bilhr_ws/install/servo_service/lib/python3.12/site-packages/servo_service/__init__.py'...
Listing '/home/bilhr2025/BILHR_SS25_DC/Tut2/template/ainex_bilhr_ws/install/servo_service/lib/python3.12/site-packages/servo_service/msg'...
Compiling '/home/bilhr2025/BILHR_SS25_DC/Tut2/template/ainex_bilhr_ws/install/servo_service/lib/python3.12/site-packages/servo_service/msg/__init__.py'...
Compiling '/home/bilhr2025/BILHR_SS25_DC/Tut2/template/ainex_bilhr_ws/install/servo_service/lib/python3.12/site-packages/servo_service/msg/_change_servo_positions.py'...
Compiling '/home/bilhr2025/BILHR_SS25_DC/Tut2/template/ainex_bilhr_ws/install/servo_service/lib/python3.12/site-packages/servo_service/msg/_get_servo_positions.py'...
Compiling '/home/bilhr2025/BILHR_SS25_DC/Tut2/template/ainex_bilhr_ws/install/servo_service/lib/python3.12/site-packages/servo_service/msg/_set_joint_lock.py'...
Compiling '/home/bilhr2025/BILHR_SS25_DC/Tut2/template/ainex_bilhr_ws/install/servo_service/lib/python3.12/site-packages/servo_service/msg/_set_posture.py'...
Compiling '/home/bilhr2025/BILHR_SS25_DC/Tut2/template/ainex_bilhr_ws/install/servo_service/lib/python3.12/site-packages/servo_service/msg/_set_servo_positions.py'...
Listing '/home/bilhr2025/BILHR_SS25_DC/Tut2/template/ainex_bilhr_ws/install/servo_service/lib/python3.12/site-packages/servo_service/srv'...
Compiling '/home/bilhr2025/BILHR_SS25_DC/Tut2/template/ainex_bilhr_ws/install/servo_service/lib/python3.12/site-packages/servo_service/srv/__init__.py'...
Compiling '/home/bilhr2025/BILHR_SS25_DC/Tut2/template/ainex_bilhr_ws/install/servo_service/lib/python3.12/site-packages/servo_service/srv/_joint_lock.py'...
Compiling '/home/bilhr2025/BILHR_SS25_DC/Tut2/template/ainex_bilhr_ws/install/servo_service/lib/python3.12/site-packages/servo_service/srv/_joint_position.py'...
Compiling '/home/bilhr2025/BILHR_SS25_DC/Tut2/template/ainex_bilhr_ws/install/servo_service/lib/python3.12/site-packages/servo_service/srv/_joint_range.py'...
Compiling '/home/bilhr2025/BILHR_SS25_DC/Tut2/template/ainex_bilhr_ws/install/servo_service/lib/python3.12/site-packages/servo_service/srv/_servo_deviation.py'...
Compiling '/home/bilhr2025/BILHR_SS25_DC/Tut2/template/ainex_bilhr_ws/install/servo_service/lib/python3.12/site-packages/servo_service/srv/_servo_temp.py'...
Compiling '/home/bilhr2025/BILHR_SS25_DC/Tut2/template/ainex_bilhr_ws/install/servo_service/lib/python3.12/site-packages/servo_service/srv/_servo_voltage.py'...
-- Installing: /home/bilhr2025/BILHR_SS25_DC/Tut2/template/ainex_bilhr_ws/install/servo_service/lib/libservo_service__rosidl_generator_py.so
-- Set non-toolchain portion of runtime path of "/home/bilhr2025/BILHR_SS25_DC/Tut2/template/ainex_bilhr_ws/install/servo_service/lib/libservo_service__rosidl_generator_py.so" to ""
-- Installing: /home/bilhr2025/BILHR_SS25_DC/Tut2/template/ainex_bilhr_ws/install/servo_service/share/servo_service/cmake/export_servo_service__rosidl_generator_cExport.cmake
-- Installing: /home/bilhr2025/BILHR_SS25_DC/Tut2/template/ainex_bilhr_ws/install/servo_service/share/servo_service/cmake/export_servo_service__rosidl_generator_cExport-noconfig.cmake
-- Installing: /home/bilhr2025/BILHR_SS25_DC/Tut2/template/ainex_bilhr_ws/install/servo_service/share/servo_service/cmake/export_servo_service__rosidl_typesupport_fastrtps_cExport.cmake
-- Installing: /home/bilhr2025/BILHR_SS25_DC/Tut2/template/ainex_bilhr_ws/install/servo_service/share/servo_service/cmake/export_servo_service__rosidl_typesupport_fastrtps_cExport-noconfig.cmake
-- Installing: /home/bilhr2025/BILHR_SS25_DC/Tut2/template/ainex_bilhr_ws/install/servo_service/share/servo_service/cmake/export_servo_service__rosidl_generator_cppExport.cmake
-- Installing: /home/bilhr2025/BILHR_SS25_DC/Tut2/template/ainex_bilhr_ws/install/servo_service/share/servo_service/cmake/export_servo_service__rosidl_typesupport_fastrtps_cppExport.cmake
-- Installing: /home/bilhr2025/BILHR_SS25_DC/Tut2/template/ainex_bilhr_ws/install/servo_service/share/servo_service/cmake/export_servo_service__rosidl_typesupport_fastrtps_cppExport-noconfig.cmake
-- Installing: /home/bilhr2025/BILHR_SS25_DC/Tut2/template/ainex_bilhr_ws/install/servo_service/share/servo_service/cmake/servo_service__rosidl_typesupport_introspection_cExport.cmake
-- Installing: /home/bilhr2025/BILHR_SS25_DC/Tut2/template/ainex_bilhr_ws/install/servo_service/share/servo_service/cmake/servo_service__rosidl_typesupport_introspection_cExport-noconfig.cmake
-- Installing: /home/bilhr2025/BILHR_SS25_DC/Tut2/template/ainex_bilhr_ws/install/servo_service/share/servo_service/cmake/servo_service__rosidl_typesupport_cExport.cmake
-- Installing: /home/bilhr2025/BILHR_SS25_DC/Tut2/template/ainex_bilhr_ws/install/servo_service/share/servo_service/cmake/servo_service__rosidl_typesupport_cExport-noconfig.cmake
-- Installing: /home/bilhr2025/BILHR_SS25_DC/Tut2/template/ainex_bilhr_ws/install/servo_service/share/servo_service/cmake/servo_service__rosidl_typesupport_introspection_cppExport.cmake
-- Installing: /home/bilhr2025/BILHR_SS25_DC/Tut2/template/ainex_bilhr_ws/install/servo_service/share/servo_service/cmake/servo_service__rosidl_typesupport_introspection_cppExport-noconfig.cmake
-- Installing: /home/bilhr2025/BILHR_SS25_DC/Tut2/template/ainex_bilhr_ws/install/servo_service/share/servo_service/cmake/servo_service__rosidl_typesupport_cppExport.cmake
-- Installing: /home/bilhr2025/BILHR_SS25_DC/Tut2/template/ainex_bilhr_ws/install/servo_service/share/servo_service/cmake/servo_service__rosidl_typesupport_cppExport-noconfig.cmake
-- Installing: /home/bilhr2025/BILHR_SS25_DC/Tut2/template/ainex_bilhr_ws/install/servo_service/share/servo_service/cmake/export_servo_service__rosidl_generator_pyExport.cmake
-- Installing: /home/bilhr2025/BILHR_SS25_DC/Tut2/template/ainex_bilhr_ws/install/servo_service/share/servo_service/cmake/export_servo_service__rosidl_generator_pyExport-noconfig.cmake
