[0.016s] Invoking command in '/home/bilhr2025/BILHR_SS25_DC/Tut2/template/ainex_bilhr_ws/build/servo_service': CMAKE_PREFIX_PATH=${CMAKE_PREFIX_PATH}:/opt/ros/jazzy DEBUGINFOD_URLS=https://debuginfod.ubuntu.com /usr/bin/cmake /home/bilhr2025/BILHR_SS25_DC/Tut2/template/ainex_bilhr_ws/src/servo_service -DAMENT_CMAKE_SYMLINK_INSTALL=1 -DCMAKE_INSTALL_PREFIX=/home/bilhr2025/BILHR_SS25_DC/Tut2/template/ainex_bilhr_ws/install/servo_service
[0.188s] -- The C compiler identification is GNU 13.3.0
[0.312s] -- The CXX compiler identification is GNU 13.3.0
[0.333s] -- Detecting C compiler ABI info
[0.433s] -- Detecting C compiler ABI info - done
[0.442s] -- Check for working C compiler: /usr/bin/cc - skipped
[0.443s] -- Detecting C compile features
[0.444s] -- Detecting C compile features - done
[0.454s] -- Detecting CXX compiler ABI info
[0.566s] -- Detecting CXX compiler ABI info - done
[0.576s] -- Check for working CXX compiler: /usr/bin/c++ - skipped
[0.576s] -- Detecting CXX compile features
[0.577s] -- Detecting CXX compile features - done
[0.581s] -- Found ament_cmake: 2.5.4 (/opt/ros/jazzy/share/ament_cmake/cmake)
[0.744s] -- Found Python3: /usr/bin/python3 (found version "3.12.3") found components: Interpreter 
[0.826s] -- Override CMake install command with custom implementation using symlinks instead of copying resources
[0.879s] -- Found geometry_msgs: 5.3.6 (/opt/ros/jazzy/share/geometry_msgs/cmake)
[0.935s] -- Found rosidl_generator_c: 4.6.5 (/opt/ros/jazzy/share/rosidl_generator_c/cmake)
[0.953s] -- Found rosidl_generator_cpp: 4.6.5 (/opt/ros/jazzy/share/rosidl_generator_cpp/cmake)
[0.977s] -- Using all available rosidl_typesupport_c: rosidl_typesupport_fastrtps_c;rosidl_typesupport_introspection_c
[1.002s] -- Using all available rosidl_typesupport_cpp: rosidl_typesupport_fastrtps_cpp;rosidl_typesupport_introspection_cpp
[1.070s] -- Found rosidl_default_generators: 1.6.0 (/opt/ros/jazzy/share/rosidl_default_generators/cmake)
[1.090s] -- Found rosidl_adapter: 4.6.5 (/opt/ros/jazzy/share/rosidl_adapter/cmake)
[1.844s] -- Found ament_cmake_ros: 0.12.0 (/opt/ros/jazzy/share/ament_cmake_ros/cmake)
[2.762s] -- Using all available rosidl_typesupport_c: rosidl_typesupport_fastrtps_c;rosidl_typesupport_introspection_c
[3.110s] -- Using all available rosidl_typesupport_cpp: rosidl_typesupport_fastrtps_cpp;rosidl_typesupport_introspection_cpp
[3.116s] -- Found python_cmake_module: 0.11.1 (/opt/ros/jazzy/share/python_cmake_module/cmake)
[3.253s] -- Found PythonExtra: /usr/bin/python3  
[3.698s] -- Found Python3: /usr/bin/python3 (found version "3.12.3") found components: Interpreter Development NumPy Development.Module Development.Embed 
[3.773s] -- Found ament_lint_auto: 0.17.2 (/opt/ros/jazzy/share/ament_lint_auto/cmake)
[3.808s] -- Added test 'lint_cmake' to check CMake code style
[3.811s] -- Added test 'xmllint' to check XML markup files
[3.816s] -- Configuring done (3.8s)
[3.883s] -- Generating done (0.1s)
[3.896s] -- Build files have been written to: /home/bilhr2025/BILHR_SS25_DC/Tut2/template/ainex_bilhr_ws/build/servo_service
[3.907s] Invoked command in '/home/bilhr2025/BILHR_SS25_DC/Tut2/template/ainex_bilhr_ws/build/servo_service' returned '0': CMAKE_PREFIX_PATH=${CMAKE_PREFIX_PATH}:/opt/ros/jazzy DEBUGINFOD_URLS=https://debuginfod.ubuntu.com /usr/bin/cmake /home/bilhr2025/BILHR_SS25_DC/Tut2/template/ainex_bilhr_ws/src/servo_service -DAMENT_CMAKE_SYMLINK_INSTALL=1 -DCMAKE_INSTALL_PREFIX=/home/bilhr2025/BILHR_SS25_DC/Tut2/template/ainex_bilhr_ws/install/servo_service
[3.908s] Invoking command in '/home/bilhr2025/BILHR_SS25_DC/Tut2/template/ainex_bilhr_ws/build/servo_service': CMAKE_PREFIX_PATH=${CMAKE_PREFIX_PATH}:/opt/ros/jazzy DEBUGINFOD_URLS=https://debuginfod.ubuntu.com /usr/bin/cmake --build /home/bilhr2025/BILHR_SS25_DC/Tut2/template/ainex_bilhr_ws/build/servo_service -- -j8 -l8
[3.966s] [  1%] [34m[1mGenerating type hashes for ROS interfaces[0m
[3.975s] [  1%] Built target ament_cmake_python_symlink_servo_service
[4.203s] running egg_info
[4.204s] creating servo_service.egg-info
[4.226s] writing servo_service.egg-info/PKG-INFO
[4.226s] writing dependency_links to servo_service.egg-info/dependency_links.txt
[4.226s] writing top-level names to servo_service.egg-info/top_level.txt
[4.227s] writing manifest file 'servo_service.egg-info/SOURCES.txt'
[4.273s] [  1%] Built target servo_service__rosidl_generator_type_description
[4.286s] [  2%] [34m[1mGenerating C code for ROS interfaces[0m
[4.297s] [  2%] [34m[1mGenerating C++ code for ROS interfaces[0m
[4.304s] reading manifest file 'servo_service.egg-info/SOURCES.txt'
[4.304s] writing manifest file 'servo_service.egg-info/SOURCES.txt'
[4.337s] [  2%] Built target ament_cmake_python_build_servo_service_egg
[5.210s] [  2%] Built target servo_service__cpp
[5.489s] [  3%] [32mBuilding C object CMakeFiles/servo_service__rosidl_generator_c.dir/rosidl_generator_c/servo_service/msg/detail/change_servo_positions__description.c.o[0m
[5.489s] [  5%] [32mBuilding C object CMakeFiles/servo_service__rosidl_generator_c.dir/rosidl_generator_c/servo_service/msg/detail/set_servo_positions__description.c.o[0m
[5.489s] [  5%] [32mBuilding C object CMakeFiles/servo_service__rosidl_generator_c.dir/rosidl_generator_c/servo_service/msg/detail/change_servo_positions__type_support.c.o[0m
[5.490s] [  6%] [32mBuilding C object CMakeFiles/servo_service__rosidl_generator_c.dir/rosidl_generator_c/servo_service/msg/detail/set_servo_positions__type_support.c.o[0m
[5.490s] [  5%] [32mBuilding C object CMakeFiles/servo_service__rosidl_generator_c.dir/rosidl_generator_c/servo_service/msg/detail/change_servo_positions__functions.c.o[0m
[5.490s] [  7%] [32mBuilding C object CMakeFiles/servo_service__rosidl_generator_c.dir/rosidl_generator_c/servo_service/msg/detail/set_joint_lock__description.c.o[0m
[5.491s] [  7%] [32mBuilding C object CMakeFiles/servo_service__rosidl_generator_c.dir/rosidl_generator_c/servo_service/msg/detail/set_servo_positions__functions.c.o[0m
[5.491s] [  8%] [32mBuilding C object CMakeFiles/servo_service__rosidl_generator_c.dir/rosidl_generator_c/servo_service/msg/detail/set_joint_lock__functions.c.o[0m
[5.552s] [  8%] [32mBuilding C object CMakeFiles/servo_service__rosidl_generator_c.dir/rosidl_generator_c/servo_service/msg/detail/set_joint_lock__type_support.c.o[0m
[5.553s] [  9%] [32mBuilding C object CMakeFiles/servo_service__rosidl_generator_c.dir/rosidl_generator_c/servo_service/msg/detail/get_servo_positions__description.c.o[0m
[5.566s] [ 10%] [32mBuilding C object CMakeFiles/servo_service__rosidl_generator_c.dir/rosidl_generator_c/servo_service/msg/detail/get_servo_positions__functions.c.o[0m
[5.566s] [ 11%] [32mBuilding C object CMakeFiles/servo_service__rosidl_generator_c.dir/rosidl_generator_c/servo_service/msg/detail/get_servo_positions__type_support.c.o[0m
[5.573s] [ 11%] [32mBuilding C object CMakeFiles/servo_service__rosidl_generator_c.dir/rosidl_generator_c/servo_service/msg/detail/set_posture__description.c.o[0m
[5.591s] [ 12%] [32mBuilding C object CMakeFiles/servo_service__rosidl_generator_c.dir/rosidl_generator_c/servo_service/msg/detail/set_posture__functions.c.o[0m
[5.591s] [ 13%] [32mBuilding C object CMakeFiles/servo_service__rosidl_generator_c.dir/rosidl_generator_c/servo_service/msg/detail/set_posture__type_support.c.o[0m
[5.593s] [ 14%] [32mBuilding C object CMakeFiles/servo_service__rosidl_generator_c.dir/rosidl_generator_c/servo_service/srv/detail/joint_lock__description.c.o[0m
[5.605s] [ 14%] [32mBuilding C object CMakeFiles/servo_service__rosidl_generator_c.dir/rosidl_generator_c/servo_service/srv/detail/joint_lock__functions.c.o[0m
[5.619s] [ 15%] [32mBuilding C object CMakeFiles/servo_service__rosidl_generator_c.dir/rosidl_generator_c/servo_service/srv/detail/joint_lock__type_support.c.o[0m
[5.627s] [ 16%] [32mBuilding C object CMakeFiles/servo_service__rosidl_generator_c.dir/rosidl_generator_c/servo_service/srv/detail/servo_temp__description.c.o[0m
[5.637s] [ 17%] [32mBuilding C object CMakeFiles/servo_service__rosidl_generator_c.dir/rosidl_generator_c/servo_service/srv/detail/servo_temp__functions.c.o[0m
[5.649s] [ 17%] [32mBuilding C object CMakeFiles/servo_service__rosidl_generator_c.dir/rosidl_generator_c/servo_service/srv/detail/servo_temp__type_support.c.o[0m
[5.662s] [ 18%] [32mBuilding C object CMakeFiles/servo_service__rosidl_generator_c.dir/rosidl_generator_c/servo_service/srv/detail/servo_deviation__description.c.o[0m
[5.677s] [ 19%] [32mBuilding C object CMakeFiles/servo_service__rosidl_generator_c.dir/rosidl_generator_c/servo_service/srv/detail/servo_deviation__functions.c.o[0m
[5.688s] [ 20%] [32mBuilding C object CMakeFiles/servo_service__rosidl_generator_c.dir/rosidl_generator_c/servo_service/srv/detail/servo_deviation__type_support.c.o[0m
[5.689s] [ 20%] [32mBuilding C object CMakeFiles/servo_service__rosidl_generator_c.dir/rosidl_generator_c/servo_service/srv/detail/servo_voltage__description.c.o[0m
[5.715s] [ 21%] [32mBuilding C object CMakeFiles/servo_service__rosidl_generator_c.dir/rosidl_generator_c/servo_service/srv/detail/servo_voltage__functions.c.o[0m
[5.719s] [ 22%] [32mBuilding C object CMakeFiles/servo_service__rosidl_generator_c.dir/rosidl_generator_c/servo_service/srv/detail/servo_voltage__type_support.c.o[0m
[5.737s] [ 23%] [32mBuilding C object CMakeFiles/servo_service__rosidl_generator_c.dir/rosidl_generator_c/servo_service/srv/detail/joint_position__description.c.o[0m
[5.751s] [ 23%] [32mBuilding C object CMakeFiles/servo_service__rosidl_generator_c.dir/rosidl_generator_c/servo_service/srv/detail/joint_position__functions.c.o[0m
[5.761s] [ 24%] [32mBuilding C object CMakeFiles/servo_service__rosidl_generator_c.dir/rosidl_generator_c/servo_service/srv/detail/joint_position__type_support.c.o[0m
[5.776s] [ 25%] [32mBuilding C object CMakeFiles/servo_service__rosidl_generator_c.dir/rosidl_generator_c/servo_service/srv/detail/joint_range__description.c.o[0m
[5.777s] [ 26%] [32mBuilding C object CMakeFiles/servo_service__rosidl_generator_c.dir/rosidl_generator_c/servo_service/srv/detail/joint_range__functions.c.o[0m
[5.792s] [ 26%] [32mBuilding C object CMakeFiles/servo_service__rosidl_generator_c.dir/rosidl_generator_c/servo_service/srv/detail/joint_range__type_support.c.o[0m
[5.876s] [ 27%] [32m[1mLinking C shared library libservo_service__rosidl_generator_c.so[0m
[5.925s] [ 27%] Built target servo_service__rosidl_generator_c
[5.938s] [ 29%] [34m[1mGenerating C type support for eProsima Fast-RTPS[0m
[5.938s] [ 29%] [34m[1mGenerating C++ type support for eProsima Fast-RTPS[0m
[5.939s] [ 29%] [34m[1mGenerating C++ type support dispatch for ROS interfaces[0m
[5.941s] [ 30%] [34m[1mGenerating C introspection for ROS interfaces[0m
[5.941s] [ 30%] [34m[1mGenerating C type support dispatch for ROS interfaces[0m
[5.941s] [ 31%] [34m[1mGenerating C++ introspection for ROS interfaces[0m
[6.788s] [ 32%] [32mBuilding C object CMakeFiles/servo_service__rosidl_typesupport_introspection_c.dir/rosidl_typesupport_introspection_c/servo_service/msg/detail/change_servo_positions__type_support.c.o[0m
[6.788s] [ 33%] [32mBuilding C object CMakeFiles/servo_service__rosidl_typesupport_introspection_c.dir/rosidl_typesupport_introspection_c/servo_service/msg/detail/set_servo_positions__type_support.c.o[0m
[6.788s] [ 34%] [32mBuilding C object CMakeFiles/servo_service__rosidl_typesupport_introspection_c.dir/rosidl_typesupport_introspection_c/servo_service/msg/detail/set_joint_lock__type_support.c.o[0m
[6.806s] [ 34%] [32mBuilding CXX object CMakeFiles/servo_service__rosidl_typesupport_c.dir/rosidl_typesupport_c/servo_service/msg/change_servo_positions__type_support.cpp.o[0m
[6.806s] [ 35%] [32mBuilding CXX object CMakeFiles/servo_service__rosidl_typesupport_cpp.dir/rosidl_typesupport_cpp/servo_service/msg/change_servo_positions__type_support.cpp.o[0m
[6.864s] [ 35%] [32mBuilding C object CMakeFiles/servo_service__rosidl_typesupport_introspection_c.dir/rosidl_typesupport_introspection_c/servo_service/msg/detail/get_servo_positions__type_support.c.o[0m
[6.864s] [ 36%] [32mBuilding C object CMakeFiles/servo_service__rosidl_typesupport_introspection_c.dir/rosidl_typesupport_introspection_c/servo_service/msg/detail/set_posture__type_support.c.o[0m
[6.869s] [ 37%] [32mBuilding C object CMakeFiles/servo_service__rosidl_typesupport_introspection_c.dir/rosidl_typesupport_introspection_c/servo_service/srv/detail/joint_lock__type_support.c.o[0m
[6.893s] [ 38%] [32mBuilding CXX object CMakeFiles/servo_service__rosidl_typesupport_c.dir/rosidl_typesupport_c/servo_service/msg/set_servo_positions__type_support.cpp.o[0m
[6.925s] [ 39%] [32mBuilding CXX object CMakeFiles/servo_service__rosidl_typesupport_cpp.dir/rosidl_typesupport_cpp/servo_service/msg/set_servo_positions__type_support.cpp.o[0m
[6.951s] [ 40%] [32mBuilding C object CMakeFiles/servo_service__rosidl_typesupport_introspection_c.dir/rosidl_typesupport_introspection_c/servo_service/srv/detail/servo_temp__type_support.c.o[0m
[6.963s] [ 40%] [32mBuilding C object CMakeFiles/servo_service__rosidl_typesupport_introspection_c.dir/rosidl_typesupport_introspection_c/servo_service/srv/detail/servo_deviation__type_support.c.o[0m
[6.976s] [ 41%] [32mBuilding CXX object CMakeFiles/servo_service__rosidl_typesupport_c.dir/rosidl_typesupport_c/servo_service/msg/set_joint_lock__type_support.cpp.o[0m
[7.040s] [ 42%] [32mBuilding C object CMakeFiles/servo_service__rosidl_typesupport_introspection_c.dir/rosidl_typesupport_introspection_c/servo_service/srv/detail/servo_voltage__type_support.c.o[0m
[7.059s] [ 43%] [32mBuilding CXX object CMakeFiles/servo_service__rosidl_typesupport_c.dir/rosidl_typesupport_c/servo_service/msg/get_servo_positions__type_support.cpp.o[0m
[7.076s] [ 43%] [32mBuilding CXX object CMakeFiles/servo_service__rosidl_typesupport_c.dir/rosidl_typesupport_c/servo_service/msg/set_posture__type_support.cpp.o[0m
[7.146s] [ 44%] [32mBuilding CXX object CMakeFiles/servo_service__rosidl_typesupport_cpp.dir/rosidl_typesupport_cpp/servo_service/msg/set_joint_lock__type_support.cpp.o[0m
[7.146s] [ 45%] [32mBuilding C object CMakeFiles/servo_service__rosidl_typesupport_introspection_c.dir/rosidl_typesupport_introspection_c/servo_service/srv/detail/joint_position__type_support.c.o[0m
[7.154s] [ 46%] [32mBuilding CXX object CMakeFiles/servo_service__rosidl_typesupport_c.dir/rosidl_typesupport_c/servo_service/srv/joint_lock__type_support.cpp.o[0m
[7.244s] [ 48%] [32mBuilding CXX object CMakeFiles/servo_service__rosidl_typesupport_c.dir/rosidl_typesupport_c/servo_service/srv/servo_temp__type_support.cpp.o[0m
[7.245s] [ 48%] [32mBuilding C object CMakeFiles/servo_service__rosidl_typesupport_introspection_c.dir/rosidl_typesupport_introspection_c/servo_service/srv/detail/joint_range__type_support.c.o[0m
[7.330s] [ 49%] [32mBuilding CXX object CMakeFiles/servo_service__rosidl_typesupport_introspection_cpp.dir/rosidl_typesupport_introspection_cpp/servo_service/msg/detail/change_servo_positions__type_support.cpp.o[0m
[7.331s] [ 50%] [32mBuilding CXX object CMakeFiles/servo_service__rosidl_typesupport_c.dir/rosidl_typesupport_c/servo_service/srv/servo_deviation__type_support.cpp.o[0m
[7.352s] [ 50%] [32m[1mLinking C shared library libservo_service__rosidl_typesupport_introspection_c.so[0m
[7.414s] [ 50%] [32mBuilding CXX object CMakeFiles/servo_service__rosidl_typesupport_c.dir/rosidl_typesupport_c/servo_service/srv/servo_voltage__type_support.cpp.o[0m
[7.414s] [ 50%] Built target servo_service__rosidl_typesupport_introspection_c
[7.442s] [ 52%] [32mBuilding CXX object CMakeFiles/servo_service__rosidl_typesupport_introspection_cpp.dir/rosidl_typesupport_introspection_cpp/servo_service/msg/detail/set_servo_positions__type_support.cpp.o[0m
[7.444s] [ 52%] [32mBuilding CXX object CMakeFiles/servo_service__rosidl_typesupport_c.dir/rosidl_typesupport_c/servo_service/srv/joint_position__type_support.cpp.o[0m
[7.446s] [ 52%] [32mBuilding CXX object CMakeFiles/servo_service__rosidl_typesupport_introspection_cpp.dir/rosidl_typesupport_introspection_cpp/servo_service/msg/detail/set_joint_lock__type_support.cpp.o[0m
[7.498s] [ 53%] [32mBuilding CXX object CMakeFiles/servo_service__rosidl_typesupport_introspection_cpp.dir/rosidl_typesupport_introspection_cpp/servo_service/msg/detail/get_servo_positions__type_support.cpp.o[0m
[7.526s] [ 54%] [32mBuilding CXX object CMakeFiles/servo_service__rosidl_typesupport_c.dir/rosidl_typesupport_c/servo_service/srv/joint_range__type_support.cpp.o[0m
[7.538s] [ 54%] [32mBuilding CXX object CMakeFiles/servo_service__rosidl_typesupport_fastrtps_cpp.dir/rosidl_typesupport_fastrtps_cpp/servo_service/msg/detail/dds_fastrtps/change_servo_positions__type_support.cpp.o[0m
[7.611s] [ 55%] [32m[1mLinking CXX shared library libservo_service__rosidl_typesupport_c.so[0m
[7.688s] [ 55%] Built target servo_service__rosidl_typesupport_c
[7.705s] [ 55%] [32mBuilding CXX object CMakeFiles/servo_service__rosidl_typesupport_cpp.dir/rosidl_typesupport_cpp/servo_service/msg/get_servo_positions__type_support.cpp.o[0m
[7.712s] [ 56%] [32mBuilding CXX object CMakeFiles/servo_service__rosidl_typesupport_introspection_cpp.dir/rosidl_typesupport_introspection_cpp/servo_service/msg/detail/set_posture__type_support.cpp.o[0m
[8.019s] [ 57%] [32mBuilding CXX object CMakeFiles/servo_service__rosidl_typesupport_cpp.dir/rosidl_typesupport_cpp/servo_service/msg/set_posture__type_support.cpp.o[0m
[8.070s] [ 58%] [32mBuilding CXX object CMakeFiles/servo_service__rosidl_typesupport_fastrtps_cpp.dir/rosidl_typesupport_fastrtps_cpp/servo_service/msg/detail/dds_fastrtps/set_servo_positions__type_support.cpp.o[0m
[8.118s] [ 59%] [32mBuilding CXX object CMakeFiles/servo_service__rosidl_typesupport_fastrtps_c.dir/rosidl_typesupport_fastrtps_c/servo_service/msg/detail/change_servo_positions__type_support_c.cpp.o[0m
[8.124s] [ 59%] [32mBuilding CXX object CMakeFiles/servo_service__rosidl_typesupport_fastrtps_c.dir/rosidl_typesupport_fastrtps_c/servo_service/msg/detail/set_servo_positions__type_support_c.cpp.o[0m
[8.140s] [ 60%] [32mBuilding CXX object CMakeFiles/servo_service__rosidl_typesupport_fastrtps_cpp.dir/rosidl_typesupport_fastrtps_cpp/servo_service/msg/detail/dds_fastrtps/set_joint_lock__type_support.cpp.o[0m
[8.269s] [ 62%] [32mBuilding CXX object CMakeFiles/servo_service__rosidl_typesupport_introspection_cpp.dir/rosidl_typesupport_introspection_cpp/servo_service/srv/detail/joint_lock__type_support.cpp.o[0m
[8.272s] [ 62%] [32mBuilding CXX object CMakeFiles/servo_service__rosidl_typesupport_fastrtps_c.dir/rosidl_typesupport_fastrtps_c/servo_service/msg/detail/set_joint_lock__type_support_c.cpp.o[0m
[8.492s] [ 63%] [32mBuilding CXX object CMakeFiles/servo_service__rosidl_typesupport_fastrtps_c.dir/rosidl_typesupport_fastrtps_c/servo_service/msg/detail/get_servo_positions__type_support_c.cpp.o[0m
[8.598s] [ 64%] [32mBuilding CXX object CMakeFiles/servo_service__rosidl_typesupport_cpp.dir/rosidl_typesupport_cpp/servo_service/srv/joint_lock__type_support.cpp.o[0m
[8.945s] [ 64%] [32mBuilding CXX object CMakeFiles/servo_service__rosidl_typesupport_cpp.dir/rosidl_typesupport_cpp/servo_service/srv/servo_temp__type_support.cpp.o[0m
[8.994s] [ 65%] [32mBuilding CXX object CMakeFiles/servo_service__rosidl_typesupport_fastrtps_c.dir/rosidl_typesupport_fastrtps_c/servo_service/msg/detail/set_posture__type_support_c.cpp.o[0m
[9.021s] [ 66%] [32mBuilding CXX object CMakeFiles/servo_service__rosidl_typesupport_fastrtps_cpp.dir/rosidl_typesupport_fastrtps_cpp/servo_service/msg/detail/dds_fastrtps/get_servo_positions__type_support.cpp.o[0m
[9.058s] [ 67%] [32mBuilding CXX object CMakeFiles/servo_service__rosidl_typesupport_cpp.dir/rosidl_typesupport_cpp/servo_service/srv/servo_deviation__type_support.cpp.o[0m
[9.095s] [ 67%] [32mBuilding CXX object CMakeFiles/servo_service__rosidl_typesupport_introspection_cpp.dir/rosidl_typesupport_introspection_cpp/servo_service/srv/detail/servo_temp__type_support.cpp.o[0m
[9.167s] [ 68%] [32mBuilding CXX object CMakeFiles/servo_service__rosidl_typesupport_introspection_cpp.dir/rosidl_typesupport_introspection_cpp/servo_service/srv/detail/servo_deviation__type_support.cpp.o[0m
[9.301s] [ 68%] [32mBuilding CXX object CMakeFiles/servo_service__rosidl_typesupport_fastrtps_cpp.dir/rosidl_typesupport_fastrtps_cpp/servo_service/msg/detail/dds_fastrtps/set_posture__type_support.cpp.o[0m
[9.338s] [ 68%] [32mBuilding CXX object CMakeFiles/servo_service__rosidl_typesupport_fastrtps_c.dir/rosidl_typesupport_fastrtps_c/servo_service/srv/detail/joint_lock__type_support_c.cpp.o[0m
[9.744s] [ 69%] [32mBuilding CXX object CMakeFiles/servo_service__rosidl_typesupport_introspection_cpp.dir/rosidl_typesupport_introspection_cpp/servo_service/srv/detail/servo_voltage__type_support.cpp.o[0m
[9.827s] [ 70%] [32mBuilding CXX object CMakeFiles/servo_service__rosidl_typesupport_introspection_cpp.dir/rosidl_typesupport_introspection_cpp/servo_service/srv/detail/joint_position__type_support.cpp.o[0m
[9.863s] [ 71%] [32mBuilding CXX object CMakeFiles/servo_service__rosidl_typesupport_cpp.dir/rosidl_typesupport_cpp/servo_service/srv/servo_voltage__type_support.cpp.o[0m
[10.045s] [ 72%] [32mBuilding CXX object CMakeFiles/servo_service__rosidl_typesupport_fastrtps_c.dir/rosidl_typesupport_fastrtps_c/servo_service/srv/detail/servo_temp__type_support_c.cpp.o[0m
[10.105s] [ 72%] [32mBuilding CXX object CMakeFiles/servo_service__rosidl_typesupport_introspection_cpp.dir/rosidl_typesupport_introspection_cpp/servo_service/srv/detail/joint_range__type_support.cpp.o[0m
[10.111s] [ 73%] [32mBuilding CXX object CMakeFiles/servo_service__rosidl_typesupport_cpp.dir/rosidl_typesupport_cpp/servo_service/srv/joint_position__type_support.cpp.o[0m
[10.127s] [ 74%] [32mBuilding CXX object CMakeFiles/servo_service__rosidl_typesupport_fastrtps_cpp.dir/rosidl_typesupport_fastrtps_cpp/servo_service/srv/detail/dds_fastrtps/joint_lock__type_support.cpp.o[0m
[10.291s] [ 75%] [32mBuilding CXX object CMakeFiles/servo_service__rosidl_typesupport_fastrtps_cpp.dir/rosidl_typesupport_fastrtps_cpp/servo_service/srv/detail/dds_fastrtps/servo_temp__type_support.cpp.o[0m
[10.673s] [ 76%] [32mBuilding CXX object CMakeFiles/servo_service__rosidl_typesupport_fastrtps_cpp.dir/rosidl_typesupport_fastrtps_cpp/servo_service/srv/detail/dds_fastrtps/servo_deviation__type_support.cpp.o[0m
[10.709s] [ 76%] [32mBuilding CXX object CMakeFiles/servo_service__rosidl_typesupport_fastrtps_cpp.dir/rosidl_typesupport_fastrtps_cpp/servo_service/srv/detail/dds_fastrtps/servo_voltage__type_support.cpp.o[0m
[10.765s] [ 76%] [32mBuilding CXX object CMakeFiles/servo_service__rosidl_typesupport_cpp.dir/rosidl_typesupport_cpp/servo_service/srv/joint_range__type_support.cpp.o[0m
[10.938s] [ 77%] [32mBuilding CXX object CMakeFiles/servo_service__rosidl_typesupport_fastrtps_c.dir/rosidl_typesupport_fastrtps_c/servo_service/srv/detail/servo_deviation__type_support_c.cpp.o[0m
[10.950s] [ 78%] [32mBuilding CXX object CMakeFiles/servo_service__rosidl_typesupport_fastrtps_cpp.dir/rosidl_typesupport_fastrtps_cpp/servo_service/srv/detail/dds_fastrtps/joint_position__type_support.cpp.o[0m
[11.032s] [ 79%] [32m[1mLinking CXX shared library libservo_service__rosidl_typesupport_introspection_cpp.so[0m
[11.278s] [ 79%] Built target servo_service__rosidl_typesupport_introspection_cpp
[11.294s] [ 80%] [32mBuilding CXX object CMakeFiles/servo_service__rosidl_typesupport_fastrtps_c.dir/rosidl_typesupport_fastrtps_c/servo_service/srv/detail/servo_voltage__type_support_c.cpp.o[0m
[11.410s] [ 80%] [32mBuilding CXX object CMakeFiles/servo_service__rosidl_typesupport_fastrtps_c.dir/rosidl_typesupport_fastrtps_c/servo_service/srv/detail/joint_position__type_support_c.cpp.o[0m
[11.549s] [ 81%] [32m[1mLinking CXX shared library libservo_service__rosidl_typesupport_cpp.so[0m
[11.614s] [ 82%] [32mBuilding CXX object CMakeFiles/servo_service__rosidl_typesupport_fastrtps_cpp.dir/rosidl_typesupport_fastrtps_cpp/servo_service/srv/detail/dds_fastrtps/joint_range__type_support.cpp.o[0m
[11.740s] [ 82%] Built target servo_service__rosidl_typesupport_cpp
[11.754s] [ 83%] [32mBuilding CXX object CMakeFiles/servo_service__rosidl_typesupport_fastrtps_c.dir/rosidl_typesupport_fastrtps_c/servo_service/srv/detail/joint_range__type_support_c.cpp.o[0m
[12.355s] [ 84%] [32m[1mLinking CXX shared library libservo_service__rosidl_typesupport_fastrtps_c.so[0m
[12.450s] [ 84%] Built target servo_service__rosidl_typesupport_fastrtps_c
[12.478s] [ 85%] [32m[1mLinking CXX shared library libservo_service__rosidl_typesupport_fastrtps_cpp.so[0m
[12.588s] [ 85%] Built target servo_service__rosidl_typesupport_fastrtps_cpp
[12.610s] [ 85%] Built target servo_service
[12.633s] [ 86%] [34m[1mGenerating Python code for ROS interfaces[0m
[14.067s] [ 86%] Built target servo_service__py
[14.093s] [ 87%] [32mBuilding C object CMakeFiles/servo_service__rosidl_generator_py.dir/rosidl_generator_py/servo_service/msg/_set_servo_positions_s.c.o[0m
[14.093s] [ 87%] [32mBuilding C object CMakeFiles/servo_service__rosidl_generator_py.dir/rosidl_generator_py/servo_service/msg/_set_joint_lock_s.c.o[0m
[14.094s] [ 88%] [32mBuilding C object CMakeFiles/servo_service__rosidl_generator_py.dir/rosidl_generator_py/servo_service/msg/_get_servo_positions_s.c.o[0m
[14.094s] [ 90%] [32mBuilding C object CMakeFiles/servo_service__rosidl_generator_py.dir/rosidl_generator_py/servo_service/srv/_joint_lock_s.c.o[0m
[14.094s] [ 90%] [32mBuilding C object CMakeFiles/servo_service__rosidl_generator_py.dir/rosidl_generator_py/servo_service/srv/_servo_temp_s.c.o[0m
[14.094s] [ 91%] [32mBuilding C object CMakeFiles/servo_service__rosidl_generator_py.dir/rosidl_generator_py/servo_service/msg/_change_servo_positions_s.c.o[0m
[14.095s] [ 91%] [32mBuilding C object CMakeFiles/servo_service__rosidl_generator_py.dir/rosidl_generator_py/servo_service/msg/_set_posture_s.c.o[0m
[14.095s] [ 92%] [32mBuilding C object CMakeFiles/servo_service__rosidl_generator_py.dir/rosidl_generator_py/servo_service/srv/_servo_deviation_s.c.o[0m
[14.354s] [ 93%] [32mBuilding C object CMakeFiles/servo_service__rosidl_generator_py.dir/rosidl_generator_py/servo_service/srv/_servo_voltage_s.c.o[0m
[14.390s] [ 94%] [32mBuilding C object CMakeFiles/servo_service__rosidl_generator_py.dir/rosidl_generator_py/servo_service/srv/_joint_position_s.c.o[0m
[14.396s] [ 94%] [32mBuilding C object CMakeFiles/servo_service__rosidl_generator_py.dir/rosidl_generator_py/servo_service/srv/_joint_range_s.c.o[0m
[14.618s] [ 95%] [32m[1mLinking C shared library libservo_service__rosidl_generator_py.so[0m
[14.674s] [ 95%] Built target servo_service__rosidl_generator_py
[14.696s] [ 96%] [32mBuilding C object CMakeFiles/servo_service_s__rosidl_typesupport_introspection_c.dir/rosidl_generator_py/servo_service/_servo_service_s.ep.rosidl_typesupport_introspection_c.c.o[0m
[14.699s] [ 97%] [32mBuilding C object CMakeFiles/servo_service_s__rosidl_typesupport_fastrtps_c.dir/rosidl_generator_py/servo_service/_servo_service_s.ep.rosidl_typesupport_fastrtps_c.c.o[0m
[14.699s] [ 97%] [32mBuilding C object CMakeFiles/servo_service_s__rosidl_typesupport_c.dir/rosidl_generator_py/servo_service/_servo_service_s.ep.rosidl_typesupport_c.c.o[0m
[14.887s] [ 98%] [32m[1mLinking C shared module rosidl_generator_py/servo_service/servo_service_s__rosidl_typesupport_c.so[0m
[14.889s] [ 99%] [32m[1mLinking C shared module rosidl_generator_py/servo_service/servo_service_s__rosidl_typesupport_fastrtps_c.so[0m
[14.890s] [100%] [32m[1mLinking C shared module rosidl_generator_py/servo_service/servo_service_s__rosidl_typesupport_introspection_c.so[0m
[14.926s] [100%] Built target servo_service_s__rosidl_typesupport_c
[14.927s] [100%] Built target servo_service_s__rosidl_typesupport_fastrtps_c
[14.929s] [100%] Built target servo_service_s__rosidl_typesupport_introspection_c
[14.943s] Invoked command in '/home/bilhr2025/BILHR_SS25_DC/Tut2/template/ainex_bilhr_ws/build/servo_service' returned '0': CMAKE_PREFIX_PATH=${CMAKE_PREFIX_PATH}:/opt/ros/jazzy DEBUGINFOD_URLS=https://debuginfod.ubuntu.com /usr/bin/cmake --build /home/bilhr2025/BILHR_SS25_DC/Tut2/template/ainex_bilhr_ws/build/servo_service -- -j8 -l8
[14.952s] Invoking command in '/home/bilhr2025/BILHR_SS25_DC/Tut2/template/ainex_bilhr_ws/build/servo_service': CMAKE_PREFIX_PATH=${CMAKE_PREFIX_PATH}:/opt/ros/jazzy DEBUGINFOD_URLS=https://debuginfod.ubuntu.com /usr/bin/cmake --install /home/bilhr2025/BILHR_SS25_DC/Tut2/template/ainex_bilhr_ws/build/servo_service
[14.961s] -- Install configuration: ""
[14.961s] -- Execute custom install script
[14.962s] -- Symlinking: /home/bilhr2025/BILHR_SS25_DC/Tut2/template/ainex_bilhr_ws/install/servo_service/share/ament_index/resource_index/rosidl_interfaces/servo_service
[14.971s] -- Symlinking: /home/bilhr2025/BILHR_SS25_DC/Tut2/template/ainex_bilhr_ws/install/servo_service/share/servo_service/msg/ChangeServoPositions.json
[14.980s] -- Symlinking: /home/bilhr2025/BILHR_SS25_DC/Tut2/template/ainex_bilhr_ws/install/servo_service/share/servo_service/msg/SetServoPositions.json
[14.989s] -- Symlinking: /home/bilhr2025/BILHR_SS25_DC/Tut2/template/ainex_bilhr_ws/install/servo_service/share/servo_service/msg/SetJointLock.json
[14.998s] -- Symlinking: /home/bilhr2025/BILHR_SS25_DC/Tut2/template/ainex_bilhr_ws/install/servo_service/share/servo_service/msg/GetServoPositions.json
[15.008s] -- Symlinking: /home/bilhr2025/BILHR_SS25_DC/Tut2/template/ainex_bilhr_ws/install/servo_service/share/servo_service/msg/SetPosture.json
[15.017s] -- Symlinking: /home/bilhr2025/BILHR_SS25_DC/Tut2/template/ainex_bilhr_ws/install/servo_service/share/servo_service/srv/JointLock.json
[15.026s] -- Symlinking: /home/bilhr2025/BILHR_SS25_DC/Tut2/template/ainex_bilhr_ws/install/servo_service/share/servo_service/srv/ServoTemp.json
[15.034s] -- Symlinking: /home/bilhr2025/BILHR_SS25_DC/Tut2/template/ainex_bilhr_ws/install/servo_service/share/servo_service/srv/ServoDeviation.json
[15.044s] -- Symlinking: /home/bilhr2025/BILHR_SS25_DC/Tut2/template/ainex_bilhr_ws/install/servo_service/share/servo_service/srv/ServoVoltage.json
[15.053s] -- Symlinking: /home/bilhr2025/BILHR_SS25_DC/Tut2/template/ainex_bilhr_ws/install/servo_service/share/servo_service/srv/JointPosition.json
[15.062s] -- Symlinking: /home/bilhr2025/BILHR_SS25_DC/Tut2/template/ainex_bilhr_ws/install/servo_service/share/servo_service/srv/JointRange.json
[15.072s] -- Symlinking: /home/bilhr2025/BILHR_SS25_DC/Tut2/template/ainex_bilhr_ws/install/servo_service/include/servo_service/servo_service/msg/change_servo_positions.h
[15.082s] -- Symlinking: /home/bilhr2025/BILHR_SS25_DC/Tut2/template/ainex_bilhr_ws/install/servo_service/include/servo_service/servo_service/msg/detail/change_servo_positions__functions.h
[15.092s] -- Symlinking: /home/bilhr2025/BILHR_SS25_DC/Tut2/template/ainex_bilhr_ws/install/servo_service/include/servo_service/servo_service/msg/detail/change_servo_positions__struct.h
[15.100s] -- Symlinking: /home/bilhr2025/BILHR_SS25_DC/Tut2/template/ainex_bilhr_ws/install/servo_service/include/servo_service/servo_service/msg/detail/change_servo_positions__type_support.h
[15.110s] -- Symlinking: /home/bilhr2025/BILHR_SS25_DC/Tut2/template/ainex_bilhr_ws/install/servo_service/include/servo_service/servo_service/msg/detail/get_servo_positions__functions.h
[15.119s] -- Symlinking: /home/bilhr2025/BILHR_SS25_DC/Tut2/template/ainex_bilhr_ws/install/servo_service/include/servo_service/servo_service/msg/detail/get_servo_positions__struct.h
[15.129s] -- Symlinking: /home/bilhr2025/BILHR_SS25_DC/Tut2/template/ainex_bilhr_ws/install/servo_service/include/servo_service/servo_service/msg/detail/get_servo_positions__type_support.h
[15.137s] -- Symlinking: /home/bilhr2025/BILHR_SS25_DC/Tut2/template/ainex_bilhr_ws/install/servo_service/include/servo_service/servo_service/msg/detail/set_joint_lock__functions.h
[15.147s] -- Symlinking: /home/bilhr2025/BILHR_SS25_DC/Tut2/template/ainex_bilhr_ws/install/servo_service/include/servo_service/servo_service/msg/detail/set_joint_lock__struct.h
[15.156s] -- Symlinking: /home/bilhr2025/BILHR_SS25_DC/Tut2/template/ainex_bilhr_ws/install/servo_service/include/servo_service/servo_service/msg/detail/set_joint_lock__type_support.h
[15.166s] -- Symlinking: /home/bilhr2025/BILHR_SS25_DC/Tut2/template/ainex_bilhr_ws/install/servo_service/include/servo_service/servo_service/msg/detail/set_posture__functions.h
[15.176s] -- Symlinking: /home/bilhr2025/BILHR_SS25_DC/Tut2/template/ainex_bilhr_ws/install/servo_service/include/servo_service/servo_service/msg/detail/set_posture__struct.h
[15.184s] -- Symlinking: /home/bilhr2025/BILHR_SS25_DC/Tut2/template/ainex_bilhr_ws/install/servo_service/include/servo_service/servo_service/msg/detail/set_posture__type_support.h
[15.194s] -- Symlinking: /home/bilhr2025/BILHR_SS25_DC/Tut2/template/ainex_bilhr_ws/install/servo_service/include/servo_service/servo_service/msg/detail/set_servo_positions__functions.h
[15.203s] -- Symlinking: /home/bilhr2025/BILHR_SS25_DC/Tut2/template/ainex_bilhr_ws/install/servo_service/include/servo_service/servo_service/msg/detail/set_servo_positions__struct.h
[15.212s] -- Symlinking: /home/bilhr2025/BILHR_SS25_DC/Tut2/template/ainex_bilhr_ws/install/servo_service/include/servo_service/servo_service/msg/detail/set_servo_positions__type_support.h
[15.221s] -- Symlinking: /home/bilhr2025/BILHR_SS25_DC/Tut2/template/ainex_bilhr_ws/install/servo_service/include/servo_service/servo_service/msg/get_servo_positions.h
[15.231s] -- Symlinking: /home/bilhr2025/BILHR_SS25_DC/Tut2/template/ainex_bilhr_ws/install/servo_service/include/servo_service/servo_service/msg/rosidl_generator_c__visibility_control.h
[15.240s] -- Symlinking: /home/bilhr2025/BILHR_SS25_DC/Tut2/template/ainex_bilhr_ws/install/servo_service/include/servo_service/servo_service/msg/set_joint_lock.h
[15.249s] -- Symlinking: /home/bilhr2025/BILHR_SS25_DC/Tut2/template/ainex_bilhr_ws/install/servo_service/include/servo_service/servo_service/msg/set_posture.h
[15.259s] -- Symlinking: /home/bilhr2025/BILHR_SS25_DC/Tut2/template/ainex_bilhr_ws/install/servo_service/include/servo_service/servo_service/msg/set_servo_positions.h
[15.268s] -- Symlinking: /home/bilhr2025/BILHR_SS25_DC/Tut2/template/ainex_bilhr_ws/install/servo_service/include/servo_service/servo_service/srv/detail/joint_lock__functions.h
[15.278s] -- Symlinking: /home/bilhr2025/BILHR_SS25_DC/Tut2/template/ainex_bilhr_ws/install/servo_service/include/servo_service/servo_service/srv/detail/joint_lock__struct.h
[15.287s] -- Symlinking: /home/bilhr2025/BILHR_SS25_DC/Tut2/template/ainex_bilhr_ws/install/servo_service/include/servo_service/servo_service/srv/detail/joint_lock__type_support.h
[15.296s] -- Symlinking: /home/bilhr2025/BILHR_SS25_DC/Tut2/template/ainex_bilhr_ws/install/servo_service/include/servo_service/servo_service/srv/detail/joint_position__functions.h
[15.305s] -- Symlinking: /home/bilhr2025/BILHR_SS25_DC/Tut2/template/ainex_bilhr_ws/install/servo_service/include/servo_service/servo_service/srv/detail/joint_position__struct.h
[15.314s] -- Symlinking: /home/bilhr2025/BILHR_SS25_DC/Tut2/template/ainex_bilhr_ws/install/servo_service/include/servo_service/servo_service/srv/detail/joint_position__type_support.h
[15.324s] -- Symlinking: /home/bilhr2025/BILHR_SS25_DC/Tut2/template/ainex_bilhr_ws/install/servo_service/include/servo_service/servo_service/srv/detail/joint_range__functions.h
[15.333s] -- Symlinking: /home/bilhr2025/BILHR_SS25_DC/Tut2/template/ainex_bilhr_ws/install/servo_service/include/servo_service/servo_service/srv/detail/joint_range__struct.h
[15.343s] -- Symlinking: /home/bilhr2025/BILHR_SS25_DC/Tut2/template/ainex_bilhr_ws/install/servo_service/include/servo_service/servo_service/srv/detail/joint_range__type_support.h
[15.351s] -- Symlinking: /home/bilhr2025/BILHR_SS25_DC/Tut2/template/ainex_bilhr_ws/install/servo_service/include/servo_service/servo_service/srv/detail/servo_deviation__functions.h
[15.361s] -- Symlinking: /home/bilhr2025/BILHR_SS25_DC/Tut2/template/ainex_bilhr_ws/install/servo_service/include/servo_service/servo_service/srv/detail/servo_deviation__struct.h
[15.370s] -- Symlinking: /home/bilhr2025/BILHR_SS25_DC/Tut2/template/ainex_bilhr_ws/install/servo_service/include/servo_service/servo_service/srv/detail/servo_deviation__type_support.h
[15.380s] -- Symlinking: /home/bilhr2025/BILHR_SS25_DC/Tut2/template/ainex_bilhr_ws/install/servo_service/include/servo_service/servo_service/srv/detail/servo_temp__functions.h
[15.388s] -- Symlinking: /home/bilhr2025/BILHR_SS25_DC/Tut2/template/ainex_bilhr_ws/install/servo_service/include/servo_service/servo_service/srv/detail/servo_temp__struct.h
[15.398s] -- Symlinking: /home/bilhr2025/BILHR_SS25_DC/Tut2/template/ainex_bilhr_ws/install/servo_service/include/servo_service/servo_service/srv/detail/servo_temp__type_support.h
[15.407s] -- Symlinking: /home/bilhr2025/BILHR_SS25_DC/Tut2/template/ainex_bilhr_ws/install/servo_service/include/servo_service/servo_service/srv/detail/servo_voltage__functions.h
[15.416s] -- Symlinking: /home/bilhr2025/BILHR_SS25_DC/Tut2/template/ainex_bilhr_ws/install/servo_service/include/servo_service/servo_service/srv/detail/servo_voltage__struct.h
[15.426s] -- Symlinking: /home/bilhr2025/BILHR_SS25_DC/Tut2/template/ainex_bilhr_ws/install/servo_service/include/servo_service/servo_service/srv/detail/servo_voltage__type_support.h
[15.435s] -- Symlinking: /home/bilhr2025/BILHR_SS25_DC/Tut2/template/ainex_bilhr_ws/install/servo_service/include/servo_service/servo_service/srv/joint_lock.h
[15.445s] -- Symlinking: /home/bilhr2025/BILHR_SS25_DC/Tut2/template/ainex_bilhr_ws/install/servo_service/include/servo_service/servo_service/srv/joint_position.h
[15.454s] -- Symlinking: /home/bilhr2025/BILHR_SS25_DC/Tut2/template/ainex_bilhr_ws/install/servo_service/include/servo_service/servo_service/srv/joint_range.h
[15.464s] -- Symlinking: /home/bilhr2025/BILHR_SS25_DC/Tut2/template/ainex_bilhr_ws/install/servo_service/include/servo_service/servo_service/srv/servo_deviation.h
[15.473s] -- Symlinking: /home/bilhr2025/BILHR_SS25_DC/Tut2/template/ainex_bilhr_ws/install/servo_service/include/servo_service/servo_service/srv/servo_temp.h
[15.483s] -- Symlinking: /home/bilhr2025/BILHR_SS25_DC/Tut2/template/ainex_bilhr_ws/install/servo_service/include/servo_service/servo_service/srv/servo_voltage.h
[15.493s] -- Symlinking: /home/bilhr2025/BILHR_SS25_DC/Tut2/template/ainex_bilhr_ws/install/servo_service/share/servo_service/environment/library_path.sh
[15.502s] -- Symlinking: /home/bilhr2025/BILHR_SS25_DC/Tut2/template/ainex_bilhr_ws/install/servo_service/share/servo_service/environment/library_path.dsv
[15.513s] -- Symlinking: /home/bilhr2025/BILHR_SS25_DC/Tut2/template/ainex_bilhr_ws/install/servo_service/include/servo_service/servo_service/msg/detail/change_servo_positions__rosidl_typesupport_fastrtps_c.h
[15.522s] -- Symlinking: /home/bilhr2025/BILHR_SS25_DC/Tut2/template/ainex_bilhr_ws/install/servo_service/include/servo_service/servo_service/msg/detail/get_servo_positions__rosidl_typesupport_fastrtps_c.h
[15.532s] -- Symlinking: /home/bilhr2025/BILHR_SS25_DC/Tut2/template/ainex_bilhr_ws/install/servo_service/include/servo_service/servo_service/msg/detail/set_joint_lock__rosidl_typesupport_fastrtps_c.h
[15.541s] -- Symlinking: /home/bilhr2025/BILHR_SS25_DC/Tut2/template/ainex_bilhr_ws/install/servo_service/include/servo_service/servo_service/msg/detail/set_posture__rosidl_typesupport_fastrtps_c.h
[15.551s] -- Symlinking: /home/bilhr2025/BILHR_SS25_DC/Tut2/template/ainex_bilhr_ws/install/servo_service/include/servo_service/servo_service/msg/detail/set_servo_positions__rosidl_typesupport_fastrtps_c.h
[15.560s] -- Symlinking: /home/bilhr2025/BILHR_SS25_DC/Tut2/template/ainex_bilhr_ws/install/servo_service/include/servo_service/servo_service/msg/rosidl_typesupport_fastrtps_c__visibility_control.h
[15.569s] -- Symlinking: /home/bilhr2025/BILHR_SS25_DC/Tut2/template/ainex_bilhr_ws/install/servo_service/include/servo_service/servo_service/srv/detail/joint_lock__rosidl_typesupport_fastrtps_c.h
[15.579s] -- Symlinking: /home/bilhr2025/BILHR_SS25_DC/Tut2/template/ainex_bilhr_ws/install/servo_service/include/servo_service/servo_service/srv/detail/joint_position__rosidl_typesupport_fastrtps_c.h
[15.588s] -- Symlinking: /home/bilhr2025/BILHR_SS25_DC/Tut2/template/ainex_bilhr_ws/install/servo_service/include/servo_service/servo_service/srv/detail/joint_range__rosidl_typesupport_fastrtps_c.h
[15.598s] -- Symlinking: /home/bilhr2025/BILHR_SS25_DC/Tut2/template/ainex_bilhr_ws/install/servo_service/include/servo_service/servo_service/srv/detail/servo_deviation__rosidl_typesupport_fastrtps_c.h
[15.607s] -- Symlinking: /home/bilhr2025/BILHR_SS25_DC/Tut2/template/ainex_bilhr_ws/install/servo_service/include/servo_service/servo_service/srv/detail/servo_temp__rosidl_typesupport_fastrtps_c.h
[15.617s] -- Symlinking: /home/bilhr2025/BILHR_SS25_DC/Tut2/template/ainex_bilhr_ws/install/servo_service/include/servo_service/servo_service/srv/detail/servo_voltage__rosidl_typesupport_fastrtps_c.h
[15.628s] -- Symlinking: /home/bilhr2025/BILHR_SS25_DC/Tut2/template/ainex_bilhr_ws/install/servo_service/include/servo_service/servo_service/msg/change_servo_positions.hpp
[15.636s] -- Symlinking: /home/bilhr2025/BILHR_SS25_DC/Tut2/template/ainex_bilhr_ws/install/servo_service/include/servo_service/servo_service/msg/detail/change_servo_positions__builder.hpp
[15.646s] -- Symlinking: /home/bilhr2025/BILHR_SS25_DC/Tut2/template/ainex_bilhr_ws/install/servo_service/include/servo_service/servo_service/msg/detail/change_servo_positions__struct.hpp
[15.655s] -- Symlinking: /home/bilhr2025/BILHR_SS25_DC/Tut2/template/ainex_bilhr_ws/install/servo_service/include/servo_service/servo_service/msg/detail/change_servo_positions__traits.hpp
[15.665s] -- Symlinking: /home/bilhr2025/BILHR_SS25_DC/Tut2/template/ainex_bilhr_ws/install/servo_service/include/servo_service/servo_service/msg/detail/change_servo_positions__type_support.hpp
[15.674s] -- Symlinking: /home/bilhr2025/BILHR_SS25_DC/Tut2/template/ainex_bilhr_ws/install/servo_service/include/servo_service/servo_service/msg/detail/get_servo_positions__builder.hpp
[15.684s] -- Symlinking: /home/bilhr2025/BILHR_SS25_DC/Tut2/template/ainex_bilhr_ws/install/servo_service/include/servo_service/servo_service/msg/detail/get_servo_positions__struct.hpp
[15.693s] -- Symlinking: /home/bilhr2025/BILHR_SS25_DC/Tut2/template/ainex_bilhr_ws/install/servo_service/include/servo_service/servo_service/msg/detail/get_servo_positions__traits.hpp
[15.702s] -- Symlinking: /home/bilhr2025/BILHR_SS25_DC/Tut2/template/ainex_bilhr_ws/install/servo_service/include/servo_service/servo_service/msg/detail/get_servo_positions__type_support.hpp
[15.712s] -- Symlinking: /home/bilhr2025/BILHR_SS25_DC/Tut2/template/ainex_bilhr_ws/install/servo_service/include/servo_service/servo_service/msg/detail/set_joint_lock__builder.hpp
[15.722s] -- Symlinking: /home/bilhr2025/BILHR_SS25_DC/Tut2/template/ainex_bilhr_ws/install/servo_service/include/servo_service/servo_service/msg/detail/set_joint_lock__struct.hpp
[15.731s] -- Symlinking: /home/bilhr2025/BILHR_SS25_DC/Tut2/template/ainex_bilhr_ws/install/servo_service/include/servo_service/servo_service/msg/detail/set_joint_lock__traits.hpp
[15.741s] -- Symlinking: /home/bilhr2025/BILHR_SS25_DC/Tut2/template/ainex_bilhr_ws/install/servo_service/include/servo_service/servo_service/msg/detail/set_joint_lock__type_support.hpp
[15.750s] -- Symlinking: /home/bilhr2025/BILHR_SS25_DC/Tut2/template/ainex_bilhr_ws/install/servo_service/include/servo_service/servo_service/msg/detail/set_posture__builder.hpp
[15.760s] -- Symlinking: /home/bilhr2025/BILHR_SS25_DC/Tut2/template/ainex_bilhr_ws/install/servo_service/include/servo_service/servo_service/msg/detail/set_posture__struct.hpp
[15.769s] -- Symlinking: /home/bilhr2025/BILHR_SS25_DC/Tut2/template/ainex_bilhr_ws/install/servo_service/include/servo_service/servo_service/msg/detail/set_posture__traits.hpp
[15.779s] -- Symlinking: /home/bilhr2025/BILHR_SS25_DC/Tut2/template/ainex_bilhr_ws/install/servo_service/include/servo_service/servo_service/msg/detail/set_posture__type_support.hpp
[15.787s] -- Symlinking: /home/bilhr2025/BILHR_SS25_DC/Tut2/template/ainex_bilhr_ws/install/servo_service/include/servo_service/servo_service/msg/detail/set_servo_positions__builder.hpp
[15.798s] -- Symlinking: /home/bilhr2025/BILHR_SS25_DC/Tut2/template/ainex_bilhr_ws/install/servo_service/include/servo_service/servo_service/msg/detail/set_servo_positions__struct.hpp
[15.807s] -- Symlinking: /home/bilhr2025/BILHR_SS25_DC/Tut2/template/ainex_bilhr_ws/install/servo_service/include/servo_service/servo_service/msg/detail/set_servo_positions__traits.hpp
[15.817s] -- Symlinking: /home/bilhr2025/BILHR_SS25_DC/Tut2/template/ainex_bilhr_ws/install/servo_service/include/servo_service/servo_service/msg/detail/set_servo_positions__type_support.hpp
[15.827s] -- Symlinking: /home/bilhr2025/BILHR_SS25_DC/Tut2/template/ainex_bilhr_ws/install/servo_service/include/servo_service/servo_service/msg/get_servo_positions.hpp
[15.836s] -- Symlinking: /home/bilhr2025/BILHR_SS25_DC/Tut2/template/ainex_bilhr_ws/install/servo_service/include/servo_service/servo_service/msg/rosidl_generator_cpp__visibility_control.hpp
[15.846s] -- Symlinking: /home/bilhr2025/BILHR_SS25_DC/Tut2/template/ainex_bilhr_ws/install/servo_service/include/servo_service/servo_service/msg/set_joint_lock.hpp
[15.855s] -- Symlinking: /home/bilhr2025/BILHR_SS25_DC/Tut2/template/ainex_bilhr_ws/install/servo_service/include/servo_service/servo_service/msg/set_posture.hpp
[15.865s] -- Symlinking: /home/bilhr2025/BILHR_SS25_DC/Tut2/template/ainex_bilhr_ws/install/servo_service/include/servo_service/servo_service/msg/set_servo_positions.hpp
[15.874s] -- Symlinking: /home/bilhr2025/BILHR_SS25_DC/Tut2/template/ainex_bilhr_ws/install/servo_service/include/servo_service/servo_service/srv/detail/joint_lock__builder.hpp
[15.883s] -- Symlinking: /home/bilhr2025/BILHR_SS25_DC/Tut2/template/ainex_bilhr_ws/install/servo_service/include/servo_service/servo_service/srv/detail/joint_lock__struct.hpp
[15.893s] -- Symlinking: /home/bilhr2025/BILHR_SS25_DC/Tut2/template/ainex_bilhr_ws/install/servo_service/include/servo_service/servo_service/srv/detail/joint_lock__traits.hpp
[15.902s] -- Symlinking: /home/bilhr2025/BILHR_SS25_DC/Tut2/template/ainex_bilhr_ws/install/servo_service/include/servo_service/servo_service/srv/detail/joint_lock__type_support.hpp
[15.912s] -- Symlinking: /home/bilhr2025/BILHR_SS25_DC/Tut2/template/ainex_bilhr_ws/install/servo_service/include/servo_service/servo_service/srv/detail/joint_position__builder.hpp
[15.921s] -- Symlinking: /home/bilhr2025/BILHR_SS25_DC/Tut2/template/ainex_bilhr_ws/install/servo_service/include/servo_service/servo_service/srv/detail/joint_position__struct.hpp
[15.930s] -- Symlinking: /home/bilhr2025/BILHR_SS25_DC/Tut2/template/ainex_bilhr_ws/install/servo_service/include/servo_service/servo_service/srv/detail/joint_position__traits.hpp
[15.939s] -- Symlinking: /home/bilhr2025/BILHR_SS25_DC/Tut2/template/ainex_bilhr_ws/install/servo_service/include/servo_service/servo_service/srv/detail/joint_position__type_support.hpp
[15.949s] -- Symlinking: /home/bilhr2025/BILHR_SS25_DC/Tut2/template/ainex_bilhr_ws/install/servo_service/include/servo_service/servo_service/srv/detail/joint_range__builder.hpp
[15.958s] -- Symlinking: /home/bilhr2025/BILHR_SS25_DC/Tut2/template/ainex_bilhr_ws/install/servo_service/include/servo_service/servo_service/srv/detail/joint_range__struct.hpp
[15.967s] -- Symlinking: /home/bilhr2025/BILHR_SS25_DC/Tut2/template/ainex_bilhr_ws/install/servo_service/include/servo_service/servo_service/srv/detail/joint_range__traits.hpp
[15.977s] -- Symlinking: /home/bilhr2025/BILHR_SS25_DC/Tut2/template/ainex_bilhr_ws/install/servo_service/include/servo_service/servo_service/srv/detail/joint_range__type_support.hpp
[15.986s] -- Symlinking: /home/bilhr2025/BILHR_SS25_DC/Tut2/template/ainex_bilhr_ws/install/servo_service/include/servo_service/servo_service/srv/detail/servo_deviation__builder.hpp
[15.996s] -- Symlinking: /home/bilhr2025/BILHR_SS25_DC/Tut2/template/ainex_bilhr_ws/install/servo_service/include/servo_service/servo_service/srv/detail/servo_deviation__struct.hpp
[16.005s] -- Symlinking: /home/bilhr2025/BILHR_SS25_DC/Tut2/template/ainex_bilhr_ws/install/servo_service/include/servo_service/servo_service/srv/detail/servo_deviation__traits.hpp
[16.015s] -- Symlinking: /home/bilhr2025/BILHR_SS25_DC/Tut2/template/ainex_bilhr_ws/install/servo_service/include/servo_service/servo_service/srv/detail/servo_deviation__type_support.hpp
[16.024s] -- Symlinking: /home/bilhr2025/BILHR_SS25_DC/Tut2/template/ainex_bilhr_ws/install/servo_service/include/servo_service/servo_service/srv/detail/servo_temp__builder.hpp
[16.034s] -- Symlinking: /home/bilhr2025/BILHR_SS25_DC/Tut2/template/ainex_bilhr_ws/install/servo_service/include/servo_service/servo_service/srv/detail/servo_temp__struct.hpp
[16.044s] -- Symlinking: /home/bilhr2025/BILHR_SS25_DC/Tut2/template/ainex_bilhr_ws/install/servo_service/include/servo_service/servo_service/srv/detail/servo_temp__traits.hpp
[16.053s] -- Symlinking: /home/bilhr2025/BILHR_SS25_DC/Tut2/template/ainex_bilhr_ws/install/servo_service/include/servo_service/servo_service/srv/detail/servo_temp__type_support.hpp
[16.063s] -- Symlinking: /home/bilhr2025/BILHR_SS25_DC/Tut2/template/ainex_bilhr_ws/install/servo_service/include/servo_service/servo_service/srv/detail/servo_voltage__builder.hpp
[16.072s] -- Symlinking: /home/bilhr2025/BILHR_SS25_DC/Tut2/template/ainex_bilhr_ws/install/servo_service/include/servo_service/servo_service/srv/detail/servo_voltage__struct.hpp
[16.082s] -- Symlinking: /home/bilhr2025/BILHR_SS25_DC/Tut2/template/ainex_bilhr_ws/install/servo_service/include/servo_service/servo_service/srv/detail/servo_voltage__traits.hpp
[16.091s] -- Symlinking: /home/bilhr2025/BILHR_SS25_DC/Tut2/template/ainex_bilhr_ws/install/servo_service/include/servo_service/servo_service/srv/detail/servo_voltage__type_support.hpp
[16.100s] -- Symlinking: /home/bilhr2025/BILHR_SS25_DC/Tut2/template/ainex_bilhr_ws/install/servo_service/include/servo_service/servo_service/srv/joint_lock.hpp
[16.110s] -- Symlinking: /home/bilhr2025/BILHR_SS25_DC/Tut2/template/ainex_bilhr_ws/install/servo_service/include/servo_service/servo_service/srv/joint_position.hpp
[16.119s] -- Symlinking: /home/bilhr2025/BILHR_SS25_DC/Tut2/template/ainex_bilhr_ws/install/servo_service/include/servo_service/servo_service/srv/joint_range.hpp
[16.129s] -- Symlinking: /home/bilhr2025/BILHR_SS25_DC/Tut2/template/ainex_bilhr_ws/install/servo_service/include/servo_service/servo_service/srv/servo_deviation.hpp
[16.138s] -- Symlinking: /home/bilhr2025/BILHR_SS25_DC/Tut2/template/ainex_bilhr_ws/install/servo_service/include/servo_service/servo_service/srv/servo_temp.hpp
[16.147s] -- Symlinking: /home/bilhr2025/BILHR_SS25_DC/Tut2/template/ainex_bilhr_ws/install/servo_service/include/servo_service/servo_service/srv/servo_voltage.hpp
[16.157s] -- Symlinking: /home/bilhr2025/BILHR_SS25_DC/Tut2/template/ainex_bilhr_ws/install/servo_service/include/servo_service/servo_service/msg/detail/change_servo_positions__rosidl_typesupport_fastrtps_cpp.hpp
[16.166s] -- Symlinking: /home/bilhr2025/BILHR_SS25_DC/Tut2/template/ainex_bilhr_ws/install/servo_service/include/servo_service/servo_service/msg/detail/get_servo_positions__rosidl_typesupport_fastrtps_cpp.hpp
[16.176s] -- Symlinking: /home/bilhr2025/BILHR_SS25_DC/Tut2/template/ainex_bilhr_ws/install/servo_service/include/servo_service/servo_service/msg/detail/set_joint_lock__rosidl_typesupport_fastrtps_cpp.hpp
[16.185s] -- Symlinking: /home/bilhr2025/BILHR_SS25_DC/Tut2/template/ainex_bilhr_ws/install/servo_service/include/servo_service/servo_service/msg/detail/set_posture__rosidl_typesupport_fastrtps_cpp.hpp
[16.195s] -- Symlinking: /home/bilhr2025/BILHR_SS25_DC/Tut2/template/ainex_bilhr_ws/install/servo_service/include/servo_service/servo_service/msg/detail/set_servo_positions__rosidl_typesupport_fastrtps_cpp.hpp
[16.204s] -- Symlinking: /home/bilhr2025/BILHR_SS25_DC/Tut2/template/ainex_bilhr_ws/install/servo_service/include/servo_service/servo_service/msg/rosidl_typesupport_fastrtps_cpp__visibility_control.h
[16.214s] -- Symlinking: /home/bilhr2025/BILHR_SS25_DC/Tut2/template/ainex_bilhr_ws/install/servo_service/include/servo_service/servo_service/srv/detail/joint_lock__rosidl_typesupport_fastrtps_cpp.hpp
[16.223s] -- Symlinking: /home/bilhr2025/BILHR_SS25_DC/Tut2/template/ainex_bilhr_ws/install/servo_service/include/servo_service/servo_service/srv/detail/joint_position__rosidl_typesupport_fastrtps_cpp.hpp
[16.233s] -- Symlinking: /home/bilhr2025/BILHR_SS25_DC/Tut2/template/ainex_bilhr_ws/install/servo_service/include/servo_service/servo_service/srv/detail/joint_range__rosidl_typesupport_fastrtps_cpp.hpp
[16.243s] -- Symlinking: /home/bilhr2025/BILHR_SS25_DC/Tut2/template/ainex_bilhr_ws/install/servo_service/include/servo_service/servo_service/srv/detail/servo_deviation__rosidl_typesupport_fastrtps_cpp.hpp
[16.252s] -- Symlinking: /home/bilhr2025/BILHR_SS25_DC/Tut2/template/ainex_bilhr_ws/install/servo_service/include/servo_service/servo_service/srv/detail/servo_temp__rosidl_typesupport_fastrtps_cpp.hpp
[16.262s] -- Symlinking: /home/bilhr2025/BILHR_SS25_DC/Tut2/template/ainex_bilhr_ws/install/servo_service/include/servo_service/servo_service/srv/detail/servo_voltage__rosidl_typesupport_fastrtps_cpp.hpp
[16.271s] -- Symlinking: /home/bilhr2025/BILHR_SS25_DC/Tut2/template/ainex_bilhr_ws/install/servo_service/include/servo_service/servo_service/msg/detail/change_servo_positions__rosidl_typesupport_introspection_c.h
[16.281s] -- Symlinking: /home/bilhr2025/BILHR_SS25_DC/Tut2/template/ainex_bilhr_ws/install/servo_service/include/servo_service/servo_service/msg/detail/get_servo_positions__rosidl_typesupport_introspection_c.h
[16.290s] -- Symlinking: /home/bilhr2025/BILHR_SS25_DC/Tut2/template/ainex_bilhr_ws/install/servo_service/include/servo_service/servo_service/msg/detail/set_joint_lock__rosidl_typesupport_introspection_c.h
[16.299s] -- Symlinking: /home/bilhr2025/BILHR_SS25_DC/Tut2/template/ainex_bilhr_ws/install/servo_service/include/servo_service/servo_service/msg/detail/set_posture__rosidl_typesupport_introspection_c.h
[16.309s] -- Symlinking: /home/bilhr2025/BILHR_SS25_DC/Tut2/template/ainex_bilhr_ws/install/servo_service/include/servo_service/servo_service/msg/detail/set_servo_positions__rosidl_typesupport_introspection_c.h
[16.318s] -- Symlinking: /home/bilhr2025/BILHR_SS25_DC/Tut2/template/ainex_bilhr_ws/install/servo_service/include/servo_service/servo_service/msg/rosidl_typesupport_introspection_c__visibility_control.h
[16.327s] -- Symlinking: /home/bilhr2025/BILHR_SS25_DC/Tut2/template/ainex_bilhr_ws/install/servo_service/include/servo_service/servo_service/srv/detail/joint_lock__rosidl_typesupport_introspection_c.h
[16.336s] -- Symlinking: /home/bilhr2025/BILHR_SS25_DC/Tut2/template/ainex_bilhr_ws/install/servo_service/include/servo_service/servo_service/srv/detail/joint_position__rosidl_typesupport_introspection_c.h
[16.346s] -- Symlinking: /home/bilhr2025/BILHR_SS25_DC/Tut2/template/ainex_bilhr_ws/install/servo_service/include/servo_service/servo_service/srv/detail/joint_range__rosidl_typesupport_introspection_c.h
[16.355s] -- Symlinking: /home/bilhr2025/BILHR_SS25_DC/Tut2/template/ainex_bilhr_ws/install/servo_service/include/servo_service/servo_service/srv/detail/servo_deviation__rosidl_typesupport_introspection_c.h
[16.365s] -- Symlinking: /home/bilhr2025/BILHR_SS25_DC/Tut2/template/ainex_bilhr_ws/install/servo_service/include/servo_service/servo_service/srv/detail/servo_temp__rosidl_typesupport_introspection_c.h
[16.374s] -- Symlinking: /home/bilhr2025/BILHR_SS25_DC/Tut2/template/ainex_bilhr_ws/install/servo_service/include/servo_service/servo_service/srv/detail/servo_voltage__rosidl_typesupport_introspection_c.h
[16.384s] -- Symlinking: /home/bilhr2025/BILHR_SS25_DC/Tut2/template/ainex_bilhr_ws/install/servo_service/include/servo_service/servo_service/msg/detail/change_servo_positions__rosidl_typesupport_introspection_cpp.hpp
[16.393s] -- Symlinking: /home/bilhr2025/BILHR_SS25_DC/Tut2/template/ainex_bilhr_ws/install/servo_service/include/servo_service/servo_service/msg/detail/get_servo_positions__rosidl_typesupport_introspection_cpp.hpp
[16.402s] -- Symlinking: /home/bilhr2025/BILHR_SS25_DC/Tut2/template/ainex_bilhr_ws/install/servo_service/include/servo_service/servo_service/msg/detail/set_joint_lock__rosidl_typesupport_introspection_cpp.hpp
[16.411s] -- Symlinking: /home/bilhr2025/BILHR_SS25_DC/Tut2/template/ainex_bilhr_ws/install/servo_service/include/servo_service/servo_service/msg/detail/set_posture__rosidl_typesupport_introspection_cpp.hpp
[16.420s] -- Symlinking: /home/bilhr2025/BILHR_SS25_DC/Tut2/template/ainex_bilhr_ws/install/servo_service/include/servo_service/servo_service/msg/detail/set_servo_positions__rosidl_typesupport_introspection_cpp.hpp
[16.430s] -- Symlinking: /home/bilhr2025/BILHR_SS25_DC/Tut2/template/ainex_bilhr_ws/install/servo_service/include/servo_service/servo_service/srv/detail/joint_lock__rosidl_typesupport_introspection_cpp.hpp
[16.439s] -- Symlinking: /home/bilhr2025/BILHR_SS25_DC/Tut2/template/ainex_bilhr_ws/install/servo_service/include/servo_service/servo_service/srv/detail/joint_position__rosidl_typesupport_introspection_cpp.hpp
[16.448s] -- Symlinking: /home/bilhr2025/BILHR_SS25_DC/Tut2/template/ainex_bilhr_ws/install/servo_service/include/servo_service/servo_service/srv/detail/joint_range__rosidl_typesupport_introspection_cpp.hpp
[16.457s] -- Symlinking: /home/bilhr2025/BILHR_SS25_DC/Tut2/template/ainex_bilhr_ws/install/servo_service/include/servo_service/servo_service/srv/detail/servo_deviation__rosidl_typesupport_introspection_cpp.hpp
[16.467s] -- Symlinking: /home/bilhr2025/BILHR_SS25_DC/Tut2/template/ainex_bilhr_ws/install/servo_service/include/servo_service/servo_service/srv/detail/servo_temp__rosidl_typesupport_introspection_cpp.hpp
[16.476s] -- Symlinking: /home/bilhr2025/BILHR_SS25_DC/Tut2/template/ainex_bilhr_ws/install/servo_service/include/servo_service/servo_service/srv/detail/servo_voltage__rosidl_typesupport_introspection_cpp.hpp
[16.485s] -- Symlinking: /home/bilhr2025/BILHR_SS25_DC/Tut2/template/ainex_bilhr_ws/install/servo_service/share/servo_service/environment/pythonpath.sh
[16.495s] -- Symlinking: /home/bilhr2025/BILHR_SS25_DC/Tut2/template/ainex_bilhr_ws/install/servo_service/share/servo_service/environment/pythonpath.dsv
[16.504s] -- Symlinking: /home/bilhr2025/BILHR_SS25_DC/Tut2/template/ainex_bilhr_ws/install/servo_service/lib/python3.12/site-packages/servo_service-0.0.0-py3.12.egg-info/PKG-INFO
[16.514s] -- Symlinking: /home/bilhr2025/BILHR_SS25_DC/Tut2/template/ainex_bilhr_ws/install/servo_service/lib/python3.12/site-packages/servo_service-0.0.0-py3.12.egg-info/SOURCES.txt
[16.522s] -- Symlinking: /home/bilhr2025/BILHR_SS25_DC/Tut2/template/ainex_bilhr_ws/install/servo_service/lib/python3.12/site-packages/servo_service-0.0.0-py3.12.egg-info/dependency_links.txt
[16.532s] -- Symlinking: /home/bilhr2025/BILHR_SS25_DC/Tut2/template/ainex_bilhr_ws/install/servo_service/lib/python3.12/site-packages/servo_service-0.0.0-py3.12.egg-info/top_level.txt
[16.542s] -- Symlinking: /home/bilhr2025/BILHR_SS25_DC/Tut2/template/ainex_bilhr_ws/install/servo_service/lib/python3.12/site-packages/servo_service/__init__.py
[16.551s] -- Symlinking: /home/bilhr2025/BILHR_SS25_DC/Tut2/template/ainex_bilhr_ws/install/servo_service/lib/python3.12/site-packages/servo_service/_servo_service_s.ep.rosidl_typesupport_c.c
[16.561s] -- Symlinking: /home/bilhr2025/BILHR_SS25_DC/Tut2/template/ainex_bilhr_ws/install/servo_service/lib/python3.12/site-packages/servo_service/_servo_service_s.ep.rosidl_typesupport_fastrtps_c.c
[16.569s] -- Symlinking: /home/bilhr2025/BILHR_SS25_DC/Tut2/template/ainex_bilhr_ws/install/servo_service/lib/python3.12/site-packages/servo_service/_servo_service_s.ep.rosidl_typesupport_introspection_c.c
[16.579s] -- Symlinking: /home/bilhr2025/BILHR_SS25_DC/Tut2/template/ainex_bilhr_ws/install/servo_service/lib/python3.12/site-packages/servo_service/msg/__init__.py
[16.588s] -- Symlinking: /home/bilhr2025/BILHR_SS25_DC/Tut2/template/ainex_bilhr_ws/install/servo_service/lib/python3.12/site-packages/servo_service/msg/_change_servo_positions.py
[16.597s] -- Symlinking: /home/bilhr2025/BILHR_SS25_DC/Tut2/template/ainex_bilhr_ws/install/servo_service/lib/python3.12/site-packages/servo_service/msg/_change_servo_positions_s.c
[16.606s] -- Symlinking: /home/bilhr2025/BILHR_SS25_DC/Tut2/template/ainex_bilhr_ws/install/servo_service/lib/python3.12/site-packages/servo_service/msg/_get_servo_positions.py
[16.615s] -- Symlinking: /home/bilhr2025/BILHR_SS25_DC/Tut2/template/ainex_bilhr_ws/install/servo_service/lib/python3.12/site-packages/servo_service/msg/_get_servo_positions_s.c
[16.624s] -- Symlinking: /home/bilhr2025/BILHR_SS25_DC/Tut2/template/ainex_bilhr_ws/install/servo_service/lib/python3.12/site-packages/servo_service/msg/_set_joint_lock.py
[16.634s] -- Symlinking: /home/bilhr2025/BILHR_SS25_DC/Tut2/template/ainex_bilhr_ws/install/servo_service/lib/python3.12/site-packages/servo_service/msg/_set_joint_lock_s.c
[16.643s] -- Symlinking: /home/bilhr2025/BILHR_SS25_DC/Tut2/template/ainex_bilhr_ws/install/servo_service/lib/python3.12/site-packages/servo_service/msg/_set_posture.py
[16.652s] -- Symlinking: /home/bilhr2025/BILHR_SS25_DC/Tut2/template/ainex_bilhr_ws/install/servo_service/lib/python3.12/site-packages/servo_service/msg/_set_posture_s.c
[16.662s] -- Symlinking: /home/bilhr2025/BILHR_SS25_DC/Tut2/template/ainex_bilhr_ws/install/servo_service/lib/python3.12/site-packages/servo_service/msg/_set_servo_positions.py
[16.670s] -- Symlinking: /home/bilhr2025/BILHR_SS25_DC/Tut2/template/ainex_bilhr_ws/install/servo_service/lib/python3.12/site-packages/servo_service/msg/_set_servo_positions_s.c
[16.680s] -- Symlinking: /home/bilhr2025/BILHR_SS25_DC/Tut2/template/ainex_bilhr_ws/install/servo_service/lib/python3.12/site-packages/servo_service/servo_service_s__rosidl_typesupport_c.so
[16.689s] -- Symlinking: /home/bilhr2025/BILHR_SS25_DC/Tut2/template/ainex_bilhr_ws/install/servo_service/lib/python3.12/site-packages/servo_service/servo_service_s__rosidl_typesupport_fastrtps_c.so
[16.699s] -- Symlinking: /home/bilhr2025/BILHR_SS25_DC/Tut2/template/ainex_bilhr_ws/install/servo_service/lib/python3.12/site-packages/servo_service/servo_service_s__rosidl_typesupport_introspection_c.so
[16.708s] -- Symlinking: /home/bilhr2025/BILHR_SS25_DC/Tut2/template/ainex_bilhr_ws/install/servo_service/lib/python3.12/site-packages/servo_service/srv/__init__.py
[16.717s] -- Symlinking: /home/bilhr2025/BILHR_SS25_DC/Tut2/template/ainex_bilhr_ws/install/servo_service/lib/python3.12/site-packages/servo_service/srv/_joint_lock.py
[16.727s] -- Symlinking: /home/bilhr2025/BILHR_SS25_DC/Tut2/template/ainex_bilhr_ws/install/servo_service/lib/python3.12/site-packages/servo_service/srv/_joint_lock_s.c
[16.735s] -- Symlinking: /home/bilhr2025/BILHR_SS25_DC/Tut2/template/ainex_bilhr_ws/install/servo_service/lib/python3.12/site-packages/servo_service/srv/_joint_position.py
[16.745s] -- Symlinking: /home/bilhr2025/BILHR_SS25_DC/Tut2/template/ainex_bilhr_ws/install/servo_service/lib/python3.12/site-packages/servo_service/srv/_joint_position_s.c
[16.753s] -- Symlinking: /home/bilhr2025/BILHR_SS25_DC/Tut2/template/ainex_bilhr_ws/install/servo_service/lib/python3.12/site-packages/servo_service/srv/_joint_range.py
[16.763s] -- Symlinking: /home/bilhr2025/BILHR_SS25_DC/Tut2/template/ainex_bilhr_ws/install/servo_service/lib/python3.12/site-packages/servo_service/srv/_joint_range_s.c
[16.772s] -- Symlinking: /home/bilhr2025/BILHR_SS25_DC/Tut2/template/ainex_bilhr_ws/install/servo_service/lib/python3.12/site-packages/servo_service/srv/_servo_deviation.py
[16.782s] -- Symlinking: /home/bilhr2025/BILHR_SS25_DC/Tut2/template/ainex_bilhr_ws/install/servo_service/lib/python3.12/site-packages/servo_service/srv/_servo_deviation_s.c
[16.791s] -- Symlinking: /home/bilhr2025/BILHR_SS25_DC/Tut2/template/ainex_bilhr_ws/install/servo_service/lib/python3.12/site-packages/servo_service/srv/_servo_temp.py
[16.801s] -- Symlinking: /home/bilhr2025/BILHR_SS25_DC/Tut2/template/ainex_bilhr_ws/install/servo_service/lib/python3.12/site-packages/servo_service/srv/_servo_temp_s.c
[16.810s] -- Symlinking: /home/bilhr2025/BILHR_SS25_DC/Tut2/template/ainex_bilhr_ws/install/servo_service/lib/python3.12/site-packages/servo_service/srv/_servo_voltage.py
[16.819s] -- Symlinking: /home/bilhr2025/BILHR_SS25_DC/Tut2/template/ainex_bilhr_ws/install/servo_service/lib/python3.12/site-packages/servo_service/srv/_servo_voltage_s.c
[16.830s] -- Up-to-date symlink: /home/bilhr2025/BILHR_SS25_DC/Tut2/template/ainex_bilhr_ws/install/servo_service/lib/python3.12/site-packages/servo_service/servo_service_s__rosidl_typesupport_fastrtps_c.so
[16.830s] -- Up-to-date symlink: /home/bilhr2025/BILHR_SS25_DC/Tut2/template/ainex_bilhr_ws/install/servo_service/lib/python3.12/site-packages/servo_service/servo_service_s__rosidl_typesupport_introspection_c.so
[16.830s] -- Up-to-date symlink: /home/bilhr2025/BILHR_SS25_DC/Tut2/template/ainex_bilhr_ws/install/servo_service/lib/python3.12/site-packages/servo_service/servo_service_s__rosidl_typesupport_c.so
[16.830s] -- Symlinking: /home/bilhr2025/BILHR_SS25_DC/Tut2/template/ainex_bilhr_ws/install/servo_service/share/servo_service/msg/ChangeServoPositions.idl
[16.839s] -- Symlinking: /home/bilhr2025/BILHR_SS25_DC/Tut2/template/ainex_bilhr_ws/install/servo_service/share/servo_service/msg/SetServoPositions.idl
[16.849s] -- Symlinking: /home/bilhr2025/BILHR_SS25_DC/Tut2/template/ainex_bilhr_ws/install/servo_service/share/servo_service/msg/SetJointLock.idl
[16.858s] -- Symlinking: /home/bilhr2025/BILHR_SS25_DC/Tut2/template/ainex_bilhr_ws/install/servo_service/share/servo_service/msg/GetServoPositions.idl
[16.867s] -- Symlinking: /home/bilhr2025/BILHR_SS25_DC/Tut2/template/ainex_bilhr_ws/install/servo_service/share/servo_service/msg/SetPosture.idl
[16.877s] -- Symlinking: /home/bilhr2025/BILHR_SS25_DC/Tut2/template/ainex_bilhr_ws/install/servo_service/share/servo_service/srv/JointLock.idl
[16.886s] -- Symlinking: /home/bilhr2025/BILHR_SS25_DC/Tut2/template/ainex_bilhr_ws/install/servo_service/share/servo_service/srv/ServoTemp.idl
[16.896s] -- Symlinking: /home/bilhr2025/BILHR_SS25_DC/Tut2/template/ainex_bilhr_ws/install/servo_service/share/servo_service/srv/ServoDeviation.idl
[16.905s] -- Symlinking: /home/bilhr2025/BILHR_SS25_DC/Tut2/template/ainex_bilhr_ws/install/servo_service/share/servo_service/srv/ServoVoltage.idl
[16.915s] -- Symlinking: /home/bilhr2025/BILHR_SS25_DC/Tut2/template/ainex_bilhr_ws/install/servo_service/share/servo_service/srv/JointPosition.idl
[16.924s] -- Symlinking: /home/bilhr2025/BILHR_SS25_DC/Tut2/template/ainex_bilhr_ws/install/servo_service/share/servo_service/srv/JointRange.idl
[16.934s] -- Symlinking: /home/bilhr2025/BILHR_SS25_DC/Tut2/template/ainex_bilhr_ws/install/servo_service/share/servo_service/msg/ChangeServoPositions.msg
[16.943s] -- Symlinking: /home/bilhr2025/BILHR_SS25_DC/Tut2/template/ainex_bilhr_ws/install/servo_service/share/servo_service/msg/SetServoPositions.msg
[16.952s] -- Symlinking: /home/bilhr2025/BILHR_SS25_DC/Tut2/template/ainex_bilhr_ws/install/servo_service/share/servo_service/msg/SetJointLock.msg
[16.961s] -- Symlinking: /home/bilhr2025/BILHR_SS25_DC/Tut2/template/ainex_bilhr_ws/install/servo_service/share/servo_service/msg/GetServoPositions.msg
[16.970s] -- Symlinking: /home/bilhr2025/BILHR_SS25_DC/Tut2/template/ainex_bilhr_ws/install/servo_service/share/servo_service/msg/SetPosture.msg
[16.980s] -- Symlinking: /home/bilhr2025/BILHR_SS25_DC/Tut2/template/ainex_bilhr_ws/install/servo_service/share/servo_service/srv/JointLock.srv
[16.989s] -- Symlinking: /home/bilhr2025/BILHR_SS25_DC/Tut2/template/ainex_bilhr_ws/install/servo_service/share/servo_service/srv/ServoTemp.srv
[16.999s] -- Symlinking: /home/bilhr2025/BILHR_SS25_DC/Tut2/template/ainex_bilhr_ws/install/servo_service/share/servo_service/srv/ServoDeviation.srv
[17.009s] -- Symlinking: /home/bilhr2025/BILHR_SS25_DC/Tut2/template/ainex_bilhr_ws/install/servo_service/share/servo_service/srv/ServoVoltage.srv
[17.018s] -- Symlinking: /home/bilhr2025/BILHR_SS25_DC/Tut2/template/ainex_bilhr_ws/install/servo_service/share/servo_service/srv/JointPosition.srv
[17.027s] -- Symlinking: /home/bilhr2025/BILHR_SS25_DC/Tut2/template/ainex_bilhr_ws/install/servo_service/share/servo_service/srv/JointRange.srv
[17.036s] -- Symlinking: /home/bilhr2025/BILHR_SS25_DC/Tut2/template/ainex_bilhr_ws/install/servo_service/share/ament_index/resource_index/package_run_dependencies/servo_service
[17.046s] -- Symlinking: /home/bilhr2025/BILHR_SS25_DC/Tut2/template/ainex_bilhr_ws/install/servo_service/share/ament_index/resource_index/parent_prefix_path/servo_service
[17.055s] -- Symlinking: /home/bilhr2025/BILHR_SS25_DC/Tut2/template/ainex_bilhr_ws/install/servo_service/share/servo_service/environment/ament_prefix_path.sh
[17.064s] -- Symlinking: /home/bilhr2025/BILHR_SS25_DC/Tut2/template/ainex_bilhr_ws/install/servo_service/share/servo_service/environment/ament_prefix_path.dsv
[17.073s] -- Symlinking: /home/bilhr2025/BILHR_SS25_DC/Tut2/template/ainex_bilhr_ws/install/servo_service/share/servo_service/environment/path.sh
[17.083s] -- Symlinking: /home/bilhr2025/BILHR_SS25_DC/Tut2/template/ainex_bilhr_ws/install/servo_service/share/servo_service/environment/path.dsv
[17.093s] -- Symlinking: /home/bilhr2025/BILHR_SS25_DC/Tut2/template/ainex_bilhr_ws/install/servo_service/share/servo_service/local_setup.bash
[17.102s] -- Symlinking: /home/bilhr2025/BILHR_SS25_DC/Tut2/template/ainex_bilhr_ws/install/servo_service/share/servo_service/local_setup.sh
[17.112s] -- Symlinking: /home/bilhr2025/BILHR_SS25_DC/Tut2/template/ainex_bilhr_ws/install/servo_service/share/servo_service/local_setup.zsh
[17.121s] -- Symlinking: /home/bilhr2025/BILHR_SS25_DC/Tut2/template/ainex_bilhr_ws/install/servo_service/share/servo_service/local_setup.dsv
[17.131s] -- Symlinking: /home/bilhr2025/BILHR_SS25_DC/Tut2/template/ainex_bilhr_ws/install/servo_service/share/servo_service/package.dsv
[17.140s] -- Symlinking: /home/bilhr2025/BILHR_SS25_DC/Tut2/template/ainex_bilhr_ws/install/servo_service/share/ament_index/resource_index/packages/servo_service
[17.150s] -- Symlinking: /home/bilhr2025/BILHR_SS25_DC/Tut2/template/ainex_bilhr_ws/install/servo_service/share/servo_service/cmake/rosidl_cmake-extras.cmake
[17.159s] -- Symlinking: /home/bilhr2025/BILHR_SS25_DC/Tut2/template/ainex_bilhr_ws/install/servo_service/share/servo_service/cmake/ament_cmake_export_dependencies-extras.cmake
[17.168s] -- Symlinking: /home/bilhr2025/BILHR_SS25_DC/Tut2/template/ainex_bilhr_ws/install/servo_service/share/servo_service/cmake/ament_cmake_export_include_directories-extras.cmake
[17.178s] -- Symlinking: /home/bilhr2025/BILHR_SS25_DC/Tut2/template/ainex_bilhr_ws/install/servo_service/share/servo_service/cmake/ament_cmake_export_libraries-extras.cmake
[17.187s] -- Symlinking: /home/bilhr2025/BILHR_SS25_DC/Tut2/template/ainex_bilhr_ws/install/servo_service/share/servo_service/cmake/ament_cmake_export_targets-extras.cmake
[17.196s] -- Symlinking: /home/bilhr2025/BILHR_SS25_DC/Tut2/template/ainex_bilhr_ws/install/servo_service/share/servo_service/cmake/rosidl_cmake_export_typesupport_targets-extras.cmake
[17.205s] -- Symlinking: /home/bilhr2025/BILHR_SS25_DC/Tut2/template/ainex_bilhr_ws/install/servo_service/share/servo_service/cmake/rosidl_cmake_export_typesupport_libraries-extras.cmake
[17.215s] -- Symlinking: /home/bilhr2025/BILHR_SS25_DC/Tut2/template/ainex_bilhr_ws/install/servo_service/share/servo_service/cmake/servo_serviceConfig.cmake
[17.224s] -- Symlinking: /home/bilhr2025/BILHR_SS25_DC/Tut2/template/ainex_bilhr_ws/install/servo_service/share/servo_service/cmake/servo_serviceConfig-version.cmake
[17.234s] -- Symlinking: /home/bilhr2025/BILHR_SS25_DC/Tut2/template/ainex_bilhr_ws/install/servo_service/share/servo_service/package.xml
[17.243s] -- Installing: /home/bilhr2025/BILHR_SS25_DC/Tut2/template/ainex_bilhr_ws/install/servo_service/lib/libservo_service__rosidl_generator_c.so
[17.244s] -- Set non-toolchain portion of runtime path of "/home/bilhr2025/BILHR_SS25_DC/Tut2/template/ainex_bilhr_ws/install/servo_service/lib/libservo_service__rosidl_generator_c.so" to ""
[17.245s] -- Installing: /home/bilhr2025/BILHR_SS25_DC/Tut2/template/ainex_bilhr_ws/install/servo_service/lib/libservo_service__rosidl_typesupport_fastrtps_c.so
[17.245s] -- Set non-toolchain portion of runtime path of "/home/bilhr2025/BILHR_SS25_DC/Tut2/template/ainex_bilhr_ws/install/servo_service/lib/libservo_service__rosidl_typesupport_fastrtps_c.so" to ""
[17.245s] -- Installing: /home/bilhr2025/BILHR_SS25_DC/Tut2/template/ainex_bilhr_ws/install/servo_service/lib/libservo_service__rosidl_typesupport_fastrtps_cpp.so
[17.247s] -- Set non-toolchain portion of runtime path of "/home/bilhr2025/BILHR_SS25_DC/Tut2/template/ainex_bilhr_ws/install/servo_service/lib/libservo_service__rosidl_typesupport_fastrtps_cpp.so" to ""
[17.247s] -- Installing: /home/bilhr2025/BILHR_SS25_DC/Tut2/template/ainex_bilhr_ws/install/servo_service/lib/libservo_service__rosidl_typesupport_introspection_c.so
[17.247s] -- Set non-toolchain portion of runtime path of "/home/bilhr2025/BILHR_SS25_DC/Tut2/template/ainex_bilhr_ws/install/servo_service/lib/libservo_service__rosidl_typesupport_introspection_c.so" to ""
[17.247s] -- Installing: /home/bilhr2025/BILHR_SS25_DC/Tut2/template/ainex_bilhr_ws/install/servo_service/lib/libservo_service__rosidl_typesupport_c.so
[17.248s] -- Set non-toolchain portion of runtime path of "/home/bilhr2025/BILHR_SS25_DC/Tut2/template/ainex_bilhr_ws/install/servo_service/lib/libservo_service__rosidl_typesupport_c.so" to ""
[17.248s] -- Installing: /home/bilhr2025/BILHR_SS25_DC/Tut2/template/ainex_bilhr_ws/install/servo_service/lib/libservo_service__rosidl_typesupport_introspection_cpp.so
[17.249s] -- Set non-toolchain portion of runtime path of "/home/bilhr2025/BILHR_SS25_DC/Tut2/template/ainex_bilhr_ws/install/servo_service/lib/libservo_service__rosidl_typesupport_introspection_cpp.so" to ""
[17.249s] -- Installing: /home/bilhr2025/BILHR_SS25_DC/Tut2/template/ainex_bilhr_ws/install/servo_service/lib/libservo_service__rosidl_typesupport_cpp.so
[17.250s] -- Set non-toolchain portion of runtime path of "/home/bilhr2025/BILHR_SS25_DC/Tut2/template/ainex_bilhr_ws/install/servo_service/lib/libservo_service__rosidl_typesupport_cpp.so" to ""
[17.347s] Listing '/home/bilhr2025/BILHR_SS25_DC/Tut2/template/ainex_bilhr_ws/install/servo_service/lib/python3.12/site-packages/servo_service'...
[17.347s] Compiling '/home/bilhr2025/BILHR_SS25_DC/Tut2/template/ainex_bilhr_ws/install/servo_service/lib/python3.12/site-packages/servo_service/__init__.py'...
[17.347s] Listing '/home/bilhr2025/BILHR_SS25_DC/Tut2/template/ainex_bilhr_ws/install/servo_service/lib/python3.12/site-packages/servo_service/msg'...
[17.348s] Compiling '/home/bilhr2025/BILHR_SS25_DC/Tut2/template/ainex_bilhr_ws/install/servo_service/lib/python3.12/site-packages/servo_service/msg/__init__.py'...
[17.348s] Compiling '/home/bilhr2025/BILHR_SS25_DC/Tut2/template/ainex_bilhr_ws/install/servo_service/lib/python3.12/site-packages/servo_service/msg/_change_servo_positions.py'...
[17.348s] Compiling '/home/bilhr2025/BILHR_SS25_DC/Tut2/template/ainex_bilhr_ws/install/servo_service/lib/python3.12/site-packages/servo_service/msg/_get_servo_positions.py'...
[17.348s] Compiling '/home/bilhr2025/BILHR_SS25_DC/Tut2/template/ainex_bilhr_ws/install/servo_service/lib/python3.12/site-packages/servo_service/msg/_set_joint_lock.py'...
[17.348s] Compiling '/home/bilhr2025/BILHR_SS25_DC/Tut2/template/ainex_bilhr_ws/install/servo_service/lib/python3.12/site-packages/servo_service/msg/_set_posture.py'...
[17.348s] Compiling '/home/bilhr2025/BILHR_SS25_DC/Tut2/template/ainex_bilhr_ws/install/servo_service/lib/python3.12/site-packages/servo_service/msg/_set_servo_positions.py'...
[17.348s] Listing '/home/bilhr2025/BILHR_SS25_DC/Tut2/template/ainex_bilhr_ws/install/servo_service/lib/python3.12/site-packages/servo_service/srv'...
[17.348s] Compiling '/home/bilhr2025/BILHR_SS25_DC/Tut2/template/ainex_bilhr_ws/install/servo_service/lib/python3.12/site-packages/servo_service/srv/__init__.py'...
[17.348s] Compiling '/home/bilhr2025/BILHR_SS25_DC/Tut2/template/ainex_bilhr_ws/install/servo_service/lib/python3.12/site-packages/servo_service/srv/_joint_lock.py'...
[17.348s] Compiling '/home/bilhr2025/BILHR_SS25_DC/Tut2/template/ainex_bilhr_ws/install/servo_service/lib/python3.12/site-packages/servo_service/srv/_joint_position.py'...
[17.348s] Compiling '/home/bilhr2025/BILHR_SS25_DC/Tut2/template/ainex_bilhr_ws/install/servo_service/lib/python3.12/site-packages/servo_service/srv/_joint_range.py'...
[17.348s] Compiling '/home/bilhr2025/BILHR_SS25_DC/Tut2/template/ainex_bilhr_ws/install/servo_service/lib/python3.12/site-packages/servo_service/srv/_servo_deviation.py'...
[17.348s] Compiling '/home/bilhr2025/BILHR_SS25_DC/Tut2/template/ainex_bilhr_ws/install/servo_service/lib/python3.12/site-packages/servo_service/srv/_servo_temp.py'...
[17.348s] Compiling '/home/bilhr2025/BILHR_SS25_DC/Tut2/template/ainex_bilhr_ws/install/servo_service/lib/python3.12/site-packages/servo_service/srv/_servo_voltage.py'...
[17.353s] -- Installing: /home/bilhr2025/BILHR_SS25_DC/Tut2/template/ainex_bilhr_ws/install/servo_service/lib/libservo_service__rosidl_generator_py.so
[17.353s] -- Set non-toolchain portion of runtime path of "/home/bilhr2025/BILHR_SS25_DC/Tut2/template/ainex_bilhr_ws/install/servo_service/lib/libservo_service__rosidl_generator_py.so" to ""
[17.354s] -- Installing: /home/bilhr2025/BILHR_SS25_DC/Tut2/template/ainex_bilhr_ws/install/servo_service/share/servo_service/cmake/export_servo_service__rosidl_generator_cExport.cmake
[17.354s] -- Installing: /home/bilhr2025/BILHR_SS25_DC/Tut2/template/ainex_bilhr_ws/install/servo_service/share/servo_service/cmake/export_servo_service__rosidl_generator_cExport-noconfig.cmake
[17.354s] -- Installing: /home/bilhr2025/BILHR_SS25_DC/Tut2/template/ainex_bilhr_ws/install/servo_service/share/servo_service/cmake/export_servo_service__rosidl_typesupport_fastrtps_cExport.cmake
[17.354s] -- Installing: /home/bilhr2025/BILHR_SS25_DC/Tut2/template/ainex_bilhr_ws/install/servo_service/share/servo_service/cmake/export_servo_service__rosidl_typesupport_fastrtps_cExport-noconfig.cmake
[17.354s] -- Installing: /home/bilhr2025/BILHR_SS25_DC/Tut2/template/ainex_bilhr_ws/install/servo_service/share/servo_service/cmake/export_servo_service__rosidl_generator_cppExport.cmake
[17.355s] -- Installing: /home/bilhr2025/BILHR_SS25_DC/Tut2/template/ainex_bilhr_ws/install/servo_service/share/servo_service/cmake/export_servo_service__rosidl_typesupport_fastrtps_cppExport.cmake
[17.355s] -- Installing: /home/bilhr2025/BILHR_SS25_DC/Tut2/template/ainex_bilhr_ws/install/servo_service/share/servo_service/cmake/export_servo_service__rosidl_typesupport_fastrtps_cppExport-noconfig.cmake
[17.355s] -- Installing: /home/bilhr2025/BILHR_SS25_DC/Tut2/template/ainex_bilhr_ws/install/servo_service/share/servo_service/cmake/servo_service__rosidl_typesupport_introspection_cExport.cmake
[17.355s] -- Installing: /home/bilhr2025/BILHR_SS25_DC/Tut2/template/ainex_bilhr_ws/install/servo_service/share/servo_service/cmake/servo_service__rosidl_typesupport_introspection_cExport-noconfig.cmake
[17.355s] -- Installing: /home/bilhr2025/BILHR_SS25_DC/Tut2/template/ainex_bilhr_ws/install/servo_service/share/servo_service/cmake/servo_service__rosidl_typesupport_cExport.cmake
[17.355s] -- Installing: /home/bilhr2025/BILHR_SS25_DC/Tut2/template/ainex_bilhr_ws/install/servo_service/share/servo_service/cmake/servo_service__rosidl_typesupport_cExport-noconfig.cmake
[17.356s] -- Installing: /home/bilhr2025/BILHR_SS25_DC/Tut2/template/ainex_bilhr_ws/install/servo_service/share/servo_service/cmake/servo_service__rosidl_typesupport_introspection_cppExport.cmake
[17.356s] -- Installing: /home/bilhr2025/BILHR_SS25_DC/Tut2/template/ainex_bilhr_ws/install/servo_service/share/servo_service/cmake/servo_service__rosidl_typesupport_introspection_cppExport-noconfig.cmake
[17.356s] -- Installing: /home/bilhr2025/BILHR_SS25_DC/Tut2/template/ainex_bilhr_ws/install/servo_service/share/servo_service/cmake/servo_service__rosidl_typesupport_cppExport.cmake
[17.356s] -- Installing: /home/bilhr2025/BILHR_SS25_DC/Tut2/template/ainex_bilhr_ws/install/servo_service/share/servo_service/cmake/servo_service__rosidl_typesupport_cppExport-noconfig.cmake
[17.356s] -- Installing: /home/bilhr2025/BILHR_SS25_DC/Tut2/template/ainex_bilhr_ws/install/servo_service/share/servo_service/cmake/export_servo_service__rosidl_generator_pyExport.cmake
[17.357s] -- Installing: /home/bilhr2025/BILHR_SS25_DC/Tut2/template/ainex_bilhr_ws/install/servo_service/share/servo_service/cmake/export_servo_service__rosidl_generator_pyExport-noconfig.cmake
[17.360s] Invoked command in '/home/bilhr2025/BILHR_SS25_DC/Tut2/template/ainex_bilhr_ws/build/servo_service' returned '0': CMAKE_PREFIX_PATH=${CMAKE_PREFIX_PATH}:/opt/ros/jazzy DEBUGINFOD_URLS=https://debuginfod.ubuntu.com /usr/bin/cmake --install /home/bilhr2025/BILHR_SS25_DC/Tut2/template/ainex_bilhr_ws/build/servo_service
