[  1%] Built target servo_service__rosidl_generator_type_description
[  1%] Built target ament_cmake_python_symlink_servo_service
[  1%] Built target servo_service__cpp
[ 27%] Built target servo_service__rosidl_generator_c
[ 36%] Built target servo_service__rosidl_typesupport_introspection_c
[ 46%] Built target servo_service__rosidl_typesupport_c
[ 55%] Built target servo_service__rosidl_typesupport_cpp
[ 65%] Built target servo_service__rosidl_typesupport_introspection_cpp
[ 75%] Built target servo_service__rosidl_typesupport_fastrtps_cpp
[ 85%] Built target servo_service__rosidl_typesupport_fastrtps_c
[ 85%] Built target servo_service
[ 86%] Built target servo_service__py
[ 95%] Built target servo_service__rosidl_generator_py
[ 97%] Built target servo_service_s__rosidl_typesupport_introspection_c
[ 98%] Built target servo_service_s__rosidl_typesupport_fastrtps_c
[100%] Built target servo_service_s__rosidl_typesupport_c
running egg_info
writing servo_service.egg-info/PKG-INFO
writing dependency_links to servo_service.egg-info/dependency_links.txt
writing top-level names to servo_service.egg-info/top_level.txt
reading manifest file 'servo_service.egg-info/SOURCES.txt'
writing manifest file 'servo_service.egg-info/SOURCES.txt'
[100%] Built target ament_cmake_python_build_servo_service_egg
-- Install configuration: ""
-- Execute custom install script
-- Up-to-date symlink: /home/bilhr2025/BILHR_SS25_DC/Tut2/template/ainex_bilhr_ws/install/servo_service/share/ament_index/resource_index/rosidl_interfaces/servo_service
-- Up-to-date symlink: /home/bilhr2025/BILHR_SS25_DC/Tut2/template/ainex_bilhr_ws/install/servo_service/share/servo_service/msg/ChangeServoPositions.json
-- Up-to-date symlink: /home/bilhr2025/BILHR_SS25_DC/Tut2/template/ainex_bilhr_ws/install/servo_service/share/servo_service/msg/SetServoPositions.json
-- Up-to-date symlink: /home/bilhr2025/BILHR_SS25_DC/Tut2/template/ainex_bilhr_ws/install/servo_service/share/servo_service/msg/SetJointLock.json
-- Up-to-date symlink: /home/bilhr2025/BILHR_SS25_DC/Tut2/template/ainex_bilhr_ws/install/servo_service/share/servo_service/msg/GetServoPositions.json
-- Up-to-date symlink: /home/bilhr2025/BILHR_SS25_DC/Tut2/template/ainex_bilhr_ws/install/servo_service/share/servo_service/msg/SetPosture.json
-- Up-to-date symlink: /home/bilhr2025/BILHR_SS25_DC/Tut2/template/ainex_bilhr_ws/install/servo_service/share/servo_service/srv/JointLock.json
-- Up-to-date symlink: /home/bilhr2025/BILHR_SS25_DC/Tut2/template/ainex_bilhr_ws/install/servo_service/share/servo_service/srv/ServoTemp.json
-- Up-to-date symlink: /home/bilhr2025/BILHR_SS25_DC/Tut2/template/ainex_bilhr_ws/install/servo_service/share/servo_service/srv/ServoDeviation.json
-- Up-to-date symlink: /home/bilhr2025/BILHR_SS25_DC/Tut2/template/ainex_bilhr_ws/install/servo_service/share/servo_service/srv/ServoVoltage.json
-- Up-to-date symlink: /home/bilhr2025/BILHR_SS25_DC/Tut2/template/ainex_bilhr_ws/install/servo_service/share/servo_service/srv/JointPosition.json
-- Up-to-date symlink: /home/bilhr2025/BILHR_SS25_DC/Tut2/template/ainex_bilhr_ws/install/servo_service/share/servo_service/srv/JointRange.json
-- Up-to-date symlink: /home/bilhr2025/BILHR_SS25_DC/Tut2/template/ainex_bilhr_ws/install/servo_service/include/servo_service/servo_service/msg/change_servo_positions.h
-- Up-to-date symlink: /home/bilhr2025/BILHR_SS25_DC/Tut2/template/ainex_bilhr_ws/install/servo_service/include/servo_service/servo_service/msg/detail/change_servo_positions__functions.h
-- Up-to-date symlink: /home/bilhr2025/BILHR_SS25_DC/Tut2/template/ainex_bilhr_ws/install/servo_service/include/servo_service/servo_service/msg/detail/change_servo_positions__struct.h
-- Up-to-date symlink: /home/bilhr2025/BILHR_SS25_DC/Tut2/template/ainex_bilhr_ws/install/servo_service/include/servo_service/servo_service/msg/detail/change_servo_positions__type_support.h
-- Up-to-date symlink: /home/bilhr2025/BILHR_SS25_DC/Tut2/template/ainex_bilhr_ws/install/servo_service/include/servo_service/servo_service/msg/detail/get_servo_positions__functions.h
-- Up-to-date symlink: /home/bilhr2025/BILHR_SS25_DC/Tut2/template/ainex_bilhr_ws/install/servo_service/include/servo_service/servo_service/msg/detail/get_servo_positions__struct.h
-- Up-to-date symlink: /home/bilhr2025/BILHR_SS25_DC/Tut2/template/ainex_bilhr_ws/install/servo_service/include/servo_service/servo_service/msg/detail/get_servo_positions__type_support.h
-- Up-to-date symlink: /home/bilhr2025/BILHR_SS25_DC/Tut2/template/ainex_bilhr_ws/install/servo_service/include/servo_service/servo_service/msg/detail/set_joint_lock__functions.h
-- Up-to-date symlink: /home/bilhr2025/BILHR_SS25_DC/Tut2/template/ainex_bilhr_ws/install/servo_service/include/servo_service/servo_service/msg/detail/set_joint_lock__struct.h
-- Up-to-date symlink: /home/bilhr2025/BILHR_SS25_DC/Tut2/template/ainex_bilhr_ws/install/servo_service/include/servo_service/servo_service/msg/detail/set_joint_lock__type_support.h
-- Up-to-date symlink: /home/bilhr2025/BILHR_SS25_DC/Tut2/template/ainex_bilhr_ws/install/servo_service/include/servo_service/servo_service/msg/detail/set_posture__functions.h
-- Up-to-date symlink: /home/bilhr2025/BILHR_SS25_DC/Tut2/template/ainex_bilhr_ws/install/servo_service/include/servo_service/servo_service/msg/detail/set_posture__struct.h
-- Up-to-date symlink: /home/bilhr2025/BILHR_SS25_DC/Tut2/template/ainex_bilhr_ws/install/servo_service/include/servo_service/servo_service/msg/detail/set_posture__type_support.h
-- Up-to-date symlink: /home/bilhr2025/BILHR_SS25_DC/Tut2/template/ainex_bilhr_ws/install/servo_service/include/servo_service/servo_service/msg/detail/set_servo_positions__functions.h
-- Up-to-date symlink: /home/bilhr2025/BILHR_SS25_DC/Tut2/template/ainex_bilhr_ws/install/servo_service/include/servo_service/servo_service/msg/detail/set_servo_positions__struct.h
-- Up-to-date symlink: /home/bilhr2025/BILHR_SS25_DC/Tut2/template/ainex_bilhr_ws/install/servo_service/include/servo_service/servo_service/msg/detail/set_servo_positions__type_support.h
-- Up-to-date symlink: /home/bilhr2025/BILHR_SS25_DC/Tut2/template/ainex_bilhr_ws/install/servo_service/include/servo_service/servo_service/msg/get_servo_positions.h
-- Up-to-date symlink: /home/bilhr2025/BILHR_SS25_DC/Tut2/template/ainex_bilhr_ws/install/servo_service/include/servo_service/servo_service/msg/rosidl_generator_c__visibility_control.h
-- Up-to-date symlink: /home/bilhr2025/BILHR_SS25_DC/Tut2/template/ainex_bilhr_ws/install/servo_service/include/servo_service/servo_service/msg/set_joint_lock.h
-- Up-to-date symlink: /home/bilhr2025/BILHR_SS25_DC/Tut2/template/ainex_bilhr_ws/install/servo_service/include/servo_service/servo_service/msg/set_posture.h
-- Up-to-date symlink: /home/bilhr2025/BILHR_SS25_DC/Tut2/template/ainex_bilhr_ws/install/servo_service/include/servo_service/servo_service/msg/set_servo_positions.h
-- Up-to-date symlink: /home/bilhr2025/BILHR_SS25_DC/Tut2/template/ainex_bilhr_ws/install/servo_service/include/servo_service/servo_service/srv/detail/joint_lock__functions.h
-- Up-to-date symlink: /home/bilhr2025/BILHR_SS25_DC/Tut2/template/ainex_bilhr_ws/install/servo_service/include/servo_service/servo_service/srv/detail/joint_lock__struct.h
-- Up-to-date symlink: /home/bilhr2025/BILHR_SS25_DC/Tut2/template/ainex_bilhr_ws/install/servo_service/include/servo_service/servo_service/srv/detail/joint_lock__type_support.h
-- Up-to-date symlink: /home/bilhr2025/BILHR_SS25_DC/Tut2/template/ainex_bilhr_ws/install/servo_service/include/servo_service/servo_service/srv/detail/joint_position__functions.h
-- Up-to-date symlink: /home/bilhr2025/BILHR_SS25_DC/Tut2/template/ainex_bilhr_ws/install/servo_service/include/servo_service/servo_service/srv/detail/joint_position__struct.h
-- Up-to-date symlink: /home/bilhr2025/BILHR_SS25_DC/Tut2/template/ainex_bilhr_ws/install/servo_service/include/servo_service/servo_service/srv/detail/joint_position__type_support.h
-- Up-to-date symlink: /home/bilhr2025/BILHR_SS25_DC/Tut2/template/ainex_bilhr_ws/install/servo_service/include/servo_service/servo_service/srv/detail/joint_range__functions.h
-- Up-to-date symlink: /home/bilhr2025/BILHR_SS25_DC/Tut2/template/ainex_bilhr_ws/install/servo_service/include/servo_service/servo_service/srv/detail/joint_range__struct.h
-- Up-to-date symlink: /home/bilhr2025/BILHR_SS25_DC/Tut2/template/ainex_bilhr_ws/install/servo_service/include/servo_service/servo_service/srv/detail/joint_range__type_support.h
-- Up-to-date symlink: /home/bilhr2025/BILHR_SS25_DC/Tut2/template/ainex_bilhr_ws/install/servo_service/include/servo_service/servo_service/srv/detail/servo_deviation__functions.h
-- Up-to-date symlink: /home/bilhr2025/BILHR_SS25_DC/Tut2/template/ainex_bilhr_ws/install/servo_service/include/servo_service/servo_service/srv/detail/servo_deviation__struct.h
-- Up-to-date symlink: /home/bilhr2025/BILHR_SS25_DC/Tut2/template/ainex_bilhr_ws/install/servo_service/include/servo_service/servo_service/srv/detail/servo_deviation__type_support.h
-- Up-to-date symlink: /home/bilhr2025/BILHR_SS25_DC/Tut2/template/ainex_bilhr_ws/install/servo_service/include/servo_service/servo_service/srv/detail/servo_temp__functions.h
-- Up-to-date symlink: /home/bilhr2025/BILHR_SS25_DC/Tut2/template/ainex_bilhr_ws/install/servo_service/include/servo_service/servo_service/srv/detail/servo_temp__struct.h
-- Up-to-date symlink: /home/bilhr2025/BILHR_SS25_DC/Tut2/template/ainex_bilhr_ws/install/servo_service/include/servo_service/servo_service/srv/detail/servo_temp__type_support.h
-- Up-to-date symlink: /home/bilhr2025/BILHR_SS25_DC/Tut2/template/ainex_bilhr_ws/install/servo_service/include/servo_service/servo_service/srv/detail/servo_voltage__functions.h
-- Up-to-date symlink: /home/bilhr2025/BILHR_SS25_DC/Tut2/template/ainex_bilhr_ws/install/servo_service/include/servo_service/servo_service/srv/detail/servo_voltage__struct.h
-- Up-to-date symlink: /home/bilhr2025/BILHR_SS25_DC/Tut2/template/ainex_bilhr_ws/install/servo_service/include/servo_service/servo_service/srv/detail/servo_voltage__type_support.h
-- Up-to-date symlink: /home/bilhr2025/BILHR_SS25_DC/Tut2/template/ainex_bilhr_ws/install/servo_service/include/servo_service/servo_service/srv/joint_lock.h
-- Up-to-date symlink: /home/bilhr2025/BILHR_SS25_DC/Tut2/template/ainex_bilhr_ws/install/servo_service/include/servo_service/servo_service/srv/joint_position.h
-- Up-to-date symlink: /home/bilhr2025/BILHR_SS25_DC/Tut2/template/ainex_bilhr_ws/install/servo_service/include/servo_service/servo_service/srv/joint_range.h
-- Up-to-date symlink: /home/bilhr2025/BILHR_SS25_DC/Tut2/template/ainex_bilhr_ws/install/servo_service/include/servo_service/servo_service/srv/servo_deviation.h
-- Up-to-date symlink: /home/bilhr2025/BILHR_SS25_DC/Tut2/template/ainex_bilhr_ws/install/servo_service/include/servo_service/servo_service/srv/servo_temp.h
-- Up-to-date symlink: /home/bilhr2025/BILHR_SS25_DC/Tut2/template/ainex_bilhr_ws/install/servo_service/include/servo_service/servo_service/srv/servo_voltage.h
-- Up-to-date symlink: /home/bilhr2025/BILHR_SS25_DC/Tut2/template/ainex_bilhr_ws/install/servo_service/share/servo_service/environment/library_path.sh
-- Up-to-date symlink: /home/bilhr2025/BILHR_SS25_DC/Tut2/template/ainex_bilhr_ws/install/servo_service/share/servo_service/environment/library_path.dsv
-- Up-to-date symlink: /home/bilhr2025/BILHR_SS25_DC/Tut2/template/ainex_bilhr_ws/install/servo_service/include/servo_service/servo_service/msg/detail/change_servo_positions__rosidl_typesupport_fastrtps_c.h
-- Up-to-date symlink: /home/bilhr2025/BILHR_SS25_DC/Tut2/template/ainex_bilhr_ws/install/servo_service/include/servo_service/servo_service/msg/detail/get_servo_positions__rosidl_typesupport_fastrtps_c.h
-- Up-to-date symlink: /home/bilhr2025/BILHR_SS25_DC/Tut2/template/ainex_bilhr_ws/install/servo_service/include/servo_service/servo_service/msg/detail/set_joint_lock__rosidl_typesupport_fastrtps_c.h
-- Up-to-date symlink: /home/bilhr2025/BILHR_SS25_DC/Tut2/template/ainex_bilhr_ws/install/servo_service/include/servo_service/servo_service/msg/detail/set_posture__rosidl_typesupport_fastrtps_c.h
-- Up-to-date symlink: /home/bilhr2025/BILHR_SS25_DC/Tut2/template/ainex_bilhr_ws/install/servo_service/include/servo_service/servo_service/msg/detail/set_servo_positions__rosidl_typesupport_fastrtps_c.h
-- Up-to-date symlink: /home/bilhr2025/BILHR_SS25_DC/Tut2/template/ainex_bilhr_ws/install/servo_service/include/servo_service/servo_service/msg/rosidl_typesupport_fastrtps_c__visibility_control.h
-- Up-to-date symlink: /home/bilhr2025/BILHR_SS25_DC/Tut2/template/ainex_bilhr_ws/install/servo_service/include/servo_service/servo_service/srv/detail/joint_lock__rosidl_typesupport_fastrtps_c.h
-- Up-to-date symlink: /home/bilhr2025/BILHR_SS25_DC/Tut2/template/ainex_bilhr_ws/install/servo_service/include/servo_service/servo_service/srv/detail/joint_position__rosidl_typesupport_fastrtps_c.h
-- Up-to-date symlink: /home/bilhr2025/BILHR_SS25_DC/Tut2/template/ainex_bilhr_ws/install/servo_service/include/servo_service/servo_service/srv/detail/joint_range__rosidl_typesupport_fastrtps_c.h
-- Up-to-date symlink: /home/bilhr2025/BILHR_SS25_DC/Tut2/template/ainex_bilhr_ws/install/servo_service/include/servo_service/servo_service/srv/detail/servo_deviation__rosidl_typesupport_fastrtps_c.h
-- Up-to-date symlink: /home/bilhr2025/BILHR_SS25_DC/Tut2/template/ainex_bilhr_ws/install/servo_service/include/servo_service/servo_service/srv/detail/servo_temp__rosidl_typesupport_fastrtps_c.h
-- Up-to-date symlink: /home/bilhr2025/BILHR_SS25_DC/Tut2/template/ainex_bilhr_ws/install/servo_service/include/servo_service/servo_service/srv/detail/servo_voltage__rosidl_typesupport_fastrtps_c.h
-- Up-to-date symlink: /home/bilhr2025/BILHR_SS25_DC/Tut2/template/ainex_bilhr_ws/install/servo_service/include/servo_service/servo_service/msg/change_servo_positions.hpp
-- Up-to-date symlink: /home/bilhr2025/BILHR_SS25_DC/Tut2/template/ainex_bilhr_ws/install/servo_service/include/servo_service/servo_service/msg/detail/change_servo_positions__builder.hpp
-- Up-to-date symlink: /home/bilhr2025/BILHR_SS25_DC/Tut2/template/ainex_bilhr_ws/install/servo_service/include/servo_service/servo_service/msg/detail/change_servo_positions__struct.hpp
-- Up-to-date symlink: /home/bilhr2025/BILHR_SS25_DC/Tut2/template/ainex_bilhr_ws/install/servo_service/include/servo_service/servo_service/msg/detail/change_servo_positions__traits.hpp
-- Up-to-date symlink: /home/bilhr2025/BILHR_SS25_DC/Tut2/template/ainex_bilhr_ws/install/servo_service/include/servo_service/servo_service/msg/detail/change_servo_positions__type_support.hpp
-- Up-to-date symlink: /home/bilhr2025/BILHR_SS25_DC/Tut2/template/ainex_bilhr_ws/install/servo_service/include/servo_service/servo_service/msg/detail/get_servo_positions__builder.hpp
-- Up-to-date symlink: /home/bilhr2025/BILHR_SS25_DC/Tut2/template/ainex_bilhr_ws/install/servo_service/include/servo_service/servo_service/msg/detail/get_servo_positions__struct.hpp
-- Up-to-date symlink: /home/bilhr2025/BILHR_SS25_DC/Tut2/template/ainex_bilhr_ws/install/servo_service/include/servo_service/servo_service/msg/detail/get_servo_positions__traits.hpp
-- Up-to-date symlink: /home/bilhr2025/BILHR_SS25_DC/Tut2/template/ainex_bilhr_ws/install/servo_service/include/servo_service/servo_service/msg/detail/get_servo_positions__type_support.hpp
-- Up-to-date symlink: /home/bilhr2025/BILHR_SS25_DC/Tut2/template/ainex_bilhr_ws/install/servo_service/include/servo_service/servo_service/msg/detail/set_joint_lock__builder.hpp
-- Up-to-date symlink: /home/bilhr2025/BILHR_SS25_DC/Tut2/template/ainex_bilhr_ws/install/servo_service/include/servo_service/servo_service/msg/detail/set_joint_lock__struct.hpp
-- Up-to-date symlink: /home/bilhr2025/BILHR_SS25_DC/Tut2/template/ainex_bilhr_ws/install/servo_service/include/servo_service/servo_service/msg/detail/set_joint_lock__traits.hpp
-- Up-to-date symlink: /home/bilhr2025/BILHR_SS25_DC/Tut2/template/ainex_bilhr_ws/install/servo_service/include/servo_service/servo_service/msg/detail/set_joint_lock__type_support.hpp
-- Up-to-date symlink: /home/bilhr2025/BILHR_SS25_DC/Tut2/template/ainex_bilhr_ws/install/servo_service/include/servo_service/servo_service/msg/detail/set_posture__builder.hpp
-- Up-to-date symlink: /home/bilhr2025/BILHR_SS25_DC/Tut2/template/ainex_bilhr_ws/install/servo_service/include/servo_service/servo_service/msg/detail/set_posture__struct.hpp
-- Up-to-date symlink: /home/bilhr2025/BILHR_SS25_DC/Tut2/template/ainex_bilhr_ws/install/servo_service/include/servo_service/servo_service/msg/detail/set_posture__traits.hpp
-- Up-to-date symlink: /home/bilhr2025/BILHR_SS25_DC/Tut2/template/ainex_bilhr_ws/install/servo_service/include/servo_service/servo_service/msg/detail/set_posture__type_support.hpp
-- Up-to-date symlink: /home/bilhr2025/BILHR_SS25_DC/Tut2/template/ainex_bilhr_ws/install/servo_service/include/servo_service/servo_service/msg/detail/set_servo_positions__builder.hpp
-- Up-to-date symlink: /home/bilhr2025/BILHR_SS25_DC/Tut2/template/ainex_bilhr_ws/install/servo_service/include/servo_service/servo_service/msg/detail/set_servo_positions__struct.hpp
-- Up-to-date symlink: /home/bilhr2025/BILHR_SS25_DC/Tut2/template/ainex_bilhr_ws/install/servo_service/include/servo_service/servo_service/msg/detail/set_servo_positions__traits.hpp
-- Up-to-date symlink: /home/bilhr2025/BILHR_SS25_DC/Tut2/template/ainex_bilhr_ws/install/servo_service/include/servo_service/servo_service/msg/detail/set_servo_positions__type_support.hpp
-- Up-to-date symlink: /home/bilhr2025/BILHR_SS25_DC/Tut2/template/ainex_bilhr_ws/install/servo_service/include/servo_service/servo_service/msg/get_servo_positions.hpp
-- Up-to-date symlink: /home/bilhr2025/BILHR_SS25_DC/Tut2/template/ainex_bilhr_ws/install/servo_service/include/servo_service/servo_service/msg/rosidl_generator_cpp__visibility_control.hpp
-- Up-to-date symlink: /home/bilhr2025/BILHR_SS25_DC/Tut2/template/ainex_bilhr_ws/install/servo_service/include/servo_service/servo_service/msg/set_joint_lock.hpp
-- Up-to-date symlink: /home/bilhr2025/BILHR_SS25_DC/Tut2/template/ainex_bilhr_ws/install/servo_service/include/servo_service/servo_service/msg/set_posture.hpp
-- Up-to-date symlink: /home/bilhr2025/BILHR_SS25_DC/Tut2/template/ainex_bilhr_ws/install/servo_service/include/servo_service/servo_service/msg/set_servo_positions.hpp
-- Up-to-date symlink: /home/bilhr2025/BILHR_SS25_DC/Tut2/template/ainex_bilhr_ws/install/servo_service/include/servo_service/servo_service/srv/detail/joint_lock__builder.hpp
-- Up-to-date symlink: /home/bilhr2025/BILHR_SS25_DC/Tut2/template/ainex_bilhr_ws/install/servo_service/include/servo_service/servo_service/srv/detail/joint_lock__struct.hpp
-- Up-to-date symlink: /home/bilhr2025/BILHR_SS25_DC/Tut2/template/ainex_bilhr_ws/install/servo_service/include/servo_service/servo_service/srv/detail/joint_lock__traits.hpp
-- Up-to-date symlink: /home/bilhr2025/BILHR_SS25_DC/Tut2/template/ainex_bilhr_ws/install/servo_service/include/servo_service/servo_service/srv/detail/joint_lock__type_support.hpp
-- Up-to-date symlink: /home/bilhr2025/BILHR_SS25_DC/Tut2/template/ainex_bilhr_ws/install/servo_service/include/servo_service/servo_service/srv/detail/joint_position__builder.hpp
-- Up-to-date symlink: /home/bilhr2025/BILHR_SS25_DC/Tut2/template/ainex_bilhr_ws/install/servo_service/include/servo_service/servo_service/srv/detail/joint_position__struct.hpp
-- Up-to-date symlink: /home/bilhr2025/BILHR_SS25_DC/Tut2/template/ainex_bilhr_ws/install/servo_service/include/servo_service/servo_service/srv/detail/joint_position__traits.hpp
-- Up-to-date symlink: /home/bilhr2025/BILHR_SS25_DC/Tut2/template/ainex_bilhr_ws/install/servo_service/include/servo_service/servo_service/srv/detail/joint_position__type_support.hpp
-- Up-to-date symlink: /home/bilhr2025/BILHR_SS25_DC/Tut2/template/ainex_bilhr_ws/install/servo_service/include/servo_service/servo_service/srv/detail/joint_range__builder.hpp
-- Up-to-date symlink: /home/bilhr2025/BILHR_SS25_DC/Tut2/template/ainex_bilhr_ws/install/servo_service/include/servo_service/servo_service/srv/detail/joint_range__struct.hpp
-- Up-to-date symlink: /home/bilhr2025/BILHR_SS25_DC/Tut2/template/ainex_bilhr_ws/install/servo_service/include/servo_service/servo_service/srv/detail/joint_range__traits.hpp
-- Up-to-date symlink: /home/bilhr2025/BILHR_SS25_DC/Tut2/template/ainex_bilhr_ws/install/servo_service/include/servo_service/servo_service/srv/detail/joint_range__type_support.hpp
-- Up-to-date symlink: /home/bilhr2025/BILHR_SS25_DC/Tut2/template/ainex_bilhr_ws/install/servo_service/include/servo_service/servo_service/srv/detail/servo_deviation__builder.hpp
-- Up-to-date symlink: /home/bilhr2025/BILHR_SS25_DC/Tut2/template/ainex_bilhr_ws/install/servo_service/include/servo_service/servo_service/srv/detail/servo_deviation__struct.hpp
-- Up-to-date symlink: /home/bilhr2025/BILHR_SS25_DC/Tut2/template/ainex_bilhr_ws/install/servo_service/include/servo_service/servo_service/srv/detail/servo_deviation__traits.hpp
-- Up-to-date symlink: /home/bilhr2025/BILHR_SS25_DC/Tut2/template/ainex_bilhr_ws/install/servo_service/include/servo_service/servo_service/srv/detail/servo_deviation__type_support.hpp
-- Up-to-date symlink: /home/bilhr2025/BILHR_SS25_DC/Tut2/template/ainex_bilhr_ws/install/servo_service/include/servo_service/servo_service/srv/detail/servo_temp__builder.hpp
-- Up-to-date symlink: /home/bilhr2025/BILHR_SS25_DC/Tut2/template/ainex_bilhr_ws/install/servo_service/include/servo_service/servo_service/srv/detail/servo_temp__struct.hpp
-- Up-to-date symlink: /home/bilhr2025/BILHR_SS25_DC/Tut2/template/ainex_bilhr_ws/install/servo_service/include/servo_service/servo_service/srv/detail/servo_temp__traits.hpp
-- Up-to-date symlink: /home/bilhr2025/BILHR_SS25_DC/Tut2/template/ainex_bilhr_ws/install/servo_service/include/servo_service/servo_service/srv/detail/servo_temp__type_support.hpp
-- Up-to-date symlink: /home/bilhr2025/BILHR_SS25_DC/Tut2/template/ainex_bilhr_ws/install/servo_service/include/servo_service/servo_service/srv/detail/servo_voltage__builder.hpp
-- Up-to-date symlink: /home/bilhr2025/BILHR_SS25_DC/Tut2/template/ainex_bilhr_ws/install/servo_service/include/servo_service/servo_service/srv/detail/servo_voltage__struct.hpp
-- Up-to-date symlink: /home/bilhr2025/BILHR_SS25_DC/Tut2/template/ainex_bilhr_ws/install/servo_service/include/servo_service/servo_service/srv/detail/servo_voltage__traits.hpp
-- Up-to-date symlink: /home/bilhr2025/BILHR_SS25_DC/Tut2/template/ainex_bilhr_ws/install/servo_service/include/servo_service/servo_service/srv/detail/servo_voltage__type_support.hpp
-- Up-to-date symlink: /home/bilhr2025/BILHR_SS25_DC/Tut2/template/ainex_bilhr_ws/install/servo_service/include/servo_service/servo_service/srv/joint_lock.hpp
-- Up-to-date symlink: /home/bilhr2025/BILHR_SS25_DC/Tut2/template/ainex_bilhr_ws/install/servo_service/include/servo_service/servo_service/srv/joint_position.hpp
-- Up-to-date symlink: /home/bilhr2025/BILHR_SS25_DC/Tut2/template/ainex_bilhr_ws/install/servo_service/include/servo_service/servo_service/srv/joint_range.hpp
-- Up-to-date symlink: /home/bilhr2025/BILHR_SS25_DC/Tut2/template/ainex_bilhr_ws/install/servo_service/include/servo_service/servo_service/srv/servo_deviation.hpp
-- Up-to-date symlink: /home/bilhr2025/BILHR_SS25_DC/Tut2/template/ainex_bilhr_ws/install/servo_service/include/servo_service/servo_service/srv/servo_temp.hpp
-- Up-to-date symlink: /home/bilhr2025/BILHR_SS25_DC/Tut2/template/ainex_bilhr_ws/install/servo_service/include/servo_service/servo_service/srv/servo_voltage.hpp
-- Up-to-date symlink: /home/bilhr2025/BILHR_SS25_DC/Tut2/template/ainex_bilhr_ws/install/servo_service/include/servo_service/servo_service/msg/detail/change_servo_positions__rosidl_typesupport_fastrtps_cpp.hpp
-- Up-to-date symlink: /home/bilhr2025/BILHR_SS25_DC/Tut2/template/ainex_bilhr_ws/install/servo_service/include/servo_service/servo_service/msg/detail/get_servo_positions__rosidl_typesupport_fastrtps_cpp.hpp
-- Up-to-date symlink: /home/bilhr2025/BILHR_SS25_DC/Tut2/template/ainex_bilhr_ws/install/servo_service/include/servo_service/servo_service/msg/detail/set_joint_lock__rosidl_typesupport_fastrtps_cpp.hpp
-- Up-to-date symlink: /home/bilhr2025/BILHR_SS25_DC/Tut2/template/ainex_bilhr_ws/install/servo_service/include/servo_service/servo_service/msg/detail/set_posture__rosidl_typesupport_fastrtps_cpp.hpp
-- Up-to-date symlink: /home/bilhr2025/BILHR_SS25_DC/Tut2/template/ainex_bilhr_ws/install/servo_service/include/servo_service/servo_service/msg/detail/set_servo_positions__rosidl_typesupport_fastrtps_cpp.hpp
-- Up-to-date symlink: /home/bilhr2025/BILHR_SS25_DC/Tut2/template/ainex_bilhr_ws/install/servo_service/include/servo_service/servo_service/msg/rosidl_typesupport_fastrtps_cpp__visibility_control.h
-- Up-to-date symlink: /home/bilhr2025/BILHR_SS25_DC/Tut2/template/ainex_bilhr_ws/install/servo_service/include/servo_service/servo_service/srv/detail/joint_lock__rosidl_typesupport_fastrtps_cpp.hpp
-- Up-to-date symlink: /home/bilhr2025/BILHR_SS25_DC/Tut2/template/ainex_bilhr_ws/install/servo_service/include/servo_service/servo_service/srv/detail/joint_position__rosidl_typesupport_fastrtps_cpp.hpp
-- Up-to-date symlink: /home/bilhr2025/BILHR_SS25_DC/Tut2/template/ainex_bilhr_ws/install/servo_service/include/servo_service/servo_service/srv/detail/joint_range__rosidl_typesupport_fastrtps_cpp.hpp
-- Up-to-date symlink: /home/bilhr2025/BILHR_SS25_DC/Tut2/template/ainex_bilhr_ws/install/servo_service/include/servo_service/servo_service/srv/detail/servo_deviation__rosidl_typesupport_fastrtps_cpp.hpp
-- Up-to-date symlink: /home/bilhr2025/BILHR_SS25_DC/Tut2/template/ainex_bilhr_ws/install/servo_service/include/servo_service/servo_service/srv/detail/servo_temp__rosidl_typesupport_fastrtps_cpp.hpp
-- Up-to-date symlink: /home/bilhr2025/BILHR_SS25_DC/Tut2/template/ainex_bilhr_ws/install/servo_service/include/servo_service/servo_service/srv/detail/servo_voltage__rosidl_typesupport_fastrtps_cpp.hpp
-- Up-to-date symlink: /home/bilhr2025/BILHR_SS25_DC/Tut2/template/ainex_bilhr_ws/install/servo_service/include/servo_service/servo_service/msg/detail/change_servo_positions__rosidl_typesupport_introspection_c.h
-- Up-to-date symlink: /home/bilhr2025/BILHR_SS25_DC/Tut2/template/ainex_bilhr_ws/install/servo_service/include/servo_service/servo_service/msg/detail/get_servo_positions__rosidl_typesupport_introspection_c.h
-- Up-to-date symlink: /home/bilhr2025/BILHR_SS25_DC/Tut2/template/ainex_bilhr_ws/install/servo_service/include/servo_service/servo_service/msg/detail/set_joint_lock__rosidl_typesupport_introspection_c.h
-- Up-to-date symlink: /home/bilhr2025/BILHR_SS25_DC/Tut2/template/ainex_bilhr_ws/install/servo_service/include/servo_service/servo_service/msg/detail/set_posture__rosidl_typesupport_introspection_c.h
-- Up-to-date symlink: /home/bilhr2025/BILHR_SS25_DC/Tut2/template/ainex_bilhr_ws/install/servo_service/include/servo_service/servo_service/msg/detail/set_servo_positions__rosidl_typesupport_introspection_c.h
-- Up-to-date symlink: /home/bilhr2025/BILHR_SS25_DC/Tut2/template/ainex_bilhr_ws/install/servo_service/include/servo_service/servo_service/msg/rosidl_typesupport_introspection_c__visibility_control.h
-- Up-to-date symlink: /home/bilhr2025/BILHR_SS25_DC/Tut2/template/ainex_bilhr_ws/install/servo_service/include/servo_service/servo_service/srv/detail/joint_lock__rosidl_typesupport_introspection_c.h
-- Up-to-date symlink: /home/bilhr2025/BILHR_SS25_DC/Tut2/template/ainex_bilhr_ws/install/servo_service/include/servo_service/servo_service/srv/detail/joint_position__rosidl_typesupport_introspection_c.h
-- Up-to-date symlink: /home/bilhr2025/BILHR_SS25_DC/Tut2/template/ainex_bilhr_ws/install/servo_service/include/servo_service/servo_service/srv/detail/joint_range__rosidl_typesupport_introspection_c.h
-- Up-to-date symlink: /home/bilhr2025/BILHR_SS25_DC/Tut2/template/ainex_bilhr_ws/install/servo_service/include/servo_service/servo_service/srv/detail/servo_deviation__rosidl_typesupport_introspection_c.h
-- Up-to-date symlink: /home/bilhr2025/BILHR_SS25_DC/Tut2/template/ainex_bilhr_ws/install/servo_service/include/servo_service/servo_service/srv/detail/servo_temp__rosidl_typesupport_introspection_c.h
-- Up-to-date symlink: /home/bilhr2025/BILHR_SS25_DC/Tut2/template/ainex_bilhr_ws/install/servo_service/include/servo_service/servo_service/srv/detail/servo_voltage__rosidl_typesupport_introspection_c.h
-- Up-to-date symlink: /home/bilhr2025/BILHR_SS25_DC/Tut2/template/ainex_bilhr_ws/install/servo_service/include/servo_service/servo_service/msg/detail/change_servo_positions__rosidl_typesupport_introspection_cpp.hpp
-- Up-to-date symlink: /home/bilhr2025/BILHR_SS25_DC/Tut2/template/ainex_bilhr_ws/install/servo_service/include/servo_service/servo_service/msg/detail/get_servo_positions__rosidl_typesupport_introspection_cpp.hpp
-- Up-to-date symlink: /home/bilhr2025/BILHR_SS25_DC/Tut2/template/ainex_bilhr_ws/install/servo_service/include/servo_service/servo_service/msg/detail/set_joint_lock__rosidl_typesupport_introspection_cpp.hpp
-- Up-to-date symlink: /home/bilhr2025/BILHR_SS25_DC/Tut2/template/ainex_bilhr_ws/install/servo_service/include/servo_service/servo_service/msg/detail/set_posture__rosidl_typesupport_introspection_cpp.hpp
-- Up-to-date symlink: /home/bilhr2025/BILHR_SS25_DC/Tut2/template/ainex_bilhr_ws/install/servo_service/include/servo_service/servo_service/msg/detail/set_servo_positions__rosidl_typesupport_introspection_cpp.hpp
-- Up-to-date symlink: /home/bilhr2025/BILHR_SS25_DC/Tut2/template/ainex_bilhr_ws/install/servo_service/include/servo_service/servo_service/srv/detail/joint_lock__rosidl_typesupport_introspection_cpp.hpp
-- Up-to-date symlink: /home/bilhr2025/BILHR_SS25_DC/Tut2/template/ainex_bilhr_ws/install/servo_service/include/servo_service/servo_service/srv/detail/joint_position__rosidl_typesupport_introspection_cpp.hpp
-- Up-to-date symlink: /home/bilhr2025/BILHR_SS25_DC/Tut2/template/ainex_bilhr_ws/install/servo_service/include/servo_service/servo_service/srv/detail/joint_range__rosidl_typesupport_introspection_cpp.hpp
-- Up-to-date symlink: /home/bilhr2025/BILHR_SS25_DC/Tut2/template/ainex_bilhr_ws/install/servo_service/include/servo_service/servo_service/srv/detail/servo_deviation__rosidl_typesupport_introspection_cpp.hpp
-- Up-to-date symlink: /home/bilhr2025/BILHR_SS25_DC/Tut2/template/ainex_bilhr_ws/install/servo_service/include/servo_service/servo_service/srv/detail/servo_temp__rosidl_typesupport_introspection_cpp.hpp
-- Up-to-date symlink: /home/bilhr2025/BILHR_SS25_DC/Tut2/template/ainex_bilhr_ws/install/servo_service/include/servo_service/servo_service/srv/detail/servo_voltage__rosidl_typesupport_introspection_cpp.hpp
-- Up-to-date symlink: /home/bilhr2025/BILHR_SS25_DC/Tut2/template/ainex_bilhr_ws/install/servo_service/share/servo_service/environment/pythonpath.sh
-- Up-to-date symlink: /home/bilhr2025/BILHR_SS25_DC/Tut2/template/ainex_bilhr_ws/install/servo_service/share/servo_service/environment/pythonpath.dsv
-- Up-to-date symlink: /home/bilhr2025/BILHR_SS25_DC/Tut2/template/ainex_bilhr_ws/install/servo_service/lib/python3.12/site-packages/servo_service-0.0.0-py3.12.egg-info/PKG-INFO
-- Up-to-date symlink: /home/bilhr2025/BILHR_SS25_DC/Tut2/template/ainex_bilhr_ws/install/servo_service/lib/python3.12/site-packages/servo_service-0.0.0-py3.12.egg-info/SOURCES.txt
-- Up-to-date symlink: /home/bilhr2025/BILHR_SS25_DC/Tut2/template/ainex_bilhr_ws/install/servo_service/lib/python3.12/site-packages/servo_service-0.0.0-py3.12.egg-info/dependency_links.txt
-- Up-to-date symlink: /home/bilhr2025/BILHR_SS25_DC/Tut2/template/ainex_bilhr_ws/install/servo_service/lib/python3.12/site-packages/servo_service-0.0.0-py3.12.egg-info/top_level.txt
-- Up-to-date symlink: /home/bilhr2025/BILHR_SS25_DC/Tut2/template/ainex_bilhr_ws/install/servo_service/lib/python3.12/site-packages/servo_service/__init__.py
-- Up-to-date symlink: /home/bilhr2025/BILHR_SS25_DC/Tut2/template/ainex_bilhr_ws/install/servo_service/lib/python3.12/site-packages/servo_service/_servo_service_s.ep.rosidl_typesupport_c.c
-- Up-to-date symlink: /home/bilhr2025/BILHR_SS25_DC/Tut2/template/ainex_bilhr_ws/install/servo_service/lib/python3.12/site-packages/servo_service/_servo_service_s.ep.rosidl_typesupport_fastrtps_c.c
-- Up-to-date symlink: /home/bilhr2025/BILHR_SS25_DC/Tut2/template/ainex_bilhr_ws/install/servo_service/lib/python3.12/site-packages/servo_service/_servo_service_s.ep.rosidl_typesupport_introspection_c.c
-- Up-to-date symlink: /home/bilhr2025/BILHR_SS25_DC/Tut2/template/ainex_bilhr_ws/install/servo_service/lib/python3.12/site-packages/servo_service/msg/__init__.py
-- Up-to-date symlink: /home/bilhr2025/BILHR_SS25_DC/Tut2/template/ainex_bilhr_ws/install/servo_service/lib/python3.12/site-packages/servo_service/msg/_change_servo_positions.py
-- Up-to-date symlink: /home/bilhr2025/BILHR_SS25_DC/Tut2/template/ainex_bilhr_ws/install/servo_service/lib/python3.12/site-packages/servo_service/msg/_change_servo_positions_s.c
-- Up-to-date symlink: /home/bilhr2025/BILHR_SS25_DC/Tut2/template/ainex_bilhr_ws/install/servo_service/lib/python3.12/site-packages/servo_service/msg/_get_servo_positions.py
-- Up-to-date symlink: /home/bilhr2025/BILHR_SS25_DC/Tut2/template/ainex_bilhr_ws/install/servo_service/lib/python3.12/site-packages/servo_service/msg/_get_servo_positions_s.c
-- Up-to-date symlink: /home/bilhr2025/BILHR_SS25_DC/Tut2/template/ainex_bilhr_ws/install/servo_service/lib/python3.12/site-packages/servo_service/msg/_set_joint_lock.py
-- Up-to-date symlink: /home/bilhr2025/BILHR_SS25_DC/Tut2/template/ainex_bilhr_ws/install/servo_service/lib/python3.12/site-packages/servo_service/msg/_set_joint_lock_s.c
-- Up-to-date symlink: /home/bilhr2025/BILHR_SS25_DC/Tut2/template/ainex_bilhr_ws/install/servo_service/lib/python3.12/site-packages/servo_service/msg/_set_posture.py
-- Up-to-date symlink: /home/bilhr2025/BILHR_SS25_DC/Tut2/template/ainex_bilhr_ws/install/servo_service/lib/python3.12/site-packages/servo_service/msg/_set_posture_s.c
-- Up-to-date symlink: /home/bilhr2025/BILHR_SS25_DC/Tut2/template/ainex_bilhr_ws/install/servo_service/lib/python3.12/site-packages/servo_service/msg/_set_servo_positions.py
-- Up-to-date symlink: /home/bilhr2025/BILHR_SS25_DC/Tut2/template/ainex_bilhr_ws/install/servo_service/lib/python3.12/site-packages/servo_service/msg/_set_servo_positions_s.c
-- Up-to-date symlink: /home/bilhr2025/BILHR_SS25_DC/Tut2/template/ainex_bilhr_ws/install/servo_service/lib/python3.12/site-packages/servo_service/servo_service_s__rosidl_typesupport_c.so
-- Up-to-date symlink: /home/bilhr2025/BILHR_SS25_DC/Tut2/template/ainex_bilhr_ws/install/servo_service/lib/python3.12/site-packages/servo_service/servo_service_s__rosidl_typesupport_fastrtps_c.so
-- Up-to-date symlink: /home/bilhr2025/BILHR_SS25_DC/Tut2/template/ainex_bilhr_ws/install/servo_service/lib/python3.12/site-packages/servo_service/servo_service_s__rosidl_typesupport_introspection_c.so
-- Up-to-date symlink: /home/bilhr2025/BILHR_SS25_DC/Tut2/template/ainex_bilhr_ws/install/servo_service/lib/python3.12/site-packages/servo_service/srv/__init__.py
-- Up-to-date symlink: /home/bilhr2025/BILHR_SS25_DC/Tut2/template/ainex_bilhr_ws/install/servo_service/lib/python3.12/site-packages/servo_service/srv/_joint_lock.py
-- Up-to-date symlink: /home/bilhr2025/BILHR_SS25_DC/Tut2/template/ainex_bilhr_ws/install/servo_service/lib/python3.12/site-packages/servo_service/srv/_joint_lock_s.c
-- Up-to-date symlink: /home/bilhr2025/BILHR_SS25_DC/Tut2/template/ainex_bilhr_ws/install/servo_service/lib/python3.12/site-packages/servo_service/srv/_joint_position.py
-- Up-to-date symlink: /home/bilhr2025/BILHR_SS25_DC/Tut2/template/ainex_bilhr_ws/install/servo_service/lib/python3.12/site-packages/servo_service/srv/_joint_position_s.c
-- Up-to-date symlink: /home/bilhr2025/BILHR_SS25_DC/Tut2/template/ainex_bilhr_ws/install/servo_service/lib/python3.12/site-packages/servo_service/srv/_joint_range.py
-- Up-to-date symlink: /home/bilhr2025/BILHR_SS25_DC/Tut2/template/ainex_bilhr_ws/install/servo_service/lib/python3.12/site-packages/servo_service/srv/_joint_range_s.c
-- Up-to-date symlink: /home/bilhr2025/BILHR_SS25_DC/Tut2/template/ainex_bilhr_ws/install/servo_service/lib/python3.12/site-packages/servo_service/srv/_servo_deviation.py
-- Up-to-date symlink: /home/bilhr2025/BILHR_SS25_DC/Tut2/template/ainex_bilhr_ws/install/servo_service/lib/python3.12/site-packages/servo_service/srv/_servo_deviation_s.c
-- Up-to-date symlink: /home/bilhr2025/BILHR_SS25_DC/Tut2/template/ainex_bilhr_ws/install/servo_service/lib/python3.12/site-packages/servo_service/srv/_servo_temp.py
-- Up-to-date symlink: /home/bilhr2025/BILHR_SS25_DC/Tut2/template/ainex_bilhr_ws/install/servo_service/lib/python3.12/site-packages/servo_service/srv/_servo_temp_s.c
-- Up-to-date symlink: /home/bilhr2025/BILHR_SS25_DC/Tut2/template/ainex_bilhr_ws/install/servo_service/lib/python3.12/site-packages/servo_service/srv/_servo_voltage.py
-- Up-to-date symlink: /home/bilhr2025/BILHR_SS25_DC/Tut2/template/ainex_bilhr_ws/install/servo_service/lib/python3.12/site-packages/servo_service/srv/_servo_voltage_s.c
-- Up-to-date symlink: /home/bilhr2025/BILHR_SS25_DC/Tut2/template/ainex_bilhr_ws/install/servo_service/lib/python3.12/site-packages/servo_service/servo_service_s__rosidl_typesupport_fastrtps_c.so
-- Up-to-date symlink: /home/bilhr2025/BILHR_SS25_DC/Tut2/template/ainex_bilhr_ws/install/servo_service/lib/python3.12/site-packages/servo_service/servo_service_s__rosidl_typesupport_introspection_c.so
-- Up-to-date symlink: /home/bilhr2025/BILHR_SS25_DC/Tut2/template/ainex_bilhr_ws/install/servo_service/lib/python3.12/site-packages/servo_service/servo_service_s__rosidl_typesupport_c.so
-- Up-to-date symlink: /home/bilhr2025/BILHR_SS25_DC/Tut2/template/ainex_bilhr_ws/install/servo_service/share/servo_service/msg/ChangeServoPositions.idl
-- Up-to-date symlink: /home/bilhr2025/BILHR_SS25_DC/Tut2/template/ainex_bilhr_ws/install/servo_service/share/servo_service/msg/SetServoPositions.idl
-- Up-to-date symlink: /home/bilhr2025/BILHR_SS25_DC/Tut2/template/ainex_bilhr_ws/install/servo_service/share/servo_service/msg/SetJointLock.idl
-- Up-to-date symlink: /home/bilhr2025/BILHR_SS25_DC/Tut2/template/ainex_bilhr_ws/install/servo_service/share/servo_service/msg/GetServoPositions.idl
-- Up-to-date symlink: /home/bilhr2025/BILHR_SS25_DC/Tut2/template/ainex_bilhr_ws/install/servo_service/share/servo_service/msg/SetPosture.idl
-- Up-to-date symlink: /home/bilhr2025/BILHR_SS25_DC/Tut2/template/ainex_bilhr_ws/install/servo_service/share/servo_service/srv/JointLock.idl
-- Up-to-date symlink: /home/bilhr2025/BILHR_SS25_DC/Tut2/template/ainex_bilhr_ws/install/servo_service/share/servo_service/srv/ServoTemp.idl
-- Up-to-date symlink: /home/bilhr2025/BILHR_SS25_DC/Tut2/template/ainex_bilhr_ws/install/servo_service/share/servo_service/srv/ServoDeviation.idl
-- Up-to-date symlink: /home/bilhr2025/BILHR_SS25_DC/Tut2/template/ainex_bilhr_ws/install/servo_service/share/servo_service/srv/ServoVoltage.idl
-- Up-to-date symlink: /home/bilhr2025/BILHR_SS25_DC/Tut2/template/ainex_bilhr_ws/install/servo_service/share/servo_service/srv/JointPosition.idl
-- Up-to-date symlink: /home/bilhr2025/BILHR_SS25_DC/Tut2/template/ainex_bilhr_ws/install/servo_service/share/servo_service/srv/JointRange.idl
-- Up-to-date symlink: /home/bilhr2025/BILHR_SS25_DC/Tut2/template/ainex_bilhr_ws/install/servo_service/share/servo_service/msg/ChangeServoPositions.msg
-- Up-to-date symlink: /home/bilhr2025/BILHR_SS25_DC/Tut2/template/ainex_bilhr_ws/install/servo_service/share/servo_service/msg/SetServoPositions.msg
-- Up-to-date symlink: /home/bilhr2025/BILHR_SS25_DC/Tut2/template/ainex_bilhr_ws/install/servo_service/share/servo_service/msg/SetJointLock.msg
-- Up-to-date symlink: /home/bilhr2025/BILHR_SS25_DC/Tut2/template/ainex_bilhr_ws/install/servo_service/share/servo_service/msg/GetServoPositions.msg
-- Up-to-date symlink: /home/bilhr2025/BILHR_SS25_DC/Tut2/template/ainex_bilhr_ws/install/servo_service/share/servo_service/msg/SetPosture.msg
-- Up-to-date symlink: /home/bilhr2025/BILHR_SS25_DC/Tut2/template/ainex_bilhr_ws/install/servo_service/share/servo_service/srv/JointLock.srv
-- Up-to-date symlink: /home/bilhr2025/BILHR_SS25_DC/Tut2/template/ainex_bilhr_ws/install/servo_service/share/servo_service/srv/ServoTemp.srv
-- Up-to-date symlink: /home/bilhr2025/BILHR_SS25_DC/Tut2/template/ainex_bilhr_ws/install/servo_service/share/servo_service/srv/ServoDeviation.srv
-- Up-to-date symlink: /home/bilhr2025/BILHR_SS25_DC/Tut2/template/ainex_bilhr_ws/install/servo_service/share/servo_service/srv/ServoVoltage.srv
-- Up-to-date symlink: /home/bilhr2025/BILHR_SS25_DC/Tut2/template/ainex_bilhr_ws/install/servo_service/share/servo_service/srv/JointPosition.srv
-- Up-to-date symlink: /home/bilhr2025/BILHR_SS25_DC/Tut2/template/ainex_bilhr_ws/install/servo_service/share/servo_service/srv/JointRange.srv
-- Up-to-date symlink: /home/bilhr2025/BILHR_SS25_DC/Tut2/template/ainex_bilhr_ws/install/servo_service/share/ament_index/resource_index/package_run_dependencies/servo_service
-- Up-to-date symlink: /home/bilhr2025/BILHR_SS25_DC/Tut2/template/ainex_bilhr_ws/install/servo_service/share/ament_index/resource_index/parent_prefix_path/servo_service
-- Up-to-date symlink: /home/bilhr2025/BILHR_SS25_DC/Tut2/template/ainex_bilhr_ws/install/servo_service/share/servo_service/environment/ament_prefix_path.sh
-- Up-to-date symlink: /home/bilhr2025/BILHR_SS25_DC/Tut2/template/ainex_bilhr_ws/install/servo_service/share/servo_service/environment/ament_prefix_path.dsv
-- Up-to-date symlink: /home/bilhr2025/BILHR_SS25_DC/Tut2/template/ainex_bilhr_ws/install/servo_service/share/servo_service/environment/path.sh
-- Up-to-date symlink: /home/bilhr2025/BILHR_SS25_DC/Tut2/template/ainex_bilhr_ws/install/servo_service/share/servo_service/environment/path.dsv
-- Up-to-date symlink: /home/bilhr2025/BILHR_SS25_DC/Tut2/template/ainex_bilhr_ws/install/servo_service/share/servo_service/local_setup.bash
-- Up-to-date symlink: /home/bilhr2025/BILHR_SS25_DC/Tut2/template/ainex_bilhr_ws/install/servo_service/share/servo_service/local_setup.sh
-- Up-to-date symlink: /home/bilhr2025/BILHR_SS25_DC/Tut2/template/ainex_bilhr_ws/install/servo_service/share/servo_service/local_setup.zsh
-- Up-to-date symlink: /home/bilhr2025/BILHR_SS25_DC/Tut2/template/ainex_bilhr_ws/install/servo_service/share/servo_service/local_setup.dsv
-- Symlinking: /home/bilhr2025/BILHR_SS25_DC/Tut2/template/ainex_bilhr_ws/install/servo_service/share/servo_service/package.dsv
-- Up-to-date symlink: /home/bilhr2025/BILHR_SS25_DC/Tut2/template/ainex_bilhr_ws/install/servo_service/share/ament_index/resource_index/packages/servo_service
-- Up-to-date symlink: /home/bilhr2025/BILHR_SS25_DC/Tut2/template/ainex_bilhr_ws/install/servo_service/share/servo_service/cmake/rosidl_cmake-extras.cmake
-- Up-to-date symlink: /home/bilhr2025/BILHR_SS25_DC/Tut2/template/ainex_bilhr_ws/install/servo_service/share/servo_service/cmake/ament_cmake_export_dependencies-extras.cmake
-- Up-to-date symlink: /home/bilhr2025/BILHR_SS25_DC/Tut2/template/ainex_bilhr_ws/install/servo_service/share/servo_service/cmake/ament_cmake_export_include_directories-extras.cmake
-- Up-to-date symlink: /home/bilhr2025/BILHR_SS25_DC/Tut2/template/ainex_bilhr_ws/install/servo_service/share/servo_service/cmake/ament_cmake_export_libraries-extras.cmake
-- Up-to-date symlink: /home/bilhr2025/BILHR_SS25_DC/Tut2/template/ainex_bilhr_ws/install/servo_service/share/servo_service/cmake/ament_cmake_export_targets-extras.cmake
-- Up-to-date symlink: /home/bilhr2025/BILHR_SS25_DC/Tut2/template/ainex_bilhr_ws/install/servo_service/share/servo_service/cmake/rosidl_cmake_export_typesupport_targets-extras.cmake
-- Up-to-date symlink: /home/bilhr2025/BILHR_SS25_DC/Tut2/template/ainex_bilhr_ws/install/servo_service/share/servo_service/cmake/rosidl_cmake_export_typesupport_libraries-extras.cmake
-- Up-to-date symlink: /home/bilhr2025/BILHR_SS25_DC/Tut2/template/ainex_bilhr_ws/install/servo_service/share/servo_service/cmake/servo_serviceConfig.cmake
-- Up-to-date symlink: /home/bilhr2025/BILHR_SS25_DC/Tut2/template/ainex_bilhr_ws/install/servo_service/share/servo_service/cmake/servo_serviceConfig-version.cmake
-- Up-to-date symlink: /home/bilhr2025/BILHR_SS25_DC/Tut2/template/ainex_bilhr_ws/install/servo_service/share/servo_service/package.xml
-- Up-to-date: /home/bilhr2025/BILHR_SS25_DC/Tut2/template/ainex_bilhr_ws/install/servo_service/lib/libservo_service__rosidl_generator_c.so
-- Up-to-date: /home/bilhr2025/BILHR_SS25_DC/Tut2/template/ainex_bilhr_ws/install/servo_service/lib/libservo_service__rosidl_typesupport_fastrtps_c.so
-- Up-to-date: /home/bilhr2025/BILHR_SS25_DC/Tut2/template/ainex_bilhr_ws/install/servo_service/lib/libservo_service__rosidl_typesupport_fastrtps_cpp.so
-- Up-to-date: /home/bilhr2025/BILHR_SS25_DC/Tut2/template/ainex_bilhr_ws/install/servo_service/lib/libservo_service__rosidl_typesupport_introspection_c.so
-- Up-to-date: /home/bilhr2025/BILHR_SS25_DC/Tut2/template/ainex_bilhr_ws/install/servo_service/lib/libservo_service__rosidl_typesupport_c.so
-- Up-to-date: /home/bilhr2025/BILHR_SS25_DC/Tut2/template/ainex_bilhr_ws/install/servo_service/lib/libservo_service__rosidl_typesupport_introspection_cpp.so
-- Up-to-date: /home/bilhr2025/BILHR_SS25_DC/Tut2/template/ainex_bilhr_ws/install/servo_service/lib/libservo_service__rosidl_typesupport_cpp.so
Listing '/home/bilhr2025/BILHR_SS25_DC/Tut2/template/ainex_bilhr_ws/install/servo_service/lib/python3.12/site-packages/servo_service'...
Listing '/home/bilhr2025/BILHR_SS25_DC/Tut2/template/ainex_bilhr_ws/install/servo_service/lib/python3.12/site-packages/servo_service/msg'...
Listing '/home/bilhr2025/BILHR_SS25_DC/Tut2/template/ainex_bilhr_ws/install/servo_service/lib/python3.12/site-packages/servo_service/srv'...
-- Up-to-date: /home/bilhr2025/BILHR_SS25_DC/Tut2/template/ainex_bilhr_ws/install/servo_service/lib/libservo_service__rosidl_generator_py.so
-- Up-to-date: /home/bilhr2025/BILHR_SS25_DC/Tut2/template/ainex_bilhr_ws/install/servo_service/share/servo_service/cmake/export_servo_service__rosidl_generator_cExport.cmake
-- Up-to-date: /home/bilhr2025/BILHR_SS25_DC/Tut2/template/ainex_bilhr_ws/install/servo_service/share/servo_service/cmake/export_servo_service__rosidl_generator_cExport-noconfig.cmake
-- Up-to-date: /home/bilhr2025/BILHR_SS25_DC/Tut2/template/ainex_bilhr_ws/install/servo_service/share/servo_service/cmake/export_servo_service__rosidl_typesupport_fastrtps_cExport.cmake
-- Up-to-date: /home/bilhr2025/BILHR_SS25_DC/Tut2/template/ainex_bilhr_ws/install/servo_service/share/servo_service/cmake/export_servo_service__rosidl_typesupport_fastrtps_cExport-noconfig.cmake
-- Up-to-date: /home/bilhr2025/BILHR_SS25_DC/Tut2/template/ainex_bilhr_ws/install/servo_service/share/servo_service/cmake/export_servo_service__rosidl_generator_cppExport.cmake
-- Up-to-date: /home/bilhr2025/BILHR_SS25_DC/Tut2/template/ainex_bilhr_ws/install/servo_service/share/servo_service/cmake/export_servo_service__rosidl_typesupport_fastrtps_cppExport.cmake
-- Up-to-date: /home/bilhr2025/BILHR_SS25_DC/Tut2/template/ainex_bilhr_ws/install/servo_service/share/servo_service/cmake/export_servo_service__rosidl_typesupport_fastrtps_cppExport-noconfig.cmake
-- Up-to-date: /home/bilhr2025/BILHR_SS25_DC/Tut2/template/ainex_bilhr_ws/install/servo_service/share/servo_service/cmake/servo_service__rosidl_typesupport_introspection_cExport.cmake
-- Up-to-date: /home/bilhr2025/BILHR_SS25_DC/Tut2/template/ainex_bilhr_ws/install/servo_service/share/servo_service/cmake/servo_service__rosidl_typesupport_introspection_cExport-noconfig.cmake
-- Up-to-date: /home/bilhr2025/BILHR_SS25_DC/Tut2/template/ainex_bilhr_ws/install/servo_service/share/servo_service/cmake/servo_service__rosidl_typesupport_cExport.cmake
-- Up-to-date: /home/bilhr2025/BILHR_SS25_DC/Tut2/template/ainex_bilhr_ws/install/servo_service/share/servo_service/cmake/servo_service__rosidl_typesupport_cExport-noconfig.cmake
-- Up-to-date: /home/bilhr2025/BILHR_SS25_DC/Tut2/template/ainex_bilhr_ws/install/servo_service/share/servo_service/cmake/servo_service__rosidl_typesupport_introspection_cppExport.cmake
-- Up-to-date: /home/bilhr2025/BILHR_SS25_DC/Tut2/template/ainex_bilhr_ws/install/servo_service/share/servo_service/cmake/servo_service__rosidl_typesupport_introspection_cppExport-noconfig.cmake
-- Up-to-date: /home/bilhr2025/BILHR_SS25_DC/Tut2/template/ainex_bilhr_ws/install/servo_service/share/servo_service/cmake/servo_service__rosidl_typesupport_cppExport.cmake
-- Up-to-date: /home/bilhr2025/BILHR_SS25_DC/Tut2/template/ainex_bilhr_ws/install/servo_service/share/servo_service/cmake/servo_service__rosidl_typesupport_cppExport-noconfig.cmake
-- Up-to-date: /home/bilhr2025/BILHR_SS25_DC/Tut2/template/ainex_bilhr_ws/install/servo_service/share/servo_service/cmake/export_servo_service__rosidl_generator_pyExport.cmake
-- Up-to-date: /home/bilhr2025/BILHR_SS25_DC/Tut2/template/ainex_bilhr_ws/install/servo_service/share/servo_service/cmake/export_servo_service__rosidl_generator_pyExport-noconfig.cmake
