[0.850s] Invoking command in '/home/bilhr2025/BILHR_SS25_DC/Tut2/template/ainex_bilhr_ws/build/ainex_motion': AMENT_PREFIX_PATH=/home/bilhr2025/BILHR_SS25_DC/Tut2/template/ainex_bilhr_ws/install/servo_service:${AMENT_PREFIX_PATH} CMAKE_PREFIX_PATH=/home/bilhr2025/BILHR_SS25_DC/Tut2/template/ainex_bilhr_ws/install/servo_service:${CMAKE_PREFIX_PATH} DEBUGINFOD_URLS=https://debuginfod.ubuntu.com LD_LIBRARY_PATH=/home/bilhr2025/BILHR_SS25_DC/Tut2/template/ainex_bilhr_ws/install/servo_service/lib:${LD_LIBRARY_PATH} PYTHONPATH=/home/bilhr2025/BILHR_SS25_DC/Tut2/template/ainex_bilhr_ws/build/ainex_motion/prefix_override:/usr/lib/python3/dist-packages/colcon_core/task/python/colcon_distutils_commands:/home/bilhr2025/BILHR_SS25_DC/Tut2/template/ainex_bilhr_ws/install/ainex_motion/lib/python3.12/site-packages:/home/bilhr2025/BILHR_SS25_DC/Tut2/template/ainex_bilhr_ws/install/servo_service/lib/python3.12/site-packages:${PYTHONPATH} /usr/bin/python3 -W ignore:setup.py install is deprecated -W ignore:easy_install command is deprecated setup.py develop --editable --build-directory /home/bilhr2025/BILHR_SS25_DC/Tut2/template/ainex_bilhr_ws/build/ainex_motion/build --no-deps symlink_data
[1.194s] running develop
[1.423s] running egg_info
[1.423s] creating ainex_motion.egg-info
[1.444s] writing ainex_motion.egg-info/PKG-INFO
[1.445s] writing dependency_links to ainex_motion.egg-info/dependency_links.txt
[1.445s] writing entry points to ainex_motion.egg-info/entry_points.txt
[1.445s] writing requirements to ainex_motion.egg-info/requires.txt
[1.445s] writing top-level names to ainex_motion.egg-info/top_level.txt
[1.445s] writing manifest file 'ainex_motion.egg-info/SOURCES.txt'
[1.489s] reading manifest file 'ainex_motion.egg-info/SOURCES.txt'
[1.490s] writing manifest file 'ainex_motion.egg-info/SOURCES.txt'
[1.513s] running build_ext
[1.513s] Creating /home/bilhr2025/BILHR_SS25_DC/Tut2/template/ainex_bilhr_ws/install/ainex_motion/lib/python3.12/site-packages/ainex-motion.egg-link (link to .)
[1.514s] Installing joint_controller script to /home/bilhr2025/BILHR_SS25_DC/Tut2/template/ainex_bilhr_ws/install/ainex_motion/lib/ainex_motion
[1.514s] 
[1.514s] Installed /home/bilhr2025/BILHR_SS25_DC/Tut2/template/ainex_bilhr_ws/build/ainex_motion
[1.514s] running symlink_data
[1.515s] creating /home/bilhr2025/BILHR_SS25_DC/Tut2/template/ainex_bilhr_ws/install/ainex_motion/share/ament_index
[1.515s] creating /home/bilhr2025/BILHR_SS25_DC/Tut2/template/ainex_bilhr_ws/install/ainex_motion/share/ament_index/resource_index
[1.515s] creating /home/bilhr2025/BILHR_SS25_DC/Tut2/template/ainex_bilhr_ws/install/ainex_motion/share/ament_index/resource_index/packages
[1.515s] symbolically linking /home/bilhr2025/BILHR_SS25_DC/Tut2/template/ainex_bilhr_ws/build/ainex_motion/resource/ainex_motion -> /home/bilhr2025/BILHR_SS25_DC/Tut2/template/ainex_bilhr_ws/install/ainex_motion/share/ament_index/resource_index/packages
[1.515s] symbolically linking /home/bilhr2025/BILHR_SS25_DC/Tut2/template/ainex_bilhr_ws/build/ainex_motion/package.xml -> /home/bilhr2025/BILHR_SS25_DC/Tut2/template/ainex_bilhr_ws/install/ainex_motion/share/ainex_motion
[1.544s] Invoked command in '/home/bilhr2025/BILHR_SS25_DC/Tut2/template/ainex_bilhr_ws/build/ainex_motion' returned '0': AMENT_PREFIX_PATH=/home/bilhr2025/BILHR_SS25_DC/Tut2/template/ainex_bilhr_ws/install/servo_service:${AMENT_PREFIX_PATH} CMAKE_PREFIX_PATH=/home/bilhr2025/BILHR_SS25_DC/Tut2/template/ainex_bilhr_ws/install/servo_service:${CMAKE_PREFIX_PATH} DEBUGINFOD_URLS=https://debuginfod.ubuntu.com LD_LIBRARY_PATH=/home/bilhr2025/BILHR_SS25_DC/Tut2/template/ainex_bilhr_ws/install/servo_service/lib:${LD_LIBRARY_PATH} PYTHONPATH=/home/bilhr2025/BILHR_SS25_DC/Tut2/template/ainex_bilhr_ws/build/ainex_motion/prefix_override:/usr/lib/python3/dist-packages/colcon_core/task/python/colcon_distutils_commands:/home/bilhr2025/BILHR_SS25_DC/Tut2/template/ainex_bilhr_ws/install/ainex_motion/lib/python3.12/site-packages:/home/bilhr2025/BILHR_SS25_DC/Tut2/template/ainex_bilhr_ws/install/servo_service/lib/python3.12/site-packages:${PYTHONPATH} /usr/bin/python3 -W ignore:setup.py install is deprecated -W ignore:easy_install command is deprecated setup.py develop --editable --build-directory /home/bilhr2025/BILHR_SS25_DC/Tut2/template/ainex_bilhr_ws/build/ainex_motion/build --no-deps symlink_data
