[1.098s] Invoking command in '/home/bilhr2025/BILHR_SS25_DC/Tut2/template/ainex_bilhr_ws/build/ainex_vision': DEBUGINFOD_URLS=https://debuginfod.ubuntu.com PYTHONPATH=/home/bilhr2025/BILHR_SS25_DC/Tut2/template/ainex_bilhr_ws/build/ainex_vision/prefix_override:/usr/lib/python3/dist-packages/colcon_core/task/python/colcon_distutils_commands:/home/bilhr2025/BILHR_SS25_DC/Tut2/template/ainex_bilhr_ws/install/ainex_vision/lib/python3.12/site-packages:${PYTHONPATH} /usr/bin/python3 -W ignore:setup.py install is deprecated -W ignore:easy_install command is deprecated setup.py develop --editable --build-directory /home/bilhr2025/BILHR_SS25_DC/Tut2/template/ainex_bilhr_ws/build/ainex_vision/build --no-deps symlink_data
[1.458s] running develop
[1.694s] running egg_info
[1.694s] creating ainex_vision.egg-info
[1.716s] writing ainex_vision.egg-info/PKG-INFO
[1.717s] writing dependency_links to ainex_vision.egg-info/dependency_links.txt
[1.717s] writing entry points to ainex_vision.egg-info/entry_points.txt
[1.717s] writing requirements to ainex_vision.egg-info/requires.txt
[1.717s] writing top-level names to ainex_vision.egg-info/top_level.txt
[1.717s] writing manifest file 'ainex_vision.egg-info/SOURCES.txt'
[1.763s] reading manifest file 'ainex_vision.egg-info/SOURCES.txt'
[1.764s] writing manifest file 'ainex_vision.egg-info/SOURCES.txt'
[1.789s] running build_ext
[1.789s] Creating /home/bilhr2025/BILHR_SS25_DC/Tut2/template/ainex_bilhr_ws/install/ainex_vision/lib/python3.12/site-packages/ainex-vision.egg-link (link to .)
[1.789s] Installing camera_sub script to /home/bilhr2025/BILHR_SS25_DC/Tut2/template/ainex_bilhr_ws/install/ainex_vision/lib/ainex_vision
[1.790s] 
[1.790s] Installed /home/bilhr2025/BILHR_SS25_DC/Tut2/template/ainex_bilhr_ws/build/ainex_vision
[1.790s] running symlink_data
[1.790s] creating /home/bilhr2025/BILHR_SS25_DC/Tut2/template/ainex_bilhr_ws/install/ainex_vision/share/ament_index
[1.790s] creating /home/bilhr2025/BILHR_SS25_DC/Tut2/template/ainex_bilhr_ws/install/ainex_vision/share/ament_index/resource_index
[1.790s] creating /home/bilhr2025/BILHR_SS25_DC/Tut2/template/ainex_bilhr_ws/install/ainex_vision/share/ament_index/resource_index/packages
[1.790s] symbolically linking /home/bilhr2025/BILHR_SS25_DC/Tut2/template/ainex_bilhr_ws/build/ainex_vision/resource/ainex_vision -> /home/bilhr2025/BILHR_SS25_DC/Tut2/template/ainex_bilhr_ws/install/ainex_vision/share/ament_index/resource_index/packages
[1.790s] symbolically linking /home/bilhr2025/BILHR_SS25_DC/Tut2/template/ainex_bilhr_ws/build/ainex_vision/package.xml -> /home/bilhr2025/BILHR_SS25_DC/Tut2/template/ainex_bilhr_ws/install/ainex_vision/share/ainex_vision
[1.826s] Invoked command in '/home/bilhr2025/BILHR_SS25_DC/Tut2/template/ainex_bilhr_ws/build/ainex_vision' returned '0': DEBUGINFOD_URLS=https://debuginfod.ubuntu.com PYTHONPATH=/home/bilhr2025/BILHR_SS25_DC/Tut2/template/ainex_bilhr_ws/build/ainex_vision/prefix_override:/usr/lib/python3/dist-packages/colcon_core/task/python/colcon_distutils_commands:/home/bilhr2025/BILHR_SS25_DC/Tut2/template/ainex_bilhr_ws/install/ainex_vision/lib/python3.12/site-packages:${PYTHONPATH} /usr/bin/python3 -W ignore:setup.py install is deprecated -W ignore:easy_install command is deprecated setup.py develop --editable --build-directory /home/bilhr2025/BILHR_SS25_DC/Tut2/template/ainex_bilhr_ws/build/ainex_vision/build --no-deps symlink_data
