[0.110s] DEBUG:colcon:Command line arguments: ['/usr/bin/colcon', 'build', '--symlink-install']
[0.110s] DEBUG:colcon:Parsed command line arguments: Namespace(log_base=None, log_level=None, verb_name='build', build_base='build', install_base='install', merge_install=False, symlink_install=True, test_result_base=None, continue_on_error=False, executor='parallel', parallel_workers=8, event_handlers=None, ignore_user_meta=False, metas=['./colcon.meta'], base_paths=['.'], packages_ignore=None, packages_ignore_regex=None, paths=None, packages_up_to=None, packages_up_to_regex=None, packages_above=None, packages_above_and_dependencies=None, packages_above_depth=None, packages_select_by_dep=None, packages_skip_by_dep=None, packages_skip_up_to=None, packages_select_build_failed=False, packages_skip_build_finished=False, packages_select_test_failures=False, packages_skip_test_passed=False, packages_select=None, packages_skip=None, packages_select_regex=None, packages_skip_regex=None, packages_start=None, packages_end=None, allow_overriding=[], cmake_args=None, cmake_target=None, cmake_target_skip_unavailable=False, cmake_clean_cache=False, cmake_clean_first=False, cmake_force_configure=False, ament_cmake_args=None, catkin_cmake_args=None, catkin_skip_building_tests=False, mixin_files=None, mixin=None, verb_parser=<colcon_mixin.mixin.mixin_argument.MixinArgumentDecorator object at 0x77126892bb00>, verb_extension=<colcon_core.verb.build.BuildVerb object at 0x77126892b7d0>, main=<bound method BuildVerb.main of <colcon_core.verb.build.BuildVerb object at 0x77126892b7d0>>, mixin_verb=('build',))
[0.177s] Level 1:colcon.colcon_core.package_discovery:discover_packages(colcon_meta) check parameters
[0.177s] Level 1:colcon.colcon_core.package_discovery:discover_packages(recursive) check parameters
[0.177s] Level 1:colcon.colcon_core.package_discovery:discover_packages(ignore) check parameters
[0.177s] Level 1:colcon.colcon_core.package_discovery:discover_packages(path) check parameters
[0.177s] Level 1:colcon.colcon_core.package_discovery:discover_packages(colcon_meta) discover
[0.177s] Level 1:colcon.colcon_core.package_discovery:discover_packages(recursive) discover
[0.177s] INFO:colcon.colcon_core.package_discovery:Crawling recursively for packages in '/home/bilhr2025/BILHR_SS25_DC/Tut2/template/ainex_bilhr_ws'
[0.177s] Level 1:colcon.colcon_core.package_identification:_identify(.) by extensions ['ignore', 'ignore_ament_install']
[0.177s] Level 1:colcon.colcon_core.package_identification:_identify(.) by extension 'ignore'
[0.177s] Level 1:colcon.colcon_core.package_identification:_identify(.) by extension 'ignore_ament_install'
[0.177s] Level 1:colcon.colcon_core.package_identification:_identify(.) by extensions ['colcon_pkg']
[0.177s] Level 1:colcon.colcon_core.package_identification:_identify(.) by extension 'colcon_pkg'
[0.178s] Level 1:colcon.colcon_core.package_identification:_identify(.) by extensions ['colcon_meta']
[0.178s] Level 1:colcon.colcon_core.package_identification:_identify(.) by extension 'colcon_meta'
[0.178s] Level 1:colcon.colcon_core.package_identification:_identify(.) by extensions ['ros']
[0.178s] Level 1:colcon.colcon_core.package_identification:_identify(.) by extension 'ros'
[0.207s] Level 1:colcon.colcon_core.package_identification:_identify(.) by extensions ['cmake', 'python']
[0.207s] Level 1:colcon.colcon_core.package_identification:_identify(.) by extension 'cmake'
[0.207s] Level 1:colcon.colcon_core.package_identification:_identify(.) by extension 'python'
[0.207s] Level 1:colcon.colcon_core.package_identification:_identify(.) by extensions ['python_setup_py']
[0.207s] Level 1:colcon.colcon_core.package_identification:_identify(.) by extension 'python_setup_py'
[0.208s] Level 1:colcon.colcon_core.package_identification:_identify(build) by extensions ['ignore', 'ignore_ament_install']
[0.208s] Level 1:colcon.colcon_core.package_identification:_identify(build) by extension 'ignore'
[0.208s] Level 1:colcon.colcon_core.package_identification:_identify(build) ignored
[0.208s] Level 1:colcon.colcon_core.package_identification:_identify(install) by extensions ['ignore', 'ignore_ament_install']
[0.208s] Level 1:colcon.colcon_core.package_identification:_identify(install) by extension 'ignore'
[0.208s] Level 1:colcon.colcon_core.package_identification:_identify(install) ignored
[0.208s] Level 1:colcon.colcon_core.package_identification:_identify(log) by extensions ['ignore', 'ignore_ament_install']
[0.208s] Level 1:colcon.colcon_core.package_identification:_identify(log) by extension 'ignore'
[0.208s] Level 1:colcon.colcon_core.package_identification:_identify(log) ignored
[0.208s] Level 1:colcon.colcon_core.package_identification:_identify(src) by extensions ['ignore', 'ignore_ament_install']
[0.208s] Level 1:colcon.colcon_core.package_identification:_identify(src) by extension 'ignore'
[0.208s] Level 1:colcon.colcon_core.package_identification:_identify(src) by extension 'ignore_ament_install'
[0.208s] Level 1:colcon.colcon_core.package_identification:_identify(src) by extensions ['colcon_pkg']
[0.208s] Level 1:colcon.colcon_core.package_identification:_identify(src) by extension 'colcon_pkg'
[0.209s] Level 1:colcon.colcon_core.package_identification:_identify(src) by extensions ['colcon_meta']
[0.209s] Level 1:colcon.colcon_core.package_identification:_identify(src) by extension 'colcon_meta'
[0.209s] Level 1:colcon.colcon_core.package_identification:_identify(src) by extensions ['ros']
[0.209s] Level 1:colcon.colcon_core.package_identification:_identify(src) by extension 'ros'
[0.209s] Level 1:colcon.colcon_core.package_identification:_identify(src) by extensions ['cmake', 'python']
[0.209s] Level 1:colcon.colcon_core.package_identification:_identify(src) by extension 'cmake'
[0.209s] Level 1:colcon.colcon_core.package_identification:_identify(src) by extension 'python'
[0.209s] Level 1:colcon.colcon_core.package_identification:_identify(src) by extensions ['python_setup_py']
[0.209s] Level 1:colcon.colcon_core.package_identification:_identify(src) by extension 'python_setup_py'
[0.209s] Level 1:colcon.colcon_core.package_identification:_identify(src/ainex_motion) by extensions ['ignore', 'ignore_ament_install']
[0.209s] Level 1:colcon.colcon_core.package_identification:_identify(src/ainex_motion) by extension 'ignore'
[0.209s] Level 1:colcon.colcon_core.package_identification:_identify(src/ainex_motion) by extension 'ignore_ament_install'
[0.209s] Level 1:colcon.colcon_core.package_identification:_identify(src/ainex_motion) by extensions ['colcon_pkg']
[0.209s] Level 1:colcon.colcon_core.package_identification:_identify(src/ainex_motion) by extension 'colcon_pkg'
[0.209s] Level 1:colcon.colcon_core.package_identification:_identify(src/ainex_motion) by extensions ['colcon_meta']
[0.209s] Level 1:colcon.colcon_core.package_identification:_identify(src/ainex_motion) by extension 'colcon_meta'
[0.209s] Level 1:colcon.colcon_core.package_identification:_identify(src/ainex_motion) by extensions ['ros']
[0.209s] Level 1:colcon.colcon_core.package_identification:_identify(src/ainex_motion) by extension 'ros'
[0.213s] DEBUG:colcon.colcon_core.package_identification:Package 'src/ainex_motion' with type 'ros.ament_python' and name 'ainex_motion'
[0.213s] Level 1:colcon.colcon_core.package_identification:_identify(src/ainex_vision) by extensions ['ignore', 'ignore_ament_install']
[0.213s] Level 1:colcon.colcon_core.package_identification:_identify(src/ainex_vision) by extension 'ignore'
[0.213s] Level 1:colcon.colcon_core.package_identification:_identify(src/ainex_vision) by extension 'ignore_ament_install'
[0.213s] Level 1:colcon.colcon_core.package_identification:_identify(src/ainex_vision) by extensions ['colcon_pkg']
[0.213s] Level 1:colcon.colcon_core.package_identification:_identify(src/ainex_vision) by extension 'colcon_pkg'
[0.214s] Level 1:colcon.colcon_core.package_identification:_identify(src/ainex_vision) by extensions ['colcon_meta']
[0.214s] Level 1:colcon.colcon_core.package_identification:_identify(src/ainex_vision) by extension 'colcon_meta'
[0.214s] Level 1:colcon.colcon_core.package_identification:_identify(src/ainex_vision) by extensions ['ros']
[0.214s] Level 1:colcon.colcon_core.package_identification:_identify(src/ainex_vision) by extension 'ros'
[0.214s] DEBUG:colcon.colcon_core.package_identification:Package 'src/ainex_vision' with type 'ros.ament_python' and name 'ainex_vision'
[0.214s] Level 1:colcon.colcon_core.package_identification:_identify(src/servo_service) by extensions ['ignore', 'ignore_ament_install']
[0.214s] Level 1:colcon.colcon_core.package_identification:_identify(src/servo_service) by extension 'ignore'
[0.214s] Level 1:colcon.colcon_core.package_identification:_identify(src/servo_service) by extension 'ignore_ament_install'
[0.214s] Level 1:colcon.colcon_core.package_identification:_identify(src/servo_service) by extensions ['colcon_pkg']
[0.214s] Level 1:colcon.colcon_core.package_identification:_identify(src/servo_service) by extension 'colcon_pkg'
[0.215s] Level 1:colcon.colcon_core.package_identification:_identify(src/servo_service) by extensions ['colcon_meta']
[0.215s] Level 1:colcon.colcon_core.package_identification:_identify(src/servo_service) by extension 'colcon_meta'
[0.215s] Level 1:colcon.colcon_core.package_identification:_identify(src/servo_service) by extensions ['ros']
[0.215s] Level 1:colcon.colcon_core.package_identification:_identify(src/servo_service) by extension 'ros'
[0.215s] DEBUG:colcon.colcon_core.package_identification:Package 'src/servo_service' with type 'ros.ament_cmake' and name 'servo_service'
[0.215s] Level 1:colcon.colcon_core.package_discovery:discover_packages(recursive) using defaults
[0.215s] Level 1:colcon.colcon_core.package_discovery:discover_packages(ignore) discover
[0.215s] Level 1:colcon.colcon_core.package_discovery:discover_packages(ignore) using defaults
[0.215s] Level 1:colcon.colcon_core.package_discovery:discover_packages(path) discover
[0.215s] Level 1:colcon.colcon_core.package_discovery:discover_packages(path) using defaults
[0.238s] Level 1:colcon.colcon_core.package_discovery:discover_packages(prefix_path) check parameters
[0.238s] Level 1:colcon.colcon_core.package_discovery:discover_packages(prefix_path) discover
[0.242s] DEBUG:colcon.colcon_installed_package_information.package_discovery:Found 290 installed packages in /opt/ros/jazzy
[0.244s] Level 1:colcon.colcon_core.package_discovery:discover_packages(prefix_path) using defaults
[0.292s] Level 5:colcon.colcon_core.verb:set package 'ainex_vision' build argument 'cmake_args' from command line to 'None'
[0.292s] Level 5:colcon.colcon_core.verb:set package 'ainex_vision' build argument 'cmake_target' from command line to 'None'
[0.292s] Level 5:colcon.colcon_core.verb:set package 'ainex_vision' build argument 'cmake_target_skip_unavailable' from command line to 'False'
[0.292s] Level 5:colcon.colcon_core.verb:set package 'ainex_vision' build argument 'cmake_clean_cache' from command line to 'False'
[0.292s] Level 5:colcon.colcon_core.verb:set package 'ainex_vision' build argument 'cmake_clean_first' from command line to 'False'
[0.292s] Level 5:colcon.colcon_core.verb:set package 'ainex_vision' build argument 'cmake_force_configure' from command line to 'False'
[0.292s] Level 5:colcon.colcon_core.verb:set package 'ainex_vision' build argument 'ament_cmake_args' from command line to 'None'
[0.292s] Level 5:colcon.colcon_core.verb:set package 'ainex_vision' build argument 'catkin_cmake_args' from command line to 'None'
[0.292s] Level 5:colcon.colcon_core.verb:set package 'ainex_vision' build argument 'catkin_skip_building_tests' from command line to 'False'
[0.292s] DEBUG:colcon.colcon_core.verb:Building package 'ainex_vision' with the following arguments: {'ament_cmake_args': None, 'build_base': '/home/bilhr2025/BILHR_SS25_DC/Tut2/template/ainex_bilhr_ws/build/ainex_vision', 'catkin_cmake_args': None, 'catkin_skip_building_tests': False, 'cmake_args': None, 'cmake_clean_cache': False, 'cmake_clean_first': False, 'cmake_force_configure': False, 'cmake_target': None, 'cmake_target_skip_unavailable': False, 'install_base': '/home/bilhr2025/BILHR_SS25_DC/Tut2/template/ainex_bilhr_ws/install/ainex_vision', 'merge_install': False, 'path': '/home/bilhr2025/BILHR_SS25_DC/Tut2/template/ainex_bilhr_ws/src/ainex_vision', 'symlink_install': True, 'test_result_base': None}
[0.292s] Level 5:colcon.colcon_core.verb:set package 'servo_service' build argument 'cmake_args' from command line to 'None'
[0.292s] Level 5:colcon.colcon_core.verb:set package 'servo_service' build argument 'cmake_target' from command line to 'None'
[0.292s] Level 5:colcon.colcon_core.verb:set package 'servo_service' build argument 'cmake_target_skip_unavailable' from command line to 'False'
[0.292s] Level 5:colcon.colcon_core.verb:set package 'servo_service' build argument 'cmake_clean_cache' from command line to 'False'
[0.292s] Level 5:colcon.colcon_core.verb:set package 'servo_service' build argument 'cmake_clean_first' from command line to 'False'
[0.292s] Level 5:colcon.colcon_core.verb:set package 'servo_service' build argument 'cmake_force_configure' from command line to 'False'
[0.292s] Level 5:colcon.colcon_core.verb:set package 'servo_service' build argument 'ament_cmake_args' from command line to 'None'
[0.292s] Level 5:colcon.colcon_core.verb:set package 'servo_service' build argument 'catkin_cmake_args' from command line to 'None'
[0.292s] Level 5:colcon.colcon_core.verb:set package 'servo_service' build argument 'catkin_skip_building_tests' from command line to 'False'
[0.292s] DEBUG:colcon.colcon_core.verb:Building package 'servo_service' with the following arguments: {'ament_cmake_args': None, 'build_base': '/home/bilhr2025/BILHR_SS25_DC/Tut2/template/ainex_bilhr_ws/build/servo_service', 'catkin_cmake_args': None, 'catkin_skip_building_tests': False, 'cmake_args': None, 'cmake_clean_cache': False, 'cmake_clean_first': False, 'cmake_force_configure': False, 'cmake_target': None, 'cmake_target_skip_unavailable': False, 'install_base': '/home/bilhr2025/BILHR_SS25_DC/Tut2/template/ainex_bilhr_ws/install/servo_service', 'merge_install': False, 'path': '/home/bilhr2025/BILHR_SS25_DC/Tut2/template/ainex_bilhr_ws/src/servo_service', 'symlink_install': True, 'test_result_base': None}
[0.293s] Level 5:colcon.colcon_core.verb:set package 'ainex_motion' build argument 'cmake_args' from command line to 'None'
[0.293s] Level 5:colcon.colcon_core.verb:set package 'ainex_motion' build argument 'cmake_target' from command line to 'None'
[0.293s] Level 5:colcon.colcon_core.verb:set package 'ainex_motion' build argument 'cmake_target_skip_unavailable' from command line to 'False'
[0.293s] Level 5:colcon.colcon_core.verb:set package 'ainex_motion' build argument 'cmake_clean_cache' from command line to 'False'
[0.293s] Level 5:colcon.colcon_core.verb:set package 'ainex_motion' build argument 'cmake_clean_first' from command line to 'False'
[0.293s] Level 5:colcon.colcon_core.verb:set package 'ainex_motion' build argument 'cmake_force_configure' from command line to 'False'
[0.293s] Level 5:colcon.colcon_core.verb:set package 'ainex_motion' build argument 'ament_cmake_args' from command line to 'None'
[0.293s] Level 5:colcon.colcon_core.verb:set package 'ainex_motion' build argument 'catkin_cmake_args' from command line to 'None'
[0.293s] Level 5:colcon.colcon_core.verb:set package 'ainex_motion' build argument 'catkin_skip_building_tests' from command line to 'False'
[0.293s] DEBUG:colcon.colcon_core.verb:Building package 'ainex_motion' with the following arguments: {'ament_cmake_args': None, 'build_base': '/home/bilhr2025/BILHR_SS25_DC/Tut2/template/ainex_bilhr_ws/build/ainex_motion', 'catkin_cmake_args': None, 'catkin_skip_building_tests': False, 'cmake_args': None, 'cmake_clean_cache': False, 'cmake_clean_first': False, 'cmake_force_configure': False, 'cmake_target': None, 'cmake_target_skip_unavailable': False, 'install_base': '/home/bilhr2025/BILHR_SS25_DC/Tut2/template/ainex_bilhr_ws/install/ainex_motion', 'merge_install': False, 'path': '/home/bilhr2025/BILHR_SS25_DC/Tut2/template/ainex_bilhr_ws/src/ainex_motion', 'symlink_install': True, 'test_result_base': None}
[0.293s] INFO:colcon.colcon_core.executor:Executing jobs using 'parallel' executor
[0.294s] DEBUG:colcon.colcon_parallel_executor.executor.parallel:run_until_complete
[0.294s] INFO:colcon.colcon_ros.task.ament_cmake.build:Building ROS package in '/home/bilhr2025/BILHR_SS25_DC/Tut2/template/ainex_bilhr_ws/src/servo_service' with build type 'ament_cmake'
[0.294s] INFO:colcon.colcon_cmake.task.cmake.build:Building CMake package in '/home/bilhr2025/BILHR_SS25_DC/Tut2/template/ainex_bilhr_ws/src/servo_service'
[0.298s] INFO:colcon.colcon_core.plugin_system:Skipping extension 'colcon_core.shell.bat': Not used on non-Windows systems
[0.298s] INFO:colcon.colcon_core.shell:Skip shell extension 'powershell' for command environment: Not usable outside of PowerShell
[0.298s] DEBUG:colcon.colcon_core.shell:Skip shell extension 'dsv' for command environment
[0.301s] INFO:colcon.colcon_ros.task.ament_python.build:Building ROS package in '/home/bilhr2025/BILHR_SS25_DC/Tut2/template/ainex_bilhr_ws/src/ainex_vision' with build type 'ament_python'
[0.301s] Level 1:colcon.colcon_core.shell:create_environment_hook('ainex_vision', 'ament_prefix_path')
[0.301s] INFO:colcon.colcon_core.shell:Creating environment hook '/home/bilhr2025/BILHR_SS25_DC/Tut2/template/ainex_bilhr_ws/install/ainex_vision/share/ainex_vision/hook/ament_prefix_path.ps1'
[0.302s] INFO:colcon.colcon_core.shell:Creating environment descriptor '/home/bilhr2025/BILHR_SS25_DC/Tut2/template/ainex_bilhr_ws/install/ainex_vision/share/ainex_vision/hook/ament_prefix_path.dsv'
[0.303s] INFO:colcon.colcon_core.shell:Creating environment hook '/home/bilhr2025/BILHR_SS25_DC/Tut2/template/ainex_bilhr_ws/install/ainex_vision/share/ainex_vision/hook/ament_prefix_path.sh'
[0.303s] INFO:colcon.colcon_core.shell:Skip shell extension 'powershell' for command environment: Not usable outside of PowerShell
[0.304s] DEBUG:colcon.colcon_core.shell:Skip shell extension 'dsv' for command environment
[0.311s] DEBUG:colcon.colcon_core.event_handler.log_command:Invoking command in '/home/bilhr2025/BILHR_SS25_DC/Tut2/template/ainex_bilhr_ws/build/servo_service': CMAKE_PREFIX_PATH=${CMAKE_PREFIX_PATH}:/opt/ros/jazzy DEBUGINFOD_URLS=https://debuginfod.ubuntu.com /usr/bin/cmake /home/bilhr2025/BILHR_SS25_DC/Tut2/template/ainex_bilhr_ws/src/servo_service -DAMENT_CMAKE_SYMLINK_INSTALL=1 -DCMAKE_INSTALL_PREFIX=/home/bilhr2025/BILHR_SS25_DC/Tut2/template/ainex_bilhr_ws/install/servo_service
[0.557s] INFO:colcon.colcon_core.task.python.build:Building Python package in '/home/bilhr2025/BILHR_SS25_DC/Tut2/template/ainex_bilhr_ws/src/ainex_vision'
[0.557s] INFO:colcon.colcon_core.shell:Skip shell extension 'powershell' for command environment: Not usable outside of PowerShell
[0.557s] DEBUG:colcon.colcon_core.shell:Skip shell extension 'dsv' for command environment
[1.400s] DEBUG:colcon.colcon_core.event_handler.log_command:Invoking command in '/home/bilhr2025/BILHR_SS25_DC/Tut2/template/ainex_bilhr_ws/build/ainex_vision': DEBUGINFOD_URLS=https://debuginfod.ubuntu.com PYTHONPATH=/home/bilhr2025/BILHR_SS25_DC/Tut2/template/ainex_bilhr_ws/build/ainex_vision/prefix_override:/usr/lib/python3/dist-packages/colcon_core/task/python/colcon_distutils_commands:/home/bilhr2025/BILHR_SS25_DC/Tut2/template/ainex_bilhr_ws/install/ainex_vision/lib/python3.12/site-packages:${PYTHONPATH} /usr/bin/python3 -W ignore:setup.py install is deprecated -W ignore:easy_install command is deprecated setup.py develop --editable --build-directory /home/bilhr2025/BILHR_SS25_DC/Tut2/template/ainex_bilhr_ws/build/ainex_vision/build --no-deps symlink_data
[2.127s] Level 1:colcon.colcon_core.shell:create_environment_hook('ainex_vision', 'pythonpath_develop')
[2.127s] INFO:colcon.colcon_core.shell:Creating environment hook '/home/bilhr2025/BILHR_SS25_DC/Tut2/template/ainex_bilhr_ws/build/ainex_vision/share/ainex_vision/hook/pythonpath_develop.ps1'
[2.128s] DEBUG:colcon.colcon_core.event_handler.log_command:Invoked command in '/home/bilhr2025/BILHR_SS25_DC/Tut2/template/ainex_bilhr_ws/build/ainex_vision' returned '0': DEBUGINFOD_URLS=https://debuginfod.ubuntu.com PYTHONPATH=/home/bilhr2025/BILHR_SS25_DC/Tut2/template/ainex_bilhr_ws/build/ainex_vision/prefix_override:/usr/lib/python3/dist-packages/colcon_core/task/python/colcon_distutils_commands:/home/bilhr2025/BILHR_SS25_DC/Tut2/template/ainex_bilhr_ws/install/ainex_vision/lib/python3.12/site-packages:${PYTHONPATH} /usr/bin/python3 -W ignore:setup.py install is deprecated -W ignore:easy_install command is deprecated setup.py develop --editable --build-directory /home/bilhr2025/BILHR_SS25_DC/Tut2/template/ainex_bilhr_ws/build/ainex_vision/build --no-deps symlink_data
[2.128s] INFO:colcon.colcon_core.shell:Creating environment descriptor '/home/bilhr2025/BILHR_SS25_DC/Tut2/template/ainex_bilhr_ws/build/ainex_vision/share/ainex_vision/hook/pythonpath_develop.dsv'
[2.128s] INFO:colcon.colcon_core.shell:Creating environment hook '/home/bilhr2025/BILHR_SS25_DC/Tut2/template/ainex_bilhr_ws/build/ainex_vision/share/ainex_vision/hook/pythonpath_develop.sh'
[2.136s] Level 1:colcon.colcon_core.environment:checking '/home/bilhr2025/BILHR_SS25_DC/Tut2/template/ainex_bilhr_ws/install/ainex_vision' for CMake module files
[2.137s] Level 1:colcon.colcon_core.environment:checking '/home/bilhr2025/BILHR_SS25_DC/Tut2/template/ainex_bilhr_ws/install/ainex_vision' for CMake config files
[2.137s] Level 1:colcon.colcon_core.environment:checking '/home/bilhr2025/BILHR_SS25_DC/Tut2/template/ainex_bilhr_ws/install/ainex_vision/lib'
[2.137s] Level 1:colcon.colcon_core.environment:checking '/home/bilhr2025/BILHR_SS25_DC/Tut2/template/ainex_bilhr_ws/install/ainex_vision/bin'
[2.137s] Level 1:colcon.colcon_core.environment:checking '/home/bilhr2025/BILHR_SS25_DC/Tut2/template/ainex_bilhr_ws/install/ainex_vision/lib/pkgconfig/ainex_vision.pc'
[2.138s] Level 1:colcon.colcon_core.environment:checking '/home/bilhr2025/BILHR_SS25_DC/Tut2/template/ainex_bilhr_ws/install/ainex_vision/lib/python3.12/site-packages'
[2.138s] Level 1:colcon.colcon_core.shell:create_environment_hook('ainex_vision', 'pythonpath')
[2.138s] INFO:colcon.colcon_core.shell:Creating environment hook '/home/bilhr2025/BILHR_SS25_DC/Tut2/template/ainex_bilhr_ws/install/ainex_vision/share/ainex_vision/hook/pythonpath.ps1'
[2.139s] INFO:colcon.colcon_core.shell:Creating environment descriptor '/home/bilhr2025/BILHR_SS25_DC/Tut2/template/ainex_bilhr_ws/install/ainex_vision/share/ainex_vision/hook/pythonpath.dsv'
[2.139s] INFO:colcon.colcon_core.shell:Creating environment hook '/home/bilhr2025/BILHR_SS25_DC/Tut2/template/ainex_bilhr_ws/install/ainex_vision/share/ainex_vision/hook/pythonpath.sh'
[2.140s] Level 1:colcon.colcon_core.environment:checking '/home/bilhr2025/BILHR_SS25_DC/Tut2/template/ainex_bilhr_ws/install/ainex_vision/bin'
[2.140s] Level 1:colcon.colcon_core.environment:create_environment_scripts_only(ainex_vision)
[2.141s] INFO:colcon.colcon_core.shell:Creating package script '/home/bilhr2025/BILHR_SS25_DC/Tut2/template/ainex_bilhr_ws/install/ainex_vision/share/ainex_vision/package.ps1'
[2.141s] INFO:colcon.colcon_core.shell:Creating package descriptor '/home/bilhr2025/BILHR_SS25_DC/Tut2/template/ainex_bilhr_ws/install/ainex_vision/share/ainex_vision/package.dsv'
[2.142s] INFO:colcon.colcon_core.shell:Creating package script '/home/bilhr2025/BILHR_SS25_DC/Tut2/template/ainex_bilhr_ws/install/ainex_vision/share/ainex_vision/package.sh'
[2.143s] INFO:colcon.colcon_core.shell:Creating package script '/home/bilhr2025/BILHR_SS25_DC/Tut2/template/ainex_bilhr_ws/install/ainex_vision/share/ainex_vision/package.bash'
[2.143s] INFO:colcon.colcon_core.shell:Creating package script '/home/bilhr2025/BILHR_SS25_DC/Tut2/template/ainex_bilhr_ws/install/ainex_vision/share/ainex_vision/package.zsh'
[2.144s] Level 1:colcon.colcon_core.environment:create_file_with_runtime_dependencies(/home/bilhr2025/BILHR_SS25_DC/Tut2/template/ainex_bilhr_ws/install/ainex_vision/share/colcon-core/packages/ainex_vision)
[4.201s] DEBUG:colcon.colcon_core.event_handler.log_command:Invoked command in '/home/bilhr2025/BILHR_SS25_DC/Tut2/template/ainex_bilhr_ws/build/servo_service' returned '0': CMAKE_PREFIX_PATH=${CMAKE_PREFIX_PATH}:/opt/ros/jazzy DEBUGINFOD_URLS=https://debuginfod.ubuntu.com /usr/bin/cmake /home/bilhr2025/BILHR_SS25_DC/Tut2/template/ainex_bilhr_ws/src/servo_service -DAMENT_CMAKE_SYMLINK_INSTALL=1 -DCMAKE_INSTALL_PREFIX=/home/bilhr2025/BILHR_SS25_DC/Tut2/template/ainex_bilhr_ws/install/servo_service
[4.203s] DEBUG:colcon.colcon_core.event_handler.log_command:Invoking command in '/home/bilhr2025/BILHR_SS25_DC/Tut2/template/ainex_bilhr_ws/build/servo_service': CMAKE_PREFIX_PATH=${CMAKE_PREFIX_PATH}:/opt/ros/jazzy DEBUGINFOD_URLS=https://debuginfod.ubuntu.com /usr/bin/cmake --build /home/bilhr2025/BILHR_SS25_DC/Tut2/template/ainex_bilhr_ws/build/servo_service -- -j8 -l8
[15.237s] DEBUG:colcon.colcon_core.event_handler.log_command:Invoked command in '/home/bilhr2025/BILHR_SS25_DC/Tut2/template/ainex_bilhr_ws/build/servo_service' returned '0': CMAKE_PREFIX_PATH=${CMAKE_PREFIX_PATH}:/opt/ros/jazzy DEBUGINFOD_URLS=https://debuginfod.ubuntu.com /usr/bin/cmake --build /home/bilhr2025/BILHR_SS25_DC/Tut2/template/ainex_bilhr_ws/build/servo_service -- -j8 -l8
[15.247s] DEBUG:colcon.colcon_core.event_handler.log_command:Invoking command in '/home/bilhr2025/BILHR_SS25_DC/Tut2/template/ainex_bilhr_ws/build/servo_service': CMAKE_PREFIX_PATH=${CMAKE_PREFIX_PATH}:/opt/ros/jazzy DEBUGINFOD_URLS=https://debuginfod.ubuntu.com /usr/bin/cmake --install /home/bilhr2025/BILHR_SS25_DC/Tut2/template/ainex_bilhr_ws/build/servo_service
[17.653s] Level 1:colcon.colcon_core.environment:create_environment_scripts_only(servo_service)
[17.653s] Level 1:colcon.colcon_core.environment:checking '/home/bilhr2025/BILHR_SS25_DC/Tut2/template/ainex_bilhr_ws/install/servo_service' for CMake module files
[17.654s] DEBUG:colcon.colcon_core.event_handler.log_command:Invoked command in '/home/bilhr2025/BILHR_SS25_DC/Tut2/template/ainex_bilhr_ws/build/servo_service' returned '0': CMAKE_PREFIX_PATH=${CMAKE_PREFIX_PATH}:/opt/ros/jazzy DEBUGINFOD_URLS=https://debuginfod.ubuntu.com /usr/bin/cmake --install /home/bilhr2025/BILHR_SS25_DC/Tut2/template/ainex_bilhr_ws/build/servo_service
[17.655s] Level 1:colcon.colcon_core.environment:checking '/home/bilhr2025/BILHR_SS25_DC/Tut2/template/ainex_bilhr_ws/install/servo_service' for CMake config files
[17.656s] Level 1:colcon.colcon_core.shell:create_environment_hook('servo_service', 'cmake_prefix_path')
[17.656s] INFO:colcon.colcon_core.shell:Creating environment hook '/home/bilhr2025/BILHR_SS25_DC/Tut2/template/ainex_bilhr_ws/install/servo_service/share/servo_service/hook/cmake_prefix_path.ps1'
[17.657s] INFO:colcon.colcon_core.shell:Creating environment descriptor '/home/bilhr2025/BILHR_SS25_DC/Tut2/template/ainex_bilhr_ws/install/servo_service/share/servo_service/hook/cmake_prefix_path.dsv'
[17.657s] INFO:colcon.colcon_core.shell:Creating environment hook '/home/bilhr2025/BILHR_SS25_DC/Tut2/template/ainex_bilhr_ws/install/servo_service/share/servo_service/hook/cmake_prefix_path.sh'
[17.657s] Level 1:colcon.colcon_core.environment:checking '/home/bilhr2025/BILHR_SS25_DC/Tut2/template/ainex_bilhr_ws/install/servo_service/lib'
[17.657s] Level 1:colcon.colcon_core.shell:create_environment_hook('servo_service', 'ld_library_path_lib')
[17.658s] INFO:colcon.colcon_core.shell:Creating environment hook '/home/bilhr2025/BILHR_SS25_DC/Tut2/template/ainex_bilhr_ws/install/servo_service/share/servo_service/hook/ld_library_path_lib.ps1'
[17.658s] INFO:colcon.colcon_core.shell:Creating environment descriptor '/home/bilhr2025/BILHR_SS25_DC/Tut2/template/ainex_bilhr_ws/install/servo_service/share/servo_service/hook/ld_library_path_lib.dsv'
[17.658s] INFO:colcon.colcon_core.shell:Creating environment hook '/home/bilhr2025/BILHR_SS25_DC/Tut2/template/ainex_bilhr_ws/install/servo_service/share/servo_service/hook/ld_library_path_lib.sh'
[17.659s] Level 1:colcon.colcon_core.environment:checking '/home/bilhr2025/BILHR_SS25_DC/Tut2/template/ainex_bilhr_ws/install/servo_service/bin'
[17.659s] Level 1:colcon.colcon_core.environment:checking '/home/bilhr2025/BILHR_SS25_DC/Tut2/template/ainex_bilhr_ws/install/servo_service/lib/pkgconfig/servo_service.pc'
[17.659s] Level 1:colcon.colcon_core.environment:checking '/home/bilhr2025/BILHR_SS25_DC/Tut2/template/ainex_bilhr_ws/install/servo_service/lib/python3.12/site-packages'
[17.659s] Level 1:colcon.colcon_core.shell:create_environment_hook('servo_service', 'pythonpath')
[17.659s] INFO:colcon.colcon_core.shell:Creating environment hook '/home/bilhr2025/BILHR_SS25_DC/Tut2/template/ainex_bilhr_ws/install/servo_service/share/servo_service/hook/pythonpath.ps1'
[17.659s] INFO:colcon.colcon_core.shell:Creating environment descriptor '/home/bilhr2025/BILHR_SS25_DC/Tut2/template/ainex_bilhr_ws/install/servo_service/share/servo_service/hook/pythonpath.dsv'
[17.660s] INFO:colcon.colcon_core.shell:Creating environment hook '/home/bilhr2025/BILHR_SS25_DC/Tut2/template/ainex_bilhr_ws/install/servo_service/share/servo_service/hook/pythonpath.sh'
[17.660s] Level 1:colcon.colcon_core.environment:checking '/home/bilhr2025/BILHR_SS25_DC/Tut2/template/ainex_bilhr_ws/install/servo_service/bin'
[17.660s] INFO:colcon.colcon_core.shell:Creating package script '/home/bilhr2025/BILHR_SS25_DC/Tut2/template/ainex_bilhr_ws/install/servo_service/share/servo_service/package.ps1'
[17.661s] INFO:colcon.colcon_core.shell:Creating package descriptor '/home/bilhr2025/BILHR_SS25_DC/Tut2/template/ainex_bilhr_ws/install/servo_service/share/servo_service/package.dsv'
[17.661s] INFO:colcon.colcon_core.shell:Creating package script '/home/bilhr2025/BILHR_SS25_DC/Tut2/template/ainex_bilhr_ws/install/servo_service/share/servo_service/package.sh'
[17.662s] INFO:colcon.colcon_core.shell:Creating package script '/home/bilhr2025/BILHR_SS25_DC/Tut2/template/ainex_bilhr_ws/install/servo_service/share/servo_service/package.bash'
[17.662s] INFO:colcon.colcon_core.shell:Creating package script '/home/bilhr2025/BILHR_SS25_DC/Tut2/template/ainex_bilhr_ws/install/servo_service/share/servo_service/package.zsh'
[17.662s] Level 1:colcon.colcon_core.environment:create_file_with_runtime_dependencies(/home/bilhr2025/BILHR_SS25_DC/Tut2/template/ainex_bilhr_ws/install/servo_service/share/colcon-core/packages/servo_service)
[17.663s] Level 1:colcon.colcon_core.environment:create_environment_scripts_only(servo_service)
[17.663s] Level 1:colcon.colcon_core.environment:checking '/home/bilhr2025/BILHR_SS25_DC/Tut2/template/ainex_bilhr_ws/install/servo_service' for CMake module files
[17.663s] Level 1:colcon.colcon_core.environment:checking '/home/bilhr2025/BILHR_SS25_DC/Tut2/template/ainex_bilhr_ws/install/servo_service' for CMake config files
[17.664s] Level 1:colcon.colcon_core.shell:create_environment_hook('servo_service', 'cmake_prefix_path')
[17.664s] INFO:colcon.colcon_core.shell:Creating environment hook '/home/bilhr2025/BILHR_SS25_DC/Tut2/template/ainex_bilhr_ws/install/servo_service/share/servo_service/hook/cmake_prefix_path.ps1'
[17.665s] INFO:colcon.colcon_core.shell:Creating environment descriptor '/home/bilhr2025/BILHR_SS25_DC/Tut2/template/ainex_bilhr_ws/install/servo_service/share/servo_service/hook/cmake_prefix_path.dsv'
[17.665s] INFO:colcon.colcon_core.shell:Creating environment hook '/home/bilhr2025/BILHR_SS25_DC/Tut2/template/ainex_bilhr_ws/install/servo_service/share/servo_service/hook/cmake_prefix_path.sh'
[17.666s] Level 1:colcon.colcon_core.environment:checking '/home/bilhr2025/BILHR_SS25_DC/Tut2/template/ainex_bilhr_ws/install/servo_service/lib'
[17.666s] Level 1:colcon.colcon_core.shell:create_environment_hook('servo_service', 'ld_library_path_lib')
[17.666s] INFO:colcon.colcon_core.shell:Creating environment hook '/home/bilhr2025/BILHR_SS25_DC/Tut2/template/ainex_bilhr_ws/install/servo_service/share/servo_service/hook/ld_library_path_lib.ps1'
[17.666s] INFO:colcon.colcon_core.shell:Creating environment descriptor '/home/bilhr2025/BILHR_SS25_DC/Tut2/template/ainex_bilhr_ws/install/servo_service/share/servo_service/hook/ld_library_path_lib.dsv'
[17.668s] INFO:colcon.colcon_core.shell:Creating environment hook '/home/bilhr2025/BILHR_SS25_DC/Tut2/template/ainex_bilhr_ws/install/servo_service/share/servo_service/hook/ld_library_path_lib.sh'
[17.668s] Level 1:colcon.colcon_core.environment:checking '/home/bilhr2025/BILHR_SS25_DC/Tut2/template/ainex_bilhr_ws/install/servo_service/bin'
[17.668s] Level 1:colcon.colcon_core.environment:checking '/home/bilhr2025/BILHR_SS25_DC/Tut2/template/ainex_bilhr_ws/install/servo_service/lib/pkgconfig/servo_service.pc'
[17.668s] Level 1:colcon.colcon_core.environment:checking '/home/bilhr2025/BILHR_SS25_DC/Tut2/template/ainex_bilhr_ws/install/servo_service/lib/python3.12/site-packages'
[17.669s] Level 1:colcon.colcon_core.shell:create_environment_hook('servo_service', 'pythonpath')
[17.669s] INFO:colcon.colcon_core.shell:Creating environment hook '/home/bilhr2025/BILHR_SS25_DC/Tut2/template/ainex_bilhr_ws/install/servo_service/share/servo_service/hook/pythonpath.ps1'
[17.669s] INFO:colcon.colcon_core.shell:Creating environment descriptor '/home/bilhr2025/BILHR_SS25_DC/Tut2/template/ainex_bilhr_ws/install/servo_service/share/servo_service/hook/pythonpath.dsv'
[17.669s] INFO:colcon.colcon_core.shell:Creating environment hook '/home/bilhr2025/BILHR_SS25_DC/Tut2/template/ainex_bilhr_ws/install/servo_service/share/servo_service/hook/pythonpath.sh'
[17.670s] Level 1:colcon.colcon_core.environment:checking '/home/bilhr2025/BILHR_SS25_DC/Tut2/template/ainex_bilhr_ws/install/servo_service/bin'
[17.670s] INFO:colcon.colcon_core.shell:Creating package script '/home/bilhr2025/BILHR_SS25_DC/Tut2/template/ainex_bilhr_ws/install/servo_service/share/servo_service/package.ps1'
[17.671s] INFO:colcon.colcon_core.shell:Creating package descriptor '/home/bilhr2025/BILHR_SS25_DC/Tut2/template/ainex_bilhr_ws/install/servo_service/share/servo_service/package.dsv'
[17.671s] INFO:colcon.colcon_core.shell:Creating package script '/home/bilhr2025/BILHR_SS25_DC/Tut2/template/ainex_bilhr_ws/install/servo_service/share/servo_service/package.sh'
[17.672s] INFO:colcon.colcon_core.shell:Creating package script '/home/bilhr2025/BILHR_SS25_DC/Tut2/template/ainex_bilhr_ws/install/servo_service/share/servo_service/package.bash'
[17.672s] INFO:colcon.colcon_core.shell:Creating package script '/home/bilhr2025/BILHR_SS25_DC/Tut2/template/ainex_bilhr_ws/install/servo_service/share/servo_service/package.zsh'
[17.673s] Level 1:colcon.colcon_core.environment:create_file_with_runtime_dependencies(/home/bilhr2025/BILHR_SS25_DC/Tut2/template/ainex_bilhr_ws/install/servo_service/share/colcon-core/packages/servo_service)
[17.673s] INFO:colcon.colcon_ros.task.ament_python.build:Building ROS package in '/home/bilhr2025/BILHR_SS25_DC/Tut2/template/ainex_bilhr_ws/src/ainex_motion' with build type 'ament_python'
[17.673s] Level 1:colcon.colcon_core.shell:create_environment_hook('ainex_motion', 'ament_prefix_path')
[17.673s] INFO:colcon.colcon_core.shell:Creating environment hook '/home/bilhr2025/BILHR_SS25_DC/Tut2/template/ainex_bilhr_ws/install/ainex_motion/share/ainex_motion/hook/ament_prefix_path.ps1'
[17.674s] INFO:colcon.colcon_core.shell:Creating environment descriptor '/home/bilhr2025/BILHR_SS25_DC/Tut2/template/ainex_bilhr_ws/install/ainex_motion/share/ainex_motion/hook/ament_prefix_path.dsv'
[17.674s] INFO:colcon.colcon_core.shell:Creating environment hook '/home/bilhr2025/BILHR_SS25_DC/Tut2/template/ainex_bilhr_ws/install/ainex_motion/share/ainex_motion/hook/ament_prefix_path.sh'
[17.675s] INFO:colcon.colcon_core.shell:Skip shell extension 'powershell' for command environment: Not usable outside of PowerShell
[17.675s] DEBUG:colcon.colcon_core.shell:Skip shell extension 'dsv' for command environment
[17.897s] INFO:colcon.colcon_core.task.python.build:Building Python package in '/home/bilhr2025/BILHR_SS25_DC/Tut2/template/ainex_bilhr_ws/src/ainex_motion'
[17.897s] INFO:colcon.colcon_core.shell:Skip shell extension 'powershell' for command environment: Not usable outside of PowerShell
[17.897s] DEBUG:colcon.colcon_core.shell:Skip shell extension 'dsv' for command environment
[18.524s] DEBUG:colcon.colcon_core.event_handler.log_command:Invoking command in '/home/bilhr2025/BILHR_SS25_DC/Tut2/template/ainex_bilhr_ws/build/ainex_motion': AMENT_PREFIX_PATH=/home/bilhr2025/BILHR_SS25_DC/Tut2/template/ainex_bilhr_ws/install/servo_service:${AMENT_PREFIX_PATH} CMAKE_PREFIX_PATH=/home/bilhr2025/BILHR_SS25_DC/Tut2/template/ainex_bilhr_ws/install/servo_service:${CMAKE_PREFIX_PATH} DEBUGINFOD_URLS=https://debuginfod.ubuntu.com LD_LIBRARY_PATH=/home/bilhr2025/BILHR_SS25_DC/Tut2/template/ainex_bilhr_ws/install/servo_service/lib:${LD_LIBRARY_PATH} PYTHONPATH=/home/bilhr2025/BILHR_SS25_DC/Tut2/template/ainex_bilhr_ws/build/ainex_motion/prefix_override:/usr/lib/python3/dist-packages/colcon_core/task/python/colcon_distutils_commands:/home/bilhr2025/BILHR_SS25_DC/Tut2/template/ainex_bilhr_ws/install/ainex_motion/lib/python3.12/site-packages:/home/bilhr2025/BILHR_SS25_DC/Tut2/template/ainex_bilhr_ws/install/servo_service/lib/python3.12/site-packages:${PYTHONPATH} /usr/bin/python3 -W ignore:setup.py install is deprecated -W ignore:easy_install command is deprecated setup.py develop --editable --build-directory /home/bilhr2025/BILHR_SS25_DC/Tut2/template/ainex_bilhr_ws/build/ainex_motion/build --no-deps symlink_data
[19.218s] Level 1:colcon.colcon_core.shell:create_environment_hook('ainex_motion', 'pythonpath_develop')
[19.218s] INFO:colcon.colcon_core.shell:Creating environment hook '/home/bilhr2025/BILHR_SS25_DC/Tut2/template/ainex_bilhr_ws/build/ainex_motion/share/ainex_motion/hook/pythonpath_develop.ps1'
[19.218s] DEBUG:colcon.colcon_core.event_handler.log_command:Invoked command in '/home/bilhr2025/BILHR_SS25_DC/Tut2/template/ainex_bilhr_ws/build/ainex_motion' returned '0': AMENT_PREFIX_PATH=/home/bilhr2025/BILHR_SS25_DC/Tut2/template/ainex_bilhr_ws/install/servo_service:${AMENT_PREFIX_PATH} CMAKE_PREFIX_PATH=/home/bilhr2025/BILHR_SS25_DC/Tut2/template/ainex_bilhr_ws/install/servo_service:${CMAKE_PREFIX_PATH} DEBUGINFOD_URLS=https://debuginfod.ubuntu.com LD_LIBRARY_PATH=/home/bilhr2025/BILHR_SS25_DC/Tut2/template/ainex_bilhr_ws/install/servo_service/lib:${LD_LIBRARY_PATH} PYTHONPATH=/home/bilhr2025/BILHR_SS25_DC/Tut2/template/ainex_bilhr_ws/build/ainex_motion/prefix_override:/usr/lib/python3/dist-packages/colcon_core/task/python/colcon_distutils_commands:/home/bilhr2025/BILHR_SS25_DC/Tut2/template/ainex_bilhr_ws/install/ainex_motion/lib/python3.12/site-packages:/home/bilhr2025/BILHR_SS25_DC/Tut2/template/ainex_bilhr_ws/install/servo_service/lib/python3.12/site-packages:${PYTHONPATH} /usr/bin/python3 -W ignore:setup.py install is deprecated -W ignore:easy_install command is deprecated setup.py develop --editable --build-directory /home/bilhr2025/BILHR_SS25_DC/Tut2/template/ainex_bilhr_ws/build/ainex_motion/build --no-deps symlink_data
[19.219s] INFO:colcon.colcon_core.shell:Creating environment descriptor '/home/bilhr2025/BILHR_SS25_DC/Tut2/template/ainex_bilhr_ws/build/ainex_motion/share/ainex_motion/hook/pythonpath_develop.dsv'
[19.219s] INFO:colcon.colcon_core.shell:Creating environment hook '/home/bilhr2025/BILHR_SS25_DC/Tut2/template/ainex_bilhr_ws/build/ainex_motion/share/ainex_motion/hook/pythonpath_develop.sh'
[19.220s] Level 1:colcon.colcon_core.environment:checking '/home/bilhr2025/BILHR_SS25_DC/Tut2/template/ainex_bilhr_ws/install/ainex_motion' for CMake module files
[19.220s] Level 1:colcon.colcon_core.environment:checking '/home/bilhr2025/BILHR_SS25_DC/Tut2/template/ainex_bilhr_ws/install/ainex_motion' for CMake config files
[19.221s] Level 1:colcon.colcon_core.environment:checking '/home/bilhr2025/BILHR_SS25_DC/Tut2/template/ainex_bilhr_ws/install/ainex_motion/lib'
[19.221s] Level 1:colcon.colcon_core.environment:checking '/home/bilhr2025/BILHR_SS25_DC/Tut2/template/ainex_bilhr_ws/install/ainex_motion/bin'
[19.221s] Level 1:colcon.colcon_core.environment:checking '/home/bilhr2025/BILHR_SS25_DC/Tut2/template/ainex_bilhr_ws/install/ainex_motion/lib/pkgconfig/ainex_motion.pc'
[19.221s] Level 1:colcon.colcon_core.environment:checking '/home/bilhr2025/BILHR_SS25_DC/Tut2/template/ainex_bilhr_ws/install/ainex_motion/lib/python3.12/site-packages'
[19.221s] Level 1:colcon.colcon_core.shell:create_environment_hook('ainex_motion', 'pythonpath')
[19.221s] INFO:colcon.colcon_core.shell:Creating environment hook '/home/bilhr2025/BILHR_SS25_DC/Tut2/template/ainex_bilhr_ws/install/ainex_motion/share/ainex_motion/hook/pythonpath.ps1'
[19.222s] INFO:colcon.colcon_core.shell:Creating environment descriptor '/home/bilhr2025/BILHR_SS25_DC/Tut2/template/ainex_bilhr_ws/install/ainex_motion/share/ainex_motion/hook/pythonpath.dsv'
[19.222s] INFO:colcon.colcon_core.shell:Creating environment hook '/home/bilhr2025/BILHR_SS25_DC/Tut2/template/ainex_bilhr_ws/install/ainex_motion/share/ainex_motion/hook/pythonpath.sh'
[19.223s] Level 1:colcon.colcon_core.environment:checking '/home/bilhr2025/BILHR_SS25_DC/Tut2/template/ainex_bilhr_ws/install/ainex_motion/bin'
[19.223s] Level 1:colcon.colcon_core.environment:create_environment_scripts_only(ainex_motion)
[19.223s] INFO:colcon.colcon_core.shell:Creating package script '/home/bilhr2025/BILHR_SS25_DC/Tut2/template/ainex_bilhr_ws/install/ainex_motion/share/ainex_motion/package.ps1'
[19.224s] INFO:colcon.colcon_core.shell:Creating package descriptor '/home/bilhr2025/BILHR_SS25_DC/Tut2/template/ainex_bilhr_ws/install/ainex_motion/share/ainex_motion/package.dsv'
[19.224s] INFO:colcon.colcon_core.shell:Creating package script '/home/bilhr2025/BILHR_SS25_DC/Tut2/template/ainex_bilhr_ws/install/ainex_motion/share/ainex_motion/package.sh'
[19.225s] INFO:colcon.colcon_core.shell:Creating package script '/home/bilhr2025/BILHR_SS25_DC/Tut2/template/ainex_bilhr_ws/install/ainex_motion/share/ainex_motion/package.bash'
[19.225s] INFO:colcon.colcon_core.shell:Creating package script '/home/bilhr2025/BILHR_SS25_DC/Tut2/template/ainex_bilhr_ws/install/ainex_motion/share/ainex_motion/package.zsh'
[19.225s] Level 1:colcon.colcon_core.environment:create_file_with_runtime_dependencies(/home/bilhr2025/BILHR_SS25_DC/Tut2/template/ainex_bilhr_ws/install/ainex_motion/share/colcon-core/packages/ainex_motion)
[19.226s] DEBUG:colcon.colcon_parallel_executor.executor.parallel:closing loop
[19.226s] DEBUG:colcon.colcon_parallel_executor.executor.parallel:loop closed
[19.226s] DEBUG:colcon.colcon_parallel_executor.executor.parallel:run_until_complete finished with '0'
[19.226s] DEBUG:colcon.colcon_core.event_reactor:joining thread
[19.232s] INFO:colcon.colcon_core.plugin_system:Skipping extension 'colcon_notification.desktop_notification.terminal_notifier': Not used on non-Darwin systems
[19.233s] INFO:colcon.colcon_core.plugin_system:Skipping extension 'colcon_notification.desktop_notification.win32': Not used on non-Windows systems
[19.233s] INFO:colcon.colcon_notification.desktop_notification:Sending desktop notification using 'notify2'
[19.249s] DEBUG:colcon.colcon_core.event_reactor:joined thread
[19.249s] INFO:colcon.colcon_core.shell:Creating prefix script '/home/bilhr2025/BILHR_SS25_DC/Tut2/template/ainex_bilhr_ws/install/local_setup.ps1'
[19.250s] INFO:colcon.colcon_core.shell:Creating prefix util module '/home/bilhr2025/BILHR_SS25_DC/Tut2/template/ainex_bilhr_ws/install/_local_setup_util_ps1.py'
[19.251s] INFO:colcon.colcon_core.shell:Creating prefix chain script '/home/bilhr2025/BILHR_SS25_DC/Tut2/template/ainex_bilhr_ws/install/setup.ps1'
[19.252s] INFO:colcon.colcon_core.shell:Creating prefix script '/home/bilhr2025/BILHR_SS25_DC/Tut2/template/ainex_bilhr_ws/install/local_setup.sh'
[19.253s] INFO:colcon.colcon_core.shell:Creating prefix util module '/home/bilhr2025/BILHR_SS25_DC/Tut2/template/ainex_bilhr_ws/install/_local_setup_util_sh.py'
[19.254s] INFO:colcon.colcon_core.shell:Creating prefix chain script '/home/bilhr2025/BILHR_SS25_DC/Tut2/template/ainex_bilhr_ws/install/setup.sh'
[19.255s] INFO:colcon.colcon_core.shell:Creating prefix script '/home/bilhr2025/BILHR_SS25_DC/Tut2/template/ainex_bilhr_ws/install/local_setup.bash'
[19.255s] INFO:colcon.colcon_core.shell:Creating prefix chain script '/home/bilhr2025/BILHR_SS25_DC/Tut2/template/ainex_bilhr_ws/install/setup.bash'
[19.256s] INFO:colcon.colcon_core.shell:Creating prefix script '/home/bilhr2025/BILHR_SS25_DC/Tut2/template/ainex_bilhr_ws/install/local_setup.zsh'
[19.257s] INFO:colcon.colcon_core.shell:Creating prefix chain script '/home/bilhr2025/BILHR_SS25_DC/Tut2/template/ainex_bilhr_ws/install/setup.zsh'
